[2.041s] Invoking command in '/home/ali/Differentional-robot/Differentional_robot_ws/build/diffdrive_arduino': CMAKE_PREFIX_PATH=${CMAKE_PREFIX_PATH}:/home/ali/perceptron_ws/install/perceptron_driver:/mnt/c/Users/HP/perceptron_ws/install/perceptron_driver:/opt/ros/humble /usr/bin/cmake --build /home/ali/Differentional-robot/Differentional_robot_ws/build/diffdrive_arduino -- -j4 -l4
[2.175s] -- Found ament_cmake: 1.3.14 (/opt/ros/humble/share/ament_cmake/cmake)
[5.519s] -- Override CMake install command with custom implementation using symlinks instead of copying resources
[5.537s] -- Found hardware_interface: 2.53.1 (/opt/ros/humble/share/hardware_interface/cmake)
[6.126s] -- Found rosidl_generator_c: 3.1.8 (/opt/ros/humble/share/rosidl_generator_c/cmake)
[6.134s] -- Found rosidl_adapter: 3.1.8 (/opt/ros/humble/share/rosidl_adapter/cmake)
[6.166s] -- Found rosidl_generator_cpp: 3.1.8 (/opt/ros/humble/share/rosidl_generator_cpp/cmake)
[6.256s] -- Using all available rosidl_typesupport_c: rosidl_typesupport_fastrtps_c;rosidl_typesupport_introspection_c
[6.371s] -- Using all available rosidl_typesupport_cpp: rosidl_typesupport_fastrtps_cpp;rosidl_typesupport_introspection_cpp
[10.575s] -- Found rmw_implementation_cmake: 6.1.2 (/opt/ros/humble/share/rmw_implementation_cmake/cmake)
[10.658s] -- Found rmw_fastrtps_cpp: 6.2.10 (/opt/ros/humble/share/rmw_fastrtps_cpp/cmake)
[10.741s] -- Found TinyXML2 via Config file: TinyXML2_DIR-NOTFOUND
[10.766s] -- Found TinyXML2 via Config file: TinyXML2_DIR-NOTFOUND
[11.174s] -- Found TinyXML2 via Config file: TinyXML2_DIR-NOTFOUND
[11.204s] -- Found TinyXML2 via Config file: TinyXML2_DIR-NOTFOUND
[11.595s] -- Using RMW implementation 'rmw_fastrtps_cpp' as default
[13.150s] -- Found ament_cmake_gtest: 1.3.14 (/opt/ros/humble/share/ament_cmake_gtest/cmake)
[14.436s] -- Configuring done
[14.497s] -- Generating done
[14.518s] -- Build files have been written to: /home/ali/Differentional-robot/Differentional_robot_ws/build/diffdrive_arduino
[14.621s] [ 50%] [32mBuilding CXX object CMakeFiles/diffdrive_arduino.dir/hardware/diffbot_system.cpp.o[0m
[15.407s] In file included from [01m[K/home/ali/Differentional-robot/Differentional_robot_ws/src/diffdrive_arduino/hardware/include/diffdrive_arduino/diffbot_system.hpp:34[m[K,
[15.407s]                  from [01m[K/home/ali/Differentional-robot/Differentional_robot_ws/src/diffdrive_arduino/hardware/diffbot_system.cpp:15[m[K:
[15.408s] [01m[K/home/ali/Differentional-robot/Differentional_robot_ws/src/diffdrive_arduino/hardware/include/diffdrive_arduino/arduino_comms.hpp:7:10:[m[K [01;31m[Kfatal error: [m[Klibserial/SerialPort.h: No such file or directory
[15.408s]     7 | #include [01;31m[K<libserial/SerialPort.h>[m[K
[15.408s]       |          [01;31m[K^~~~~~~~~~~~~~~~~~~~~~~~[m[K
[15.408s] compilation terminated.
[15.413s] gmake[2]: *** [CMakeFiles/diffdrive_arduino.dir/build.make:76: CMakeFiles/diffdrive_arduino.dir/hardware/diffbot_system.cpp.o] Error 1
[15.413s] gmake[1]: *** [CMakeFiles/Makefile2:137: CMakeFiles/diffdrive_arduino.dir/all] Error 2
[15.415s] gmake: *** [Makefile:146: all] Error 2
[15.423s] Invoked command in '/home/ali/Differentional-robot/Differentional_robot_ws/build/diffdrive_arduino' returned '2': CMAKE_PREFIX_PATH=${CMAKE_PREFIX_PATH}:/home/ali/perceptron_ws/install/perceptron_driver:/mnt/c/Users/HP/perceptron_ws/install/perceptron_driver:/opt/ros/humble /usr/bin/cmake --build /home/ali/Differentional-robot/Differentional_robot_ws/build/diffdrive_arduino -- -j4 -l4
