[2.352s] Invoking command in '/home/ali/Differentional-robot/Differentional_robot_ws/build/articubot_one': CMAKE_PREFIX_PATH=/home/ali/perceptron_ws/install/perceptron_driver:/mnt/c/Users/HP/perceptron_ws/install/perceptron_driver:/opt/ros/humble:${CMAKE_PREFIX_PATH} /usr/bin/cmake --build /home/ali/Differentional-robot/Differentional_robot_ws/build/articubot_one -- -j4 -l4
[2.622s] Invoked command in '/home/ali/Differentional-robot/Differentional_robot_ws/build/articubot_one' returned '0': CMAKE_PREFIX_PATH=/home/ali/perceptron_ws/install/perceptron_driver:/mnt/c/Users/HP/perceptron_ws/install/perceptron_driver:/opt/ros/humble:${CMAKE_PREFIX_PATH} /usr/bin/cmake --build /home/ali/Differentional-robot/Differentional_robot_ws/build/articubot_one -- -j4 -l4
[2.702s] Invoking command in '/home/ali/Differentional-robot/Differentional_robot_ws/build/articubot_one': CMAKE_PREFIX_PATH=/home/ali/perceptron_ws/install/perceptron_driver:/mnt/c/Users/HP/perceptron_ws/install/perceptron_driver:/opt/ros/humble:${CMAKE_PREFIX_PATH} /usr/bin/cmake --install /home/ali/Differentional-robot/Differentional_robot_ws/build/articubot_one
[2.715s] -- Install configuration: ""
[2.718s] -- Execute custom install script
[2.722s] -- Up-to-date symlink: /home/ali/Differentional-robot/Differentional_robot_ws/install/articubot_one/share/articubot_one/config/drive_bot.rviz
[2.722s] -- Up-to-date symlink: /home/ali/Differentional-robot/Differentional_robot_ws/install/articubot_one/share/articubot_one/config/empty.yaml
[2.724s] -- Up-to-date symlink: /home/ali/Differentional-robot/Differentional_robot_ws/install/articubot_one/share/articubot_one/config/joystick.yaml
[2.729s] -- Up-to-date symlink: /home/ali/Differentional-robot/Differentional_robot_ws/install/articubot_one/share/articubot_one/config/main.rviz
[2.730s] -- Up-to-date symlink: /home/ali/Differentional-robot/Differentional_robot_ws/install/articubot_one/share/articubot_one/config/map.rviz
[2.732s] -- Up-to-date symlink: /home/ali/Differentional-robot/Differentional_robot_ws/install/articubot_one/share/articubot_one/config/mapper_params_online_async.yaml
[2.733s] -- Up-to-date symlink: /home/ali/Differentional-robot/Differentional_robot_ws/install/articubot_one/share/articubot_one/config/my_controllers.yaml
[2.733s] -- Up-to-date symlink: /home/ali/Differentional-robot/Differentional_robot_ws/install/articubot_one/share/articubot_one/config/nav2_params.yaml
[2.734s] -- Up-to-date symlink: /home/ali/Differentional-robot/Differentional_robot_ws/install/articubot_one/share/articubot_one/config/twist_mux.yaml
[2.734s] -- Up-to-date symlink: /home/ali/Differentional-robot/Differentional_robot_ws/install/articubot_one/share/articubot_one/config/view_bot.rviz
[2.735s] -- Up-to-date symlink: /home/ali/Differentional-robot/Differentional_robot_ws/install/articubot_one/share/articubot_one/description/inertial_macros.xacro
[2.735s] -- Up-to-date symlink: /home/ali/Differentional-robot/Differentional_robot_ws/install/articubot_one/share/articubot_one/description/lidar.xacro
[2.735s] -- Up-to-date symlink: /home/ali/Differentional-robot/Differentional_robot_ws/install/articubot_one/share/articubot_one/description/meshes/base_link.STL
[2.749s] -- Up-to-date symlink: /home/ali/Differentional-robot/Differentional_robot_ws/install/articubot_one/share/articubot_one/description/meshes/caster_Link.STL
[2.750s] -- Up-to-date symlink: /home/ali/Differentional-robot/Differentional_robot_ws/install/articubot_one/share/articubot_one/description/meshes/imu_Link.STL
[2.750s] -- Up-to-date symlink: /home/ali/Differentional-robot/Differentional_robot_ws/install/articubot_one/share/articubot_one/description/meshes/lidar_Link.STL
[2.751s] -- Up-to-date symlink: /home/ali/Differentional-robot/Differentional_robot_ws/install/articubot_one/share/articubot_one/description/meshes/wheel_left_Link.STL
[2.751s] -- Up-to-date symlink: /home/ali/Differentional-robot/Differentional_robot_ws/install/articubot_one/share/articubot_one/description/meshes/wheel_right_Link.STL
[2.751s] -- Up-to-date symlink: /home/ali/Differentional-robot/Differentional_robot_ws/install/articubot_one/share/articubot_one/description/robot.urdf.xacro
[2.751s] -- Up-to-date symlink: /home/ali/Differentional-robot/Differentional_robot_ws/install/articubot_one/share/articubot_one/description/robot_core.xacro
[2.751s] -- Up-to-date symlink: /home/ali/Differentional-robot/Differentional_robot_ws/install/articubot_one/share/articubot_one/description/ros2_control.xacro
[2.752s] -- Up-to-date symlink: /home/ali/Differentional-robot/Differentional_robot_ws/install/articubot_one/share/articubot_one/launch/joystick.launch.py
[2.752s] -- Up-to-date symlink: /home/ali/Differentional-robot/Differentional_robot_ws/install/articubot_one/share/articubot_one/launch/launch_robot.launch.py
[2.752s] -- Up-to-date symlink: /home/ali/Differentional-robot/Differentional_robot_ws/install/articubot_one/share/articubot_one/launch/localization_launch.py
[2.753s] -- Up-to-date symlink: /home/ali/Differentional-robot/Differentional_robot_ws/install/articubot_one/share/articubot_one/launch/navigation_launch.py
[2.755s] -- Up-to-date symlink: /home/ali/Differentional-robot/Differentional_robot_ws/install/articubot_one/share/articubot_one/launch/online_async_launch.py
[2.765s] -- Up-to-date symlink: /home/ali/Differentional-robot/Differentional_robot_ws/install/articubot_one/share/articubot_one/launch/rplidar.launch.py
[2.766s] -- Up-to-date symlink: /home/ali/Differentional-robot/Differentional_robot_ws/install/articubot_one/share/articubot_one/launch/rsp.launch.py
[2.766s] -- Up-to-date symlink: /home/ali/Differentional-robot/Differentional_robot_ws/install/articubot_one/share/articubot_one/meshes/base_link.STL
[2.767s] -- Up-to-date symlink: /home/ali/Differentional-robot/Differentional_robot_ws/install/articubot_one/share/articubot_one/meshes/caster_Link.STL
[2.767s] -- Up-to-date symlink: /home/ali/Differentional-robot/Differentional_robot_ws/install/articubot_one/share/articubot_one/meshes/imu_Link.STL
[2.767s] -- Up-to-date symlink: /home/ali/Differentional-robot/Differentional_robot_ws/install/articubot_one/share/articubot_one/meshes/lidar_Link.STL
[2.767s] -- Up-to-date symlink: /home/ali/Differentional-robot/Differentional_robot_ws/install/articubot_one/share/articubot_one/meshes/wheel_left_Link.STL
[2.767s] -- Up-to-date symlink: /home/ali/Differentional-robot/Differentional_robot_ws/install/articubot_one/share/articubot_one/meshes/wheel_right_Link.STL
[2.768s] -- Up-to-date symlink: /home/ali/Differentional-robot/Differentional_robot_ws/install/articubot_one/share/ament_index/resource_index/package_run_dependencies/articubot_one
[2.768s] -- Up-to-date symlink: /home/ali/Differentional-robot/Differentional_robot_ws/install/articubot_one/share/ament_index/resource_index/parent_prefix_path/articubot_one
[2.768s] -- Up-to-date symlink: /home/ali/Differentional-robot/Differentional_robot_ws/install/articubot_one/share/articubot_one/environment/ament_prefix_path.sh
[2.769s] -- Up-to-date symlink: /home/ali/Differentional-robot/Differentional_robot_ws/install/articubot_one/share/articubot_one/environment/ament_prefix_path.dsv
[2.785s] -- Up-to-date symlink: /home/ali/Differentional-robot/Differentional_robot_ws/install/articubot_one/share/articubot_one/environment/path.sh
[2.788s] -- Up-to-date symlink: /home/ali/Differentional-robot/Differentional_robot_ws/install/articubot_one/share/articubot_one/environment/path.dsv
[2.788s] -- Up-to-date symlink: /home/ali/Differentional-robot/Differentional_robot_ws/install/articubot_one/share/articubot_one/local_setup.bash
[2.802s] -- Up-to-date symlink: /home/ali/Differentional-robot/Differentional_robot_ws/install/articubot_one/share/articubot_one/local_setup.sh
[2.802s] -- Up-to-date symlink: /home/ali/Differentional-robot/Differentional_robot_ws/install/articubot_one/share/articubot_one/local_setup.zsh
[2.803s] -- Up-to-date symlink: /home/ali/Differentional-robot/Differentional_robot_ws/install/articubot_one/share/articubot_one/local_setup.dsv
[2.803s] -- Symlinking: /home/ali/Differentional-robot/Differentional_robot_ws/install/articubot_one/share/articubot_one/package.dsv
[2.838s] -- Up-to-date symlink: /home/ali/Differentional-robot/Differentional_robot_ws/install/articubot_one/share/ament_index/resource_index/packages/articubot_one
[2.838s] -- Up-to-date symlink: /home/ali/Differentional-robot/Differentional_robot_ws/install/articubot_one/share/articubot_one/cmake/articubot_oneConfig.cmake
[2.839s] -- Up-to-date symlink: /home/ali/Differentional-robot/Differentional_robot_ws/install/articubot_one/share/articubot_one/cmake/articubot_oneConfig-version.cmake
[2.839s] -- Up-to-date symlink: /home/ali/Differentional-robot/Differentional_robot_ws/install/articubot_one/share/articubot_one/package.xml
[2.878s] Invoked command in '/home/ali/Differentional-robot/Differentional_robot_ws/build/articubot_one' returned '0': CMAKE_PREFIX_PATH=/home/ali/perceptron_ws/install/perceptron_driver:/mnt/c/Users/HP/perceptron_ws/install/perceptron_driver:/opt/ros/humble:${CMAKE_PREFIX_PATH} /usr/bin/cmake --install /home/ali/Differentional-robot/Differentional_robot_ws/build/articubot_one
