[1.479s] Invoking command in '/home/ali/Differentional-robot/Differentional_robot_ws/build/rplidar_ros': CMAKE_PREFIX_PATH=/home/ali/perceptron_ws/install/perceptron_driver:/mnt/c/Users/HP/perceptron_ws/install/perceptron_driver:/opt/ros/humble:${CMAKE_PREFIX_PATH} /usr/bin/cmake --build /home/ali/Differentional-robot/Differentional_robot_ws/build/rplidar_ros -- -j4 -l4
[1.978s] [  5%] Built target rplidar_client
[2.092s] [ 97%] Built target rplidar_composition
[2.093s] [100%] Built target rplidar_node
[2.144s] Invoked command in '/home/ali/Differentional-robot/Differentional_robot_ws/build/rplidar_ros' returned '0': CMAKE_PREFIX_PATH=/home/ali/perceptron_ws/install/perceptron_driver:/mnt/c/Users/HP/perceptron_ws/install/perceptron_driver:/opt/ros/humble:${CMAKE_PREFIX_PATH} /usr/bin/cmake --build /home/ali/Differentional-robot/Differentional_robot_ws/build/rplidar_ros -- -j4 -l4
[2.149s] Invoking command in '/home/ali/Differentional-robot/Differentional_robot_ws/build/rplidar_ros': CMAKE_PREFIX_PATH=/home/ali/perceptron_ws/install/perceptron_driver:/mnt/c/Users/HP/perceptron_ws/install/perceptron_driver:/opt/ros/humble:${CMAKE_PREFIX_PATH} /usr/bin/cmake --install /home/ali/Differentional-robot/Differentional_robot_ws/build/rplidar_ros
[2.201s] -- Install configuration: ""
[2.202s] -- Execute custom install script
[2.202s] -- Up-to-date symlink: /home/ali/Differentional-robot/Differentional_robot_ws/install/rplidar_ros/share/rplidar_ros/launch/rplidar_a1_launch.py
[2.212s] -- Up-to-date symlink: /home/ali/Differentional-robot/Differentional_robot_ws/install/rplidar_ros/share/rplidar_ros/rviz/rplidar_ros.rviz
[2.218s] -- Up-to-date symlink: /home/ali/Differentional-robot/Differentional_robot_ws/install/rplidar_ros/lib/rplidar_ros/rplidar_node
[2.219s] -- Up-to-date symlink: /home/ali/Differentional-robot/Differentional_robot_ws/install/rplidar_ros/lib/rplidar_ros/rplidar_composition
[2.219s] -- Up-to-date symlink: /home/ali/Differentional-robot/Differentional_robot_ws/install/rplidar_ros/lib/rplidar_ros/rplidar_client
[2.223s] -- Up-to-date symlink: /home/ali/Differentional-robot/Differentional_robot_ws/install/rplidar_ros/share/ament_index/resource_index/package_run_dependencies/rplidar_ros
[2.224s] -- Up-to-date symlink: /home/ali/Differentional-robot/Differentional_robot_ws/install/rplidar_ros/share/ament_index/resource_index/parent_prefix_path/rplidar_ros
[2.236s] -- Up-to-date symlink: /home/ali/Differentional-robot/Differentional_robot_ws/install/rplidar_ros/share/rplidar_ros/environment/ament_prefix_path.sh
[2.236s] -- Up-to-date symlink: /home/ali/Differentional-robot/Differentional_robot_ws/install/rplidar_ros/share/rplidar_ros/environment/ament_prefix_path.dsv
[2.238s] -- Up-to-date symlink: /home/ali/Differentional-robot/Differentional_robot_ws/install/rplidar_ros/share/rplidar_ros/environment/path.sh
[2.238s] -- Up-to-date symlink: /home/ali/Differentional-robot/Differentional_robot_ws/install/rplidar_ros/share/rplidar_ros/environment/path.dsv
[2.238s] -- Up-to-date symlink: /home/ali/Differentional-robot/Differentional_robot_ws/install/rplidar_ros/share/rplidar_ros/local_setup.bash
[2.245s] -- Up-to-date symlink: /home/ali/Differentional-robot/Differentional_robot_ws/install/rplidar_ros/share/rplidar_ros/local_setup.sh
[2.249s] -- Up-to-date symlink: /home/ali/Differentional-robot/Differentional_robot_ws/install/rplidar_ros/share/rplidar_ros/local_setup.zsh
[2.249s] -- Up-to-date symlink: /home/ali/Differentional-robot/Differentional_robot_ws/install/rplidar_ros/share/rplidar_ros/local_setup.dsv
[2.250s] -- Symlinking: /home/ali/Differentional-robot/Differentional_robot_ws/install/rplidar_ros/share/rplidar_ros/package.dsv
[2.300s] -- Up-to-date symlink: /home/ali/Differentional-robot/Differentional_robot_ws/install/rplidar_ros/share/ament_index/resource_index/packages/rplidar_ros
[2.304s] -- Up-to-date symlink: /home/ali/Differentional-robot/Differentional_robot_ws/install/rplidar_ros/share/rplidar_ros/cmake/ament_cmake_export_dependencies-extras.cmake
[2.306s] -- Up-to-date symlink: /home/ali/Differentional-robot/Differentional_robot_ws/install/rplidar_ros/share/rplidar_ros/cmake/ament_cmake_export_include_directories-extras.cmake
[2.309s] -- Up-to-date symlink: /home/ali/Differentional-robot/Differentional_robot_ws/install/rplidar_ros/share/rplidar_ros/cmake/rplidar_rosConfig.cmake
[2.310s] -- Up-to-date symlink: /home/ali/Differentional-robot/Differentional_robot_ws/install/rplidar_ros/share/rplidar_ros/cmake/rplidar_rosConfig-version.cmake
[2.314s] -- Up-to-date symlink: /home/ali/Differentional-robot/Differentional_robot_ws/install/rplidar_ros/share/rplidar_ros/package.xml
[2.539s] Invoked command in '/home/ali/Differentional-robot/Differentional_robot_ws/build/rplidar_ros' returned '0': CMAKE_PREFIX_PATH=/home/ali/perceptron_ws/install/perceptron_driver:/mnt/c/Users/HP/perceptron_ws/install/perceptron_driver:/opt/ros/humble:${CMAKE_PREFIX_PATH} /usr/bin/cmake --install /home/ali/Differentional-robot/Differentional_robot_ws/build/rplidar_ros
