[0.883s] Invoking command in '/home/ali/Differentional-robot/Differentional_robot_ws/build/serial': CMAKE_PREFIX_PATH=/home/ali/perceptron_ws/install/perceptron_driver:/mnt/c/Users/HP/perceptron_ws/install/perceptron_driver:/opt/ros/humble:${CMAKE_PREFIX_PATH} /usr/bin/cmake --build /home/ali/Differentional-robot/Differentional_robot_ws/build/serial -- -j4 -l4
[1.186s] [ 28%] Built target serial
[1.189s] [ 42%] Built target gtest_main
[1.190s] [ 57%] Built target gtest
[1.337s] [ 71%] Built target serial-test
[1.339s] [ 85%] Built target serial_example
[1.383s] [100%] Built target serial-test-timer
[1.615s] Invoked command in '/home/ali/Differentional-robot/Differentional_robot_ws/build/serial' returned '0': CMAKE_PREFIX_PATH=/home/ali/perceptron_ws/install/perceptron_driver:/mnt/c/Users/HP/perceptron_ws/install/perceptron_driver:/opt/ros/humble:${CMAKE_PREFIX_PATH} /usr/bin/cmake --build /home/ali/Differentional-robot/Differentional_robot_ws/build/serial -- -j4 -l4
[1.621s] Invoking command in '/home/ali/Differentional-robot/Differentional_robot_ws/build/serial': CMAKE_PREFIX_PATH=/home/ali/perceptron_ws/install/perceptron_driver:/mnt/c/Users/HP/perceptron_ws/install/perceptron_driver:/opt/ros/humble:${CMAKE_PREFIX_PATH} /usr/bin/cmake --install /home/ali/Differentional-robot/Differentional_robot_ws/build/serial
[1.651s] -- Install configuration: ""
[1.666s] -- Execute custom install script
[1.676s] -- Up-to-date symlink: /home/ali/Differentional-robot/Differentional_robot_ws/install/serial/lib/libserial.a
[1.684s] -- Up-to-date symlink: /home/ali/Differentional-robot/Differentional_robot_ws/install/serial/include/serial/serial.h
[1.684s] -- Up-to-date symlink: /home/ali/Differentional-robot/Differentional_robot_ws/install/serial/include/serial/v8stdint.h
[1.685s] -- Up-to-date symlink: /home/ali/Differentional-robot/Differentional_robot_ws/install/serial/share/serial/environment/library_path.sh
[1.685s] -- Up-to-date symlink: /home/ali/Differentional-robot/Differentional_robot_ws/install/serial/share/serial/environment/library_path.dsv
[1.687s] -- Up-to-date symlink: /home/ali/Differentional-robot/Differentional_robot_ws/install/serial/share/ament_index/resource_index/package_run_dependencies/serial
[1.687s] -- Up-to-date symlink: /home/ali/Differentional-robot/Differentional_robot_ws/install/serial/share/ament_index/resource_index/parent_prefix_path/serial
[1.688s] -- Up-to-date symlink: /home/ali/Differentional-robot/Differentional_robot_ws/install/serial/share/serial/environment/ament_prefix_path.sh
[1.688s] -- Up-to-date symlink: /home/ali/Differentional-robot/Differentional_robot_ws/install/serial/share/serial/environment/ament_prefix_path.dsv
[1.689s] -- Up-to-date symlink: /home/ali/Differentional-robot/Differentional_robot_ws/install/serial/share/serial/environment/path.sh
[1.689s] -- Up-to-date symlink: /home/ali/Differentional-robot/Differentional_robot_ws/install/serial/share/serial/environment/path.dsv
[1.689s] -- Up-to-date symlink: /home/ali/Differentional-robot/Differentional_robot_ws/install/serial/share/serial/local_setup.bash
[1.689s] -- Up-to-date symlink: /home/ali/Differentional-robot/Differentional_robot_ws/install/serial/share/serial/local_setup.sh
[1.690s] -- Up-to-date symlink: /home/ali/Differentional-robot/Differentional_robot_ws/install/serial/share/serial/local_setup.zsh
[1.690s] -- Up-to-date symlink: /home/ali/Differentional-robot/Differentional_robot_ws/install/serial/share/serial/local_setup.dsv
[1.690s] -- Symlinking: /home/ali/Differentional-robot/Differentional_robot_ws/install/serial/share/serial/package.dsv
[1.731s] -- Up-to-date symlink: /home/ali/Differentional-robot/Differentional_robot_ws/install/serial/share/ament_index/resource_index/packages/serial
[1.732s] -- Up-to-date symlink: /home/ali/Differentional-robot/Differentional_robot_ws/install/serial/share/serial/cmake/ament_cmake_export_include_directories-extras.cmake
[1.741s] -- Up-to-date symlink: /home/ali/Differentional-robot/Differentional_robot_ws/install/serial/share/serial/cmake/ament_cmake_export_libraries-extras.cmake
[1.745s] -- Up-to-date symlink: /home/ali/Differentional-robot/Differentional_robot_ws/install/serial/share/serial/cmake/serialConfig.cmake
[1.746s] -- Up-to-date symlink: /home/ali/Differentional-robot/Differentional_robot_ws/install/serial/share/serial/cmake/serialConfig-version.cmake
[1.746s] -- Up-to-date symlink: /home/ali/Differentional-robot/Differentional_robot_ws/install/serial/share/serial/package.xml
[1.778s] Invoked command in '/home/ali/Differentional-robot/Differentional_robot_ws/build/serial' returned '0': CMAKE_PREFIX_PATH=/home/ali/perceptron_ws/install/perceptron_driver:/mnt/c/Users/HP/perceptron_ws/install/perceptron_driver:/opt/ros/humble:${CMAKE_PREFIX_PATH} /usr/bin/cmake --install /home/ali/Differentional-robot/Differentional_robot_ws/build/serial
