[0.831s] Invoking command in '/home/ali/Differentional-robot/Differentional_robot_ws/build/serial': CMAKE_PREFIX_PATH=/home/ali/perceptron_ws/install/perceptron_driver:/mnt/c/Users/HP/perceptron_ws/install/perceptron_driver:/opt/ros/humble:${CMAKE_PREFIX_PATH} /usr/bin/cmake --build /home/ali/Differentional-robot/Differentional_robot_ws/build/serial -- -j4 -l4
[1.162s] [ 14%] Built target gtest_main
[1.177s] [ 28%] Built target gtest
[1.193s] [ 57%] Built target serial
[1.316s] [ 71%] Built target serial-test-timer
[1.326s] [ 85%] Built target serial_example
[1.342s] [100%] Built target serial-test
[1.433s] Invoked command in '/home/ali/Differentional-robot/Differentional_robot_ws/build/serial' returned '0': CMAKE_PREFIX_PATH=/home/ali/perceptron_ws/install/perceptron_driver:/mnt/c/Users/HP/perceptron_ws/install/perceptron_driver:/opt/ros/humble:${CMAKE_PREFIX_PATH} /usr/bin/cmake --build /home/ali/Differentional-robot/Differentional_robot_ws/build/serial -- -j4 -l4
[1.443s] Invoking command in '/home/ali/Differentional-robot/Differentional_robot_ws/build/serial': CMAKE_PREFIX_PATH=/home/ali/perceptron_ws/install/perceptron_driver:/mnt/c/Users/HP/perceptron_ws/install/perceptron_driver:/opt/ros/humble:${CMAKE_PREFIX_PATH} /usr/bin/cmake --install /home/ali/Differentional-robot/Differentional_robot_ws/build/serial
[1.622s] -- Install configuration: ""
[1.625s] -- Execute custom install script
[1.625s] -- Up-to-date symlink: /home/ali/Differentional-robot/Differentional_robot_ws/install/serial/lib/libserial.a
[1.627s] -- Up-to-date symlink: /home/ali/Differentional-robot/Differentional_robot_ws/install/serial/include/serial/serial.h
[1.630s] -- Up-to-date symlink: /home/ali/Differentional-robot/Differentional_robot_ws/install/serial/include/serial/v8stdint.h
[1.639s] -- Up-to-date symlink: /home/ali/Differentional-robot/Differentional_robot_ws/install/serial/share/serial/environment/library_path.sh
[1.640s] -- Up-to-date symlink: /home/ali/Differentional-robot/Differentional_robot_ws/install/serial/share/serial/environment/library_path.dsv
[1.641s] -- Up-to-date symlink: /home/ali/Differentional-robot/Differentional_robot_ws/install/serial/share/ament_index/resource_index/package_run_dependencies/serial
[1.642s] -- Up-to-date symlink: /home/ali/Differentional-robot/Differentional_robot_ws/install/serial/share/ament_index/resource_index/parent_prefix_path/serial
[1.642s] -- Up-to-date symlink: /home/ali/Differentional-robot/Differentional_robot_ws/install/serial/share/serial/environment/ament_prefix_path.sh
[1.643s] -- Up-to-date symlink: /home/ali/Differentional-robot/Differentional_robot_ws/install/serial/share/serial/environment/ament_prefix_path.dsv
[1.644s] -- Up-to-date symlink: /home/ali/Differentional-robot/Differentional_robot_ws/install/serial/share/serial/environment/path.sh
[1.644s] -- Up-to-date symlink: /home/ali/Differentional-robot/Differentional_robot_ws/install/serial/share/serial/environment/path.dsv
[1.645s] -- Up-to-date symlink: /home/ali/Differentional-robot/Differentional_robot_ws/install/serial/share/serial/local_setup.bash
[1.645s] -- Up-to-date symlink: /home/ali/Differentional-robot/Differentional_robot_ws/install/serial/share/serial/local_setup.sh
[1.645s] -- Up-to-date symlink: /home/ali/Differentional-robot/Differentional_robot_ws/install/serial/share/serial/local_setup.zsh
[1.645s] -- Up-to-date symlink: /home/ali/Differentional-robot/Differentional_robot_ws/install/serial/share/serial/local_setup.dsv
[1.645s] -- Symlinking: /home/ali/Differentional-robot/Differentional_robot_ws/install/serial/share/serial/package.dsv
[1.646s] -- Up-to-date symlink: /home/ali/Differentional-robot/Differentional_robot_ws/install/serial/share/ament_index/resource_index/packages/serial
[1.646s] -- Up-to-date symlink: /home/ali/Differentional-robot/Differentional_robot_ws/install/serial/share/serial/cmake/ament_cmake_export_include_directories-extras.cmake
[1.646s] -- Up-to-date symlink: /home/ali/Differentional-robot/Differentional_robot_ws/install/serial/share/serial/cmake/ament_cmake_export_libraries-extras.cmake
[1.647s] -- Up-to-date symlink: /home/ali/Differentional-robot/Differentional_robot_ws/install/serial/share/serial/cmake/serialConfig.cmake
[1.648s] -- Up-to-date symlink: /home/ali/Differentional-robot/Differentional_robot_ws/install/serial/share/serial/cmake/serialConfig-version.cmake
[1.648s] -- Up-to-date symlink: /home/ali/Differentional-robot/Differentional_robot_ws/install/serial/share/serial/package.xml
[1.737s] Invoked command in '/home/ali/Differentional-robot/Differentional_robot_ws/build/serial' returned '0': CMAKE_PREFIX_PATH=/home/ali/perceptron_ws/install/perceptron_driver:/mnt/c/Users/HP/perceptron_ws/install/perceptron_driver:/opt/ros/humble:${CMAKE_PREFIX_PATH} /usr/bin/cmake --install /home/ali/Differentional-robot/Differentional_robot_ws/build/serial
