[2.145s] Invoking command in '/home/ali/Differentional-robot/Differentional_robot_ws/build/diffdrive_arduino': CMAKE_PREFIX_PATH=/home/ali/perceptron_ws/install/perceptron_driver:/mnt/c/Users/HP/perceptron_ws/install/perceptron_driver:/opt/ros/humble:${CMAKE_PREFIX_PATH} /usr/bin/cmake --build /home/ali/Differentional-robot/Differentional_robot_ws/build/diffdrive_arduino -- -j4 -l4
[2.322s] [35m[1mConsolidate compiler generated dependencies of target diffdrive_arduino[0m
[2.437s] [ 50%] [32mBuilding CXX object CMakeFiles/diffdrive_arduino.dir/hardware/diffbot_system.cpp.o[0m
[16.861s] [100%] [32m[1mLinking CXX shared library libdiffdrive_arduino.so[0m
[17.835s] [100%] Built target diffdrive_arduino
[17.878s] Invoked command in '/home/ali/Differentional-robot/Differentional_robot_ws/build/diffdrive_arduino' returned '0': CMAKE_PREFIX_PATH=/home/ali/perceptron_ws/install/perceptron_driver:/mnt/c/Users/HP/perceptron_ws/install/perceptron_driver:/opt/ros/humble:${CMAKE_PREFIX_PATH} /usr/bin/cmake --build /home/ali/Differentional-robot/Differentional_robot_ws/build/diffdrive_arduino -- -j4 -l4
[17.885s] Invoking command in '/home/ali/Differentional-robot/Differentional_robot_ws/build/diffdrive_arduino': CMAKE_PREFIX_PATH=/home/ali/perceptron_ws/install/perceptron_driver:/mnt/c/Users/HP/perceptron_ws/install/perceptron_driver:/opt/ros/humble:${CMAKE_PREFIX_PATH} /usr/bin/cmake --install /home/ali/Differentional-robot/Differentional_robot_ws/build/diffdrive_arduino
[17.908s] -- Install configuration: ""
[17.909s] -- Execute custom install script
[17.910s] -- Up-to-date symlink: /home/ali/Differentional-robot/Differentional_robot_ws/install/diffdrive_arduino/share/diffdrive_arduino//diffdrive_arduino.xml
[17.912s] -- Up-to-date symlink: /home/ali/Differentional-robot/Differentional_robot_ws/install/diffdrive_arduino/include/diffdrive_arduino/diffdrive_arduino/arduino_comms.hpp
[17.913s] -- Up-to-date symlink: /home/ali/Differentional-robot/Differentional_robot_ws/install/diffdrive_arduino/include/diffdrive_arduino/diffdrive_arduino/diffbot_system.hpp
[17.914s] -- Up-to-date symlink: /home/ali/Differentional-robot/Differentional_robot_ws/install/diffdrive_arduino/include/diffdrive_arduino/diffdrive_arduino/visibility_control.h
[17.915s] -- Up-to-date symlink: /home/ali/Differentional-robot/Differentional_robot_ws/install/diffdrive_arduino/include/diffdrive_arduino/diffdrive_arduino/wheel.hpp
[17.915s] -- Up-to-date symlink: /home/ali/Differentional-robot/Differentional_robot_ws/install/diffdrive_arduino/share/diffdrive_arduino/launch/view_robot.launch.py
[17.916s] -- Up-to-date symlink: /home/ali/Differentional-robot/Differentional_robot_ws/install/diffdrive_arduino/share/diffdrive_arduino/ros2_control/diffbot.ros2_control.xacro
[17.917s] -- Up-to-date symlink: /home/ali/Differentional-robot/Differentional_robot_ws/install/diffdrive_arduino/share/diffdrive_arduino/urdf/diffbot.materials.xacro
[17.918s] -- Up-to-date symlink: /home/ali/Differentional-robot/Differentional_robot_ws/install/diffdrive_arduino/share/diffdrive_arduino/urdf/diffbot.urdf.xacro
[17.918s] -- Up-to-date symlink: /home/ali/Differentional-robot/Differentional_robot_ws/install/diffdrive_arduino/share/diffdrive_arduino/urdf/diffbot_description.urdf.xacro
[17.920s] -- Up-to-date symlink: /home/ali/Differentional-robot/Differentional_robot_ws/install/diffdrive_arduino/share/diffdrive_arduino/rviz/diffbot.rviz
[17.920s] -- Up-to-date symlink: /home/ali/Differentional-robot/Differentional_robot_ws/install/diffdrive_arduino/share/diffdrive_arduino/rviz/diffbot_view.rviz
[17.921s] -- Up-to-date symlink: /home/ali/Differentional-robot/Differentional_robot_ws/install/diffdrive_arduino/share/diffdrive_arduino/launch/diffbot.launch.py
[17.922s] -- Up-to-date symlink: /home/ali/Differentional-robot/Differentional_robot_ws/install/diffdrive_arduino/share/diffdrive_arduino/config/diffbot_controllers.yaml
[17.923s] -- Up-to-date symlink: /home/ali/Differentional-robot/Differentional_robot_ws/install/diffdrive_arduino/share/diffdrive_arduino/environment/library_path.sh
[17.924s] -- Up-to-date symlink: /home/ali/Differentional-robot/Differentional_robot_ws/install/diffdrive_arduino/share/diffdrive_arduino/environment/library_path.dsv
[17.926s] -- Up-to-date symlink: /home/ali/Differentional-robot/Differentional_robot_ws/install/diffdrive_arduino/share/ament_index/resource_index/package_run_dependencies/diffdrive_arduino
[17.927s] -- Up-to-date symlink: /home/ali/Differentional-robot/Differentional_robot_ws/install/diffdrive_arduino/share/ament_index/resource_index/parent_prefix_path/diffdrive_arduino
[17.928s] -- Up-to-date symlink: /home/ali/Differentional-robot/Differentional_robot_ws/install/diffdrive_arduino/share/diffdrive_arduino/environment/ament_prefix_path.sh
[17.929s] -- Up-to-date symlink: /home/ali/Differentional-robot/Differentional_robot_ws/install/diffdrive_arduino/share/diffdrive_arduino/environment/ament_prefix_path.dsv
[17.929s] -- Up-to-date symlink: /home/ali/Differentional-robot/Differentional_robot_ws/install/diffdrive_arduino/share/diffdrive_arduino/environment/path.sh
[17.929s] -- Up-to-date symlink: /home/ali/Differentional-robot/Differentional_robot_ws/install/diffdrive_arduino/share/diffdrive_arduino/environment/path.dsv
[17.929s] -- Up-to-date symlink: /home/ali/Differentional-robot/Differentional_robot_ws/install/diffdrive_arduino/share/diffdrive_arduino/local_setup.bash
[17.931s] -- Up-to-date symlink: /home/ali/Differentional-robot/Differentional_robot_ws/install/diffdrive_arduino/share/diffdrive_arduino/local_setup.sh
[17.931s] -- Up-to-date symlink: /home/ali/Differentional-robot/Differentional_robot_ws/install/diffdrive_arduino/share/diffdrive_arduino/local_setup.zsh
[17.932s] -- Up-to-date symlink: /home/ali/Differentional-robot/Differentional_robot_ws/install/diffdrive_arduino/share/diffdrive_arduino/local_setup.dsv
[17.933s] -- Symlinking: /home/ali/Differentional-robot/Differentional_robot_ws/install/diffdrive_arduino/share/diffdrive_arduino/package.dsv
[17.966s] -- Up-to-date symlink: /home/ali/Differentional-robot/Differentional_robot_ws/install/diffdrive_arduino/share/ament_index/resource_index/packages/diffdrive_arduino
[17.970s] -- Up-to-date symlink: /home/ali/Differentional-robot/Differentional_robot_ws/install/diffdrive_arduino/share/ament_index/resource_index/hardware_interface__pluginlib__plugin/diffdrive_arduino
[17.971s] -- Up-to-date symlink: /home/ali/Differentional-robot/Differentional_robot_ws/install/diffdrive_arduino/share/diffdrive_arduino/cmake/ament_cmake_export_targets-extras.cmake
[17.973s] -- Up-to-date symlink: /home/ali/Differentional-robot/Differentional_robot_ws/install/diffdrive_arduino/share/diffdrive_arduino/cmake/ament_cmake_export_dependencies-extras.cmake
[17.974s] -- Up-to-date symlink: /home/ali/Differentional-robot/Differentional_robot_ws/install/diffdrive_arduino/share/diffdrive_arduino/cmake/diffdrive_arduinoConfig.cmake
[17.975s] -- Up-to-date symlink: /home/ali/Differentional-robot/Differentional_robot_ws/install/diffdrive_arduino/share/diffdrive_arduino/cmake/diffdrive_arduinoConfig-version.cmake
[17.976s] -- Up-to-date symlink: /home/ali/Differentional-robot/Differentional_robot_ws/install/diffdrive_arduino/share/diffdrive_arduino/package.xml
[17.978s] -- Installing: /home/ali/Differentional-robot/Differentional_robot_ws/install/diffdrive_arduino/lib/libdiffdrive_arduino.so
[17.983s] -- Set runtime path of "/home/ali/Differentional-robot/Differentional_robot_ws/install/diffdrive_arduino/lib/libdiffdrive_arduino.so" to ""
[17.984s] -- Up-to-date: /home/ali/Differentional-robot/Differentional_robot_ws/install/diffdrive_arduino/share/diffdrive_arduino/cmake/export_diffdrive_arduinoExport.cmake
[17.984s] -- Up-to-date: /home/ali/Differentional-robot/Differentional_robot_ws/install/diffdrive_arduino/share/diffdrive_arduino/cmake/export_diffdrive_arduinoExport-noconfig.cmake
[17.992s] Invoked command in '/home/ali/Differentional-robot/Differentional_robot_ws/build/diffdrive_arduino' returned '0': CMAKE_PREFIX_PATH=/home/ali/perceptron_ws/install/perceptron_driver:/mnt/c/Users/HP/perceptron_ws/install/perceptron_driver:/opt/ros/humble:${CMAKE_PREFIX_PATH} /usr/bin/cmake --install /home/ali/Differentional-robot/Differentional_robot_ws/build/diffdrive_arduino
