[0.594s] Invoking command in '/home/ali/Differentional-robot/Differentional_robot_ws/build/serial': /usr/bin/cmake /home/ali/Differentional-robot/Differentional_robot_ws/src/serial -DCATKIN_INSTALL_INTO_PREFIX_ROOT=0 -DCATKIN_SYMLINK_INSTALL=ON -DCMAKE_INSTALL_PREFIX=/home/ali/Differentional-robot/Differentional_robot_ws/install/serial
[0.681s] [0mCMake Deprecation Warning at CMakeLists.txt:1 (cmake_minimum_required):
[0.682s]   Compatibility with CMake < 2.8.12 will be removed from a future version of
[0.683s]   CMake.
[0.683s] 
[0.684s]   Update the VERSION argument <min> value or use a ...<max> suffix to tell
[0.684s]   CMake that the project does not need compatibility with older versions.
[0.685s] 
[0.686s] [0m
[1.694s] -- The C compiler identification is GNU 11.4.0
[2.512s] -- The CXX compiler identification is GNU 11.4.0
[3.012s] -- Detecting C compiler ABI info
[3.327s] -- Detecting C compiler ABI info - done
[3.352s] -- Check for working C compiler: /usr/bin/cc - skipped
[3.353s] -- Detecting C compile features
[3.355s] -- Detecting C compile features - done
[3.368s] -- Detecting CXX compiler ABI info
[3.709s] -- Detecting CXX compiler ABI info - done
[3.733s] -- Check for working CXX compiler: /usr/bin/c++ - skipped
[3.734s] -- Detecting CXX compile features
[3.735s] -- Detecting CXX compile features - done
[6.766s] [31mCMake Error at CMakeLists.txt:5 (find_package):
[6.767s]   By not providing "Findcatkin.cmake" in CMAKE_MODULE_PATH this project has
[6.767s]   asked CMake to find a package configuration file provided by "catkin", but
[6.768s]   CMake did not find one.
[6.769s] 
[6.769s]   Could not find a package configuration file provided by "catkin" with any
[6.769s]   of the following names:
[6.770s] 
[6.770s]     catkinConfig.cmake
[6.770s]     catkin-config.cmake
[6.771s] 
[6.771s]   Add the installation prefix of "catkin" to CMAKE_PREFIX_PATH or set
[6.771s]   "catkin_DIR" to a directory containing one of the above files.  If "catkin"
[6.772s]   provides a separate development package or SDK, be sure it has been
[6.772s]   installed.
[6.774s] 
[6.780s] [0m
[6.786s] -- Configuring incomplete, errors occurred!
[6.792s] See also "/home/ali/Differentional-robot/Differentional_robot_ws/build/serial/CMakeFiles/CMakeOutput.log".
[6.800s] Invoked command in '/home/ali/Differentional-robot/Differentional_robot_ws/build/serial' returned '1': /usr/bin/cmake /home/ali/Differentional-robot/Differentional_robot_ws/src/serial -DCATKIN_INSTALL_INTO_PREFIX_ROOT=0 -DCATKIN_SYMLINK_INSTALL=ON -DCMAKE_INSTALL_PREFIX=/home/ali/Differentional-robot/Differentional_robot_ws/install/serial
