[0.829s] Invoking command in '/home/ali/Differentional-robot/Differentional_robot_ws/build/diffdrive_arduino': AMENT_PREFIX_PATH=/home/ali/Differentional-robot/Differentional_robot_ws/install/serial:${AMENT_PREFIX_PATH} CMAKE_PREFIX_PATH=/home/ali/perceptron_ws/install/perceptron_driver:/mnt/c/Users/HP/perceptron_ws/install/perceptron_driver:/opt/ros/humble:/home/ali/Differentional-robot/Differentional_robot_ws/install/serial:${CMAKE_PREFIX_PATH} LD_LIBRARY_PATH=/home/ali/Differentional-robot/Differentional_robot_ws/install/serial/lib:${LD_LIBRARY_PATH} /usr/bin/cmake /home/ali/Differentional-robot/Differentional_robot_ws/src/diffdrive_arduino -DAMENT_CMAKE_SYMLINK_INSTALL=1 -DCMAKE_INSTALL_PREFIX=/home/ali/Differentional-robot/Differentional_robot_ws/install/diffdrive_arduino
[0.858s] -- Found ament_cmake: 1.3.14 (/opt/ros/humble/share/ament_cmake/cmake)
[3.548s] -- Override CMake install command with custom implementation using symlinks instead of copying resources
[3.971s] -- Found serial: 1.2.1 (/home/ali/Differentional-robot/Differentional_robot_ws/install/serial/share/serial/cmake)
[4.322s] -- Found hardware_interface: 2.53.1 (/opt/ros/humble/share/hardware_interface/cmake)
[9.493s] -- Found rosidl_generator_c: 3.1.8 (/opt/ros/humble/share/rosidl_generator_c/cmake)
[10.237s] -- Found rosidl_adapter: 3.1.8 (/opt/ros/humble/share/rosidl_adapter/cmake)
[11.001s] -- Found rosidl_generator_cpp: 3.1.8 (/opt/ros/humble/share/rosidl_generator_cpp/cmake)
[11.817s] -- Using all available rosidl_typesupport_c: rosidl_typesupport_fastrtps_c;rosidl_typesupport_introspection_c
[12.912s] -- Using all available rosidl_typesupport_cpp: rosidl_typesupport_fastrtps_cpp;rosidl_typesupport_introspection_cpp
[28.369s] -- Found rmw_implementation_cmake: 6.1.2 (/opt/ros/humble/share/rmw_implementation_cmake/cmake)
[28.886s] -- Found rmw_fastrtps_cpp: 6.2.10 (/opt/ros/humble/share/rmw_fastrtps_cpp/cmake)
[31.156s] -- Found TinyXML2 via Config file: TinyXML2_DIR-NOTFOUND
[33.658s] -- Found OpenSSL: /usr/lib/x86_64-linux-gnu/libcrypto.so (found version "3.0.2")  
[33.676s] -- Found TinyXML2 via Config file: TinyXML2_DIR-NOTFOUND
[34.513s] -- Found FastRTPS: /opt/ros/humble/include  
[34.534s] -- Found TinyXML2 via Config file: TinyXML2_DIR-NOTFOUND
[34.561s] -- Found TinyXML2 via Config file: TinyXML2_DIR-NOTFOUND
[35.176s] -- Using RMW implementation 'rmw_fastrtps_cpp' as default
[37.248s] -- Looking for pthread.h
[37.593s] -- Looking for pthread.h - found
[37.594s] -- Performing Test CMAKE_HAVE_LIBC_PTHREAD
[37.937s] -- Performing Test CMAKE_HAVE_LIBC_PTHREAD - Success
[37.940s] -- Found Threads: TRUE  
[41.248s] -- Found controller_manager: 2.53.1 (/opt/ros/humble/share/controller_manager/cmake)
[44.923s] -- Configuring done
[45.003s] -- Generating done
[45.038s] -- Build files have been written to: /home/ali/Differentional-robot/Differentional_robot_ws/build/diffdrive_arduino
[45.075s] Invoked command in '/home/ali/Differentional-robot/Differentional_robot_ws/build/diffdrive_arduino' returned '0': AMENT_PREFIX_PATH=/home/ali/Differentional-robot/Differentional_robot_ws/install/serial:${AMENT_PREFIX_PATH} CMAKE_PREFIX_PATH=/home/ali/perceptron_ws/install/perceptron_driver:/mnt/c/Users/HP/perceptron_ws/install/perceptron_driver:/opt/ros/humble:/home/ali/Differentional-robot/Differentional_robot_ws/install/serial:${CMAKE_PREFIX_PATH} LD_LIBRARY_PATH=/home/ali/Differentional-robot/Differentional_robot_ws/install/serial/lib:${LD_LIBRARY_PATH} /usr/bin/cmake /home/ali/Differentional-robot/Differentional_robot_ws/src/diffdrive_arduino -DAMENT_CMAKE_SYMLINK_INSTALL=1 -DCMAKE_INSTALL_PREFIX=/home/ali/Differentional-robot/Differentional_robot_ws/install/diffdrive_arduino
[45.081s] Invoking command in '/home/ali/Differentional-robot/Differentional_robot_ws/build/diffdrive_arduino': AMENT_PREFIX_PATH=/home/ali/Differentional-robot/Differentional_robot_ws/install/serial:${AMENT_PREFIX_PATH} CMAKE_PREFIX_PATH=/home/ali/perceptron_ws/install/perceptron_driver:/mnt/c/Users/HP/perceptron_ws/install/perceptron_driver:/opt/ros/humble:/home/ali/Differentional-robot/Differentional_robot_ws/install/serial:${CMAKE_PREFIX_PATH} LD_LIBRARY_PATH=/home/ali/Differentional-robot/Differentional_robot_ws/install/serial/lib:${LD_LIBRARY_PATH} /usr/bin/cmake --build /home/ali/Differentional-robot/Differentional_robot_ws/build/diffdrive_arduino -- -j4 -l4
[45.271s] [ 14%] [32mBuilding CXX object CMakeFiles/diffdrive_arduino.dir/src/diffdrive_arduino.cpp.o[0m
[45.287s] [ 28%] [32mBuilding CXX object CMakeFiles/fake_robot.dir/src/fake_robot.cpp.o[0m
[45.290s] [ 42%] [32mBuilding CXX object CMakeFiles/fake_robot.dir/src/wheel.cpp.o[0m
[45.291s] [ 57%] [32mBuilding CXX object CMakeFiles/diffdrive_arduino.dir/src/wheel.cpp.o[0m
[47.050s] In file included from [01m[K/home/ali/Differentional-robot/Differentional_robot_ws/src/diffdrive_arduino/src/diffdrive_arduino.cpp:1[m[K:
[47.051s] [01m[K/home/ali/Differentional-robot/Differentional_robot_ws/src/diffdrive_arduino/include/diffdrive_arduino/diffdrive_arduino.h:7:10:[m[K [01;31m[Kfatal error: [m[Khardware_interface/base_interface.hpp: No such file or directory
[47.052s]     7 | #include [01;31m[K"hardware_interface/base_interface.hpp"[m[K
[47.053s]       |          [01;31m[K^~~~~~~~~~~~~~~~~~~~~~~~~~~~~~~~~~~~~~~[m[K
[47.053s] compilation terminated.
[47.053s] In file included from [01m[K/home/ali/Differentional-robot/Differentional_robot_ws/src/diffdrive_arduino/src/fake_robot.cpp:1[m[K:
[47.060s] [01m[K/home/ali/Differentional-robot/Differentional_robot_ws/src/diffdrive_arduino/include/diffdrive_arduino/fake_robot.h:7:10:[m[K [01;31m[Kfatal error: [m[Khardware_interface/base_interface.hpp: No such file or directory
[47.064s]     7 | #include [01;31m[K"hardware_interface/base_interface.hpp"[m[K
[47.066s]       |          [01;31m[K^~~~~~~~~~~~~~~~~~~~~~~~~~~~~~~~~~~~~~~[m[K
[47.066s] compilation terminated.
[47.067s] gmake[2]: *** [CMakeFiles/diffdrive_arduino.dir/build.make:76: CMakeFiles/diffdrive_arduino.dir/src/diffdrive_arduino.cpp.o] Error 1
[47.068s] gmake[2]: *** Waiting for unfinished jobs....
[47.070s] gmake[2]: *** [CMakeFiles/fake_robot.dir/build.make:76: CMakeFiles/fake_robot.dir/src/fake_robot.cpp.o] Error 1
[47.070s] gmake[1]: *** [CMakeFiles/Makefile2:165: CMakeFiles/fake_robot.dir/all] Error 2
[47.070s] gmake[1]: *** Waiting for unfinished jobs....
[47.159s] gmake[1]: *** [CMakeFiles/Makefile2:139: CMakeFiles/diffdrive_arduino.dir/all] Error 2
[47.160s] gmake: *** [Makefile:146: all] Error 2
[47.169s] Invoked command in '/home/ali/Differentional-robot/Differentional_robot_ws/build/diffdrive_arduino' returned '2': AMENT_PREFIX_PATH=/home/ali/Differentional-robot/Differentional_robot_ws/install/serial:${AMENT_PREFIX_PATH} CMAKE_PREFIX_PATH=/home/ali/perceptron_ws/install/perceptron_driver:/mnt/c/Users/HP/perceptron_ws/install/perceptron_driver:/opt/ros/humble:/home/ali/Differentional-robot/Differentional_robot_ws/install/serial:${CMAKE_PREFIX_PATH} LD_LIBRARY_PATH=/home/ali/Differentional-robot/Differentional_robot_ws/install/serial/lib:${LD_LIBRARY_PATH} /usr/bin/cmake --build /home/ali/Differentional-robot/Differentional_robot_ws/build/diffdrive_arduino -- -j4 -l4
