[1.041s] DEBUG:colcon:Command line arguments: ['/usr/bin/colcon', 'build', '--symlink-install']
[1.041s] DEBUG:colcon:Parsed command line arguments: Namespace(log_base=None, log_level=None, verb_name='build', build_base='build', install_base='install', merge_install=False, symlink_install=True, test_result_base=None, continue_on_error=False, executor='parallel', parallel_workers=4, event_handlers=None, ignore_user_meta=False, metas=['./colcon.meta'], base_paths=['.'], packages_ignore=None, packages_ignore_regex=None, paths=None, packages_up_to=None, packages_up_to_regex=None, packages_above=None, packages_above_and_dependencies=None, packages_above_depth=None, packages_select_by_dep=None, packages_skip_by_dep=None, packages_skip_up_to=None, packages_select_build_failed=False, packages_skip_build_finished=False, packages_select_test_failures=False, packages_skip_test_passed=False, packages_select=None, packages_skip=None, packages_select_regex=None, packages_skip_regex=None, packages_start=None, packages_end=None, allow_overriding=[], cmake_args=None, cmake_target=None, cmake_target_skip_unavailable=False, cmake_clean_cache=False, cmake_clean_first=False, cmake_force_configure=False, ament_cmake_args=None, catkin_cmake_args=None, catkin_skip_building_tests=False, verb_parser=<colcon_defaults.argument_parser.defaults.DefaultArgumentsDecorator object at 0x7fa53805d300>, verb_extension=<colcon_core.verb.build.BuildVerb object at 0x7fa53805ceb0>, main=<bound method BuildVerb.main of <colcon_core.verb.build.BuildVerb object at 0x7fa53805ceb0>>)
[2.182s] Level 1:colcon.colcon_core.package_discovery:discover_packages(colcon_meta) check parameters
[2.183s] Level 1:colcon.colcon_core.package_discovery:discover_packages(recursive) check parameters
[2.183s] Level 1:colcon.colcon_core.package_discovery:discover_packages(ignore) check parameters
[2.183s] Level 1:colcon.colcon_core.package_discovery:discover_packages(path) check parameters
[2.183s] Level 1:colcon.colcon_core.package_discovery:discover_packages(colcon_meta) discover
[2.184s] Level 1:colcon.colcon_core.package_discovery:discover_packages(recursive) discover
[2.184s] INFO:colcon.colcon_core.package_discovery:Crawling recursively for packages in '/home/ali/Differentional-robot/Differentional_robot_ws'
[2.184s] Level 1:colcon.colcon_core.package_identification:_identify(.) by extensions ['ignore', 'ignore_ament_install']
[2.185s] Level 1:colcon.colcon_core.package_identification:_identify(.) by extension 'ignore'
[2.185s] Level 1:colcon.colcon_core.package_identification:_identify(.) by extension 'ignore_ament_install'
[2.186s] Level 1:colcon.colcon_core.package_identification:_identify(.) by extensions ['colcon_pkg']
[2.186s] Level 1:colcon.colcon_core.package_identification:_identify(.) by extension 'colcon_pkg'
[2.186s] Level 1:colcon.colcon_core.package_identification:_identify(.) by extensions ['colcon_meta']
[2.186s] Level 1:colcon.colcon_core.package_identification:_identify(.) by extension 'colcon_meta'
[2.186s] Level 1:colcon.colcon_core.package_identification:_identify(.) by extensions ['ros']
[2.186s] Level 1:colcon.colcon_core.package_identification:_identify(.) by extension 'ros'
[2.240s] Level 1:colcon.colcon_core.package_identification:_identify(.) by extensions ['cmake', 'python']
[2.240s] Level 1:colcon.colcon_core.package_identification:_identify(.) by extension 'cmake'
[2.241s] Level 1:colcon.colcon_core.package_identification:_identify(.) by extension 'python'
[2.241s] Level 1:colcon.colcon_core.package_identification:_identify(.) by extensions ['python_setup_py']
[2.241s] Level 1:colcon.colcon_core.package_identification:_identify(.) by extension 'python_setup_py'
[2.241s] Level 1:colcon.colcon_core.package_identification:_identify(build) by extensions ['ignore', 'ignore_ament_install']
[2.242s] Level 1:colcon.colcon_core.package_identification:_identify(build) by extension 'ignore'
[2.242s] Level 1:colcon.colcon_core.package_identification:_identify(build) ignored
[2.243s] Level 1:colcon.colcon_core.package_identification:_identify(install) by extensions ['ignore', 'ignore_ament_install']
[2.243s] Level 1:colcon.colcon_core.package_identification:_identify(install) by extension 'ignore'
[2.244s] Level 1:colcon.colcon_core.package_identification:_identify(install) ignored
[2.244s] Level 1:colcon.colcon_core.package_identification:_identify(log) by extensions ['ignore', 'ignore_ament_install']
[2.245s] Level 1:colcon.colcon_core.package_identification:_identify(log) by extension 'ignore'
[2.245s] Level 1:colcon.colcon_core.package_identification:_identify(log) ignored
[2.245s] Level 1:colcon.colcon_core.package_identification:_identify(src) by extensions ['ignore', 'ignore_ament_install']
[2.246s] Level 1:colcon.colcon_core.package_identification:_identify(src) by extension 'ignore'
[2.246s] Level 1:colcon.colcon_core.package_identification:_identify(src) by extension 'ignore_ament_install'
[2.246s] Level 1:colcon.colcon_core.package_identification:_identify(src) by extensions ['colcon_pkg']
[2.247s] Level 1:colcon.colcon_core.package_identification:_identify(src) by extension 'colcon_pkg'
[2.247s] Level 1:colcon.colcon_core.package_identification:_identify(src) by extensions ['colcon_meta']
[2.247s] Level 1:colcon.colcon_core.package_identification:_identify(src) by extension 'colcon_meta'
[2.247s] Level 1:colcon.colcon_core.package_identification:_identify(src) by extensions ['ros']
[2.247s] Level 1:colcon.colcon_core.package_identification:_identify(src) by extension 'ros'
[2.248s] Level 1:colcon.colcon_core.package_identification:_identify(src) by extensions ['cmake', 'python']
[2.248s] Level 1:colcon.colcon_core.package_identification:_identify(src) by extension 'cmake'
[2.248s] Level 1:colcon.colcon_core.package_identification:_identify(src) by extension 'python'
[2.248s] Level 1:colcon.colcon_core.package_identification:_identify(src) by extensions ['python_setup_py']
[2.249s] Level 1:colcon.colcon_core.package_identification:_identify(src) by extension 'python_setup_py'
[2.249s] Level 1:colcon.colcon_core.package_identification:_identify(src/articubot_one) by extensions ['ignore', 'ignore_ament_install']
[2.249s] Level 1:colcon.colcon_core.package_identification:_identify(src/articubot_one) by extension 'ignore'
[2.250s] Level 1:colcon.colcon_core.package_identification:_identify(src/articubot_one) by extension 'ignore_ament_install'
[2.250s] Level 1:colcon.colcon_core.package_identification:_identify(src/articubot_one) by extensions ['colcon_pkg']
[2.250s] Level 1:colcon.colcon_core.package_identification:_identify(src/articubot_one) by extension 'colcon_pkg'
[2.251s] Level 1:colcon.colcon_core.package_identification:_identify(src/articubot_one) by extensions ['colcon_meta']
[2.251s] Level 1:colcon.colcon_core.package_identification:_identify(src/articubot_one) by extension 'colcon_meta'
[2.251s] Level 1:colcon.colcon_core.package_identification:_identify(src/articubot_one) by extensions ['ros']
[2.251s] Level 1:colcon.colcon_core.package_identification:_identify(src/articubot_one) by extension 'ros'
[2.261s] DEBUG:colcon.colcon_core.package_identification:Package 'src/articubot_one' with type 'ros.ament_cmake' and name 'articubot_one'
[2.262s] Level 1:colcon.colcon_core.package_identification:_identify(src/diffdrive_arduino) by extensions ['ignore', 'ignore_ament_install']
[2.263s] Level 1:colcon.colcon_core.package_identification:_identify(src/diffdrive_arduino) by extension 'ignore'
[2.263s] Level 1:colcon.colcon_core.package_identification:_identify(src/diffdrive_arduino) by extension 'ignore_ament_install'
[2.263s] Level 1:colcon.colcon_core.package_identification:_identify(src/diffdrive_arduino) by extensions ['colcon_pkg']
[2.264s] Level 1:colcon.colcon_core.package_identification:_identify(src/diffdrive_arduino) by extension 'colcon_pkg'
[2.264s] Level 1:colcon.colcon_core.package_identification:_identify(src/diffdrive_arduino) by extensions ['colcon_meta']
[2.264s] Level 1:colcon.colcon_core.package_identification:_identify(src/diffdrive_arduino) by extension 'colcon_meta'
[2.265s] Level 1:colcon.colcon_core.package_identification:_identify(src/diffdrive_arduino) by extensions ['ros']
[2.265s] Level 1:colcon.colcon_core.package_identification:_identify(src/diffdrive_arduino) by extension 'ros'
[2.268s] DEBUG:colcon.colcon_core.package_identification:Package 'src/diffdrive_arduino' with type 'ros.ament_cmake' and name 'diffdrive_arduino'
[2.269s] Level 1:colcon.colcon_core.package_identification:_identify(src/rplidar_ros) by extensions ['ignore', 'ignore_ament_install']
[2.270s] Level 1:colcon.colcon_core.package_identification:_identify(src/rplidar_ros) by extension 'ignore'
[2.271s] Level 1:colcon.colcon_core.package_identification:_identify(src/rplidar_ros) by extension 'ignore_ament_install'
[2.271s] Level 1:colcon.colcon_core.package_identification:_identify(src/rplidar_ros) by extensions ['colcon_pkg']
[2.271s] Level 1:colcon.colcon_core.package_identification:_identify(src/rplidar_ros) by extension 'colcon_pkg'
[2.272s] Level 1:colcon.colcon_core.package_identification:_identify(src/rplidar_ros) by extensions ['colcon_meta']
[2.272s] Level 1:colcon.colcon_core.package_identification:_identify(src/rplidar_ros) by extension 'colcon_meta'
[2.273s] Level 1:colcon.colcon_core.package_identification:_identify(src/rplidar_ros) by extensions ['ros']
[2.273s] Level 1:colcon.colcon_core.package_identification:_identify(src/rplidar_ros) by extension 'ros'
[2.281s] DEBUG:colcon.colcon_core.package_identification:Package 'src/rplidar_ros' with type 'ros.ament_cmake' and name 'rplidar_ros'
[2.282s] Level 1:colcon.colcon_core.package_identification:_identify(src/serial) by extensions ['ignore', 'ignore_ament_install']
[2.283s] Level 1:colcon.colcon_core.package_identification:_identify(src/serial) by extension 'ignore'
[2.283s] Level 1:colcon.colcon_core.package_identification:_identify(src/serial) by extension 'ignore_ament_install'
[2.284s] Level 1:colcon.colcon_core.package_identification:_identify(src/serial) by extensions ['colcon_pkg']
[2.284s] Level 1:colcon.colcon_core.package_identification:_identify(src/serial) by extension 'colcon_pkg'
[2.285s] Level 1:colcon.colcon_core.package_identification:_identify(src/serial) by extensions ['colcon_meta']
[2.285s] Level 1:colcon.colcon_core.package_identification:_identify(src/serial) by extension 'colcon_meta'
[2.286s] Level 1:colcon.colcon_core.package_identification:_identify(src/serial) by extensions ['ros']
[2.286s] Level 1:colcon.colcon_core.package_identification:_identify(src/serial) by extension 'ros'
[2.288s] DEBUG:colcon.colcon_core.package_identification:Package 'src/serial' with type 'ros.ament_cmake' and name 'serial'
[2.289s] Level 1:colcon.colcon_core.package_discovery:discover_packages(recursive) using defaults
[2.290s] Level 1:colcon.colcon_core.package_discovery:discover_packages(ignore) discover
[2.290s] Level 1:colcon.colcon_core.package_discovery:discover_packages(ignore) using defaults
[2.290s] Level 1:colcon.colcon_core.package_discovery:discover_packages(path) discover
[2.290s] Level 1:colcon.colcon_core.package_discovery:discover_packages(path) using defaults
[2.570s] Level 1:colcon.colcon_core.package_discovery:discover_packages(prefix_path) check parameters
[2.571s] Level 1:colcon.colcon_core.package_discovery:discover_packages(prefix_path) discover
[2.756s] DEBUG:colcon.colcon_installed_package_information.package_discovery:Found 4 installed packages in /home/ali/Differentional-robot/Differentional_robot_ws/install
[2.759s] DEBUG:colcon.colcon_installed_package_information.package_discovery:Found 4 installed packages in /home/ali/perceptron_ws/install
[3.050s] DEBUG:colcon.colcon_installed_package_information.package_discovery:Found 4 installed packages in /mnt/c/Users/HP/perceptron_ws/install
[3.113s] DEBUG:colcon.colcon_installed_package_information.package_discovery:Found 375 installed packages in /opt/ros/humble
[3.117s] Level 1:colcon.colcon_core.package_discovery:discover_packages(prefix_path) using defaults
[3.426s] Level 5:colcon.colcon_core.verb:set package 'articubot_one' build argument 'cmake_args' from command line to 'None'
[3.426s] Level 5:colcon.colcon_core.verb:set package 'articubot_one' build argument 'cmake_target' from command line to 'None'
[3.427s] Level 5:colcon.colcon_core.verb:set package 'articubot_one' build argument 'cmake_target_skip_unavailable' from command line to 'False'
[3.427s] Level 5:colcon.colcon_core.verb:set package 'articubot_one' build argument 'cmake_clean_cache' from command line to 'False'
[3.427s] Level 5:colcon.colcon_core.verb:set package 'articubot_one' build argument 'cmake_clean_first' from command line to 'False'
[3.427s] Level 5:colcon.colcon_core.verb:set package 'articubot_one' build argument 'cmake_force_configure' from command line to 'False'
[3.427s] Level 5:colcon.colcon_core.verb:set package 'articubot_one' build argument 'ament_cmake_args' from command line to 'None'
[3.427s] Level 5:colcon.colcon_core.verb:set package 'articubot_one' build argument 'catkin_cmake_args' from command line to 'None'
[3.427s] Level 5:colcon.colcon_core.verb:set package 'articubot_one' build argument 'catkin_skip_building_tests' from command line to 'False'
[3.427s] DEBUG:colcon.colcon_core.verb:Building package 'articubot_one' with the following arguments: {'ament_cmake_args': None, 'build_base': '/home/ali/Differentional-robot/Differentional_robot_ws/build/articubot_one', 'catkin_cmake_args': None, 'catkin_skip_building_tests': False, 'cmake_args': None, 'cmake_clean_cache': False, 'cmake_clean_first': False, 'cmake_force_configure': False, 'cmake_target': None, 'cmake_target_skip_unavailable': False, 'install_base': '/home/ali/Differentional-robot/Differentional_robot_ws/install/articubot_one', 'merge_install': False, 'path': '/home/ali/Differentional-robot/Differentional_robot_ws/src/articubot_one', 'symlink_install': True, 'test_result_base': None}
[3.428s] Level 5:colcon.colcon_core.verb:set package 'diffdrive_arduino' build argument 'cmake_args' from command line to 'None'
[3.429s] Level 5:colcon.colcon_core.verb:set package 'diffdrive_arduino' build argument 'cmake_target' from command line to 'None'
[3.429s] Level 5:colcon.colcon_core.verb:set package 'diffdrive_arduino' build argument 'cmake_target_skip_unavailable' from command line to 'False'
[3.429s] Level 5:colcon.colcon_core.verb:set package 'diffdrive_arduino' build argument 'cmake_clean_cache' from command line to 'False'
[3.429s] Level 5:colcon.colcon_core.verb:set package 'diffdrive_arduino' build argument 'cmake_clean_first' from command line to 'False'
[3.429s] Level 5:colcon.colcon_core.verb:set package 'diffdrive_arduino' build argument 'cmake_force_configure' from command line to 'False'
[3.429s] Level 5:colcon.colcon_core.verb:set package 'diffdrive_arduino' build argument 'ament_cmake_args' from command line to 'None'
[3.429s] Level 5:colcon.colcon_core.verb:set package 'diffdrive_arduino' build argument 'catkin_cmake_args' from command line to 'None'
[3.429s] Level 5:colcon.colcon_core.verb:set package 'diffdrive_arduino' build argument 'catkin_skip_building_tests' from command line to 'False'
[3.429s] DEBUG:colcon.colcon_core.verb:Building package 'diffdrive_arduino' with the following arguments: {'ament_cmake_args': None, 'build_base': '/home/ali/Differentional-robot/Differentional_robot_ws/build/diffdrive_arduino', 'catkin_cmake_args': None, 'catkin_skip_building_tests': False, 'cmake_args': None, 'cmake_clean_cache': False, 'cmake_clean_first': False, 'cmake_force_configure': False, 'cmake_target': None, 'cmake_target_skip_unavailable': False, 'install_base': '/home/ali/Differentional-robot/Differentional_robot_ws/install/diffdrive_arduino', 'merge_install': False, 'path': '/home/ali/Differentional-robot/Differentional_robot_ws/src/diffdrive_arduino', 'symlink_install': True, 'test_result_base': None}
[3.431s] Level 5:colcon.colcon_core.verb:set package 'rplidar_ros' build argument 'cmake_args' from command line to 'None'
[3.431s] Level 5:colcon.colcon_core.verb:set package 'rplidar_ros' build argument 'cmake_target' from command line to 'None'
[3.431s] Level 5:colcon.colcon_core.verb:set package 'rplidar_ros' build argument 'cmake_target_skip_unavailable' from command line to 'False'
[3.431s] Level 5:colcon.colcon_core.verb:set package 'rplidar_ros' build argument 'cmake_clean_cache' from command line to 'False'
[3.431s] Level 5:colcon.colcon_core.verb:set package 'rplidar_ros' build argument 'cmake_clean_first' from command line to 'False'
[3.431s] Level 5:colcon.colcon_core.verb:set package 'rplidar_ros' build argument 'cmake_force_configure' from command line to 'False'
[3.431s] Level 5:colcon.colcon_core.verb:set package 'rplidar_ros' build argument 'ament_cmake_args' from command line to 'None'
[3.431s] Level 5:colcon.colcon_core.verb:set package 'rplidar_ros' build argument 'catkin_cmake_args' from command line to 'None'
[3.431s] Level 5:colcon.colcon_core.verb:set package 'rplidar_ros' build argument 'catkin_skip_building_tests' from command line to 'False'
[3.431s] DEBUG:colcon.colcon_core.verb:Building package 'rplidar_ros' with the following arguments: {'ament_cmake_args': None, 'build_base': '/home/ali/Differentional-robot/Differentional_robot_ws/build/rplidar_ros', 'catkin_cmake_args': None, 'catkin_skip_building_tests': False, 'cmake_args': None, 'cmake_clean_cache': False, 'cmake_clean_first': False, 'cmake_force_configure': False, 'cmake_target': None, 'cmake_target_skip_unavailable': False, 'install_base': '/home/ali/Differentional-robot/Differentional_robot_ws/install/rplidar_ros', 'merge_install': False, 'path': '/home/ali/Differentional-robot/Differentional_robot_ws/src/rplidar_ros', 'symlink_install': True, 'test_result_base': None}
[3.433s] Level 5:colcon.colcon_core.verb:set package 'serial' build argument 'cmake_args' from command line to 'None'
[3.433s] Level 5:colcon.colcon_core.verb:set package 'serial' build argument 'cmake_target' from command line to 'None'
[3.433s] Level 5:colcon.colcon_core.verb:set package 'serial' build argument 'cmake_target_skip_unavailable' from command line to 'False'
[3.433s] Level 5:colcon.colcon_core.verb:set package 'serial' build argument 'cmake_clean_cache' from command line to 'False'
[3.433s] Level 5:colcon.colcon_core.verb:set package 'serial' build argument 'cmake_clean_first' from command line to 'False'
[3.433s] Level 5:colcon.colcon_core.verb:set package 'serial' build argument 'cmake_force_configure' from command line to 'False'
[3.433s] Level 5:colcon.colcon_core.verb:set package 'serial' build argument 'ament_cmake_args' from command line to 'None'
[3.433s] Level 5:colcon.colcon_core.verb:set package 'serial' build argument 'catkin_cmake_args' from command line to 'None'
[3.433s] Level 5:colcon.colcon_core.verb:set package 'serial' build argument 'catkin_skip_building_tests' from command line to 'False'
[3.434s] DEBUG:colcon.colcon_core.verb:Building package 'serial' with the following arguments: {'ament_cmake_args': None, 'build_base': '/home/ali/Differentional-robot/Differentional_robot_ws/build/serial', 'catkin_cmake_args': None, 'catkin_skip_building_tests': False, 'cmake_args': None, 'cmake_clean_cache': False, 'cmake_clean_first': False, 'cmake_force_configure': False, 'cmake_target': None, 'cmake_target_skip_unavailable': False, 'install_base': '/home/ali/Differentional-robot/Differentional_robot_ws/install/serial', 'merge_install': False, 'path': '/home/ali/Differentional-robot/Differentional_robot_ws/src/serial', 'symlink_install': True, 'test_result_base': None}
[3.434s] INFO:colcon.colcon_core.executor:Executing jobs using 'parallel' executor
[3.438s] DEBUG:colcon.colcon_parallel_executor.executor.parallel:run_until_complete
[3.440s] INFO:colcon.colcon_ros.task.ament_cmake.build:Building ROS package in '/home/ali/Differentional-robot/Differentional_robot_ws/src/articubot_one' with build type 'ament_cmake'
[3.440s] INFO:colcon.colcon_cmake.task.cmake.build:Building CMake package in '/home/ali/Differentional-robot/Differentional_robot_ws/src/articubot_one'
[3.470s] INFO:colcon.colcon_core.plugin_system:Skipping extension 'colcon_core.shell.bat': Not used on non-Windows systems
[3.471s] INFO:colcon.colcon_core.shell:Skip shell extension 'powershell' for command environment: Not usable outside of PowerShell
[3.472s] DEBUG:colcon.colcon_core.shell:Skip shell extension 'dsv' for command environment
[4.069s] INFO:colcon.colcon_ros.task.ament_cmake.build:Building ROS package in '/home/ali/Differentional-robot/Differentional_robot_ws/src/diffdrive_arduino' with build type 'ament_cmake'
[4.070s] INFO:colcon.colcon_cmake.task.cmake.build:Building CMake package in '/home/ali/Differentional-robot/Differentional_robot_ws/src/diffdrive_arduino'
[4.071s] INFO:colcon.colcon_core.shell:Skip shell extension 'powershell' for command environment: Not usable outside of PowerShell
[4.072s] DEBUG:colcon.colcon_core.shell:Skip shell extension 'dsv' for command environment
[4.955s] INFO:colcon.colcon_ros.task.ament_cmake.build:Building ROS package in '/home/ali/Differentional-robot/Differentional_robot_ws/src/rplidar_ros' with build type 'ament_cmake'
[4.959s] INFO:colcon.colcon_cmake.task.cmake.build:Building CMake package in '/home/ali/Differentional-robot/Differentional_robot_ws/src/rplidar_ros'
[4.960s] INFO:colcon.colcon_core.shell:Skip shell extension 'powershell' for command environment: Not usable outside of PowerShell
[4.960s] DEBUG:colcon.colcon_core.shell:Skip shell extension 'dsv' for command environment
[5.514s] INFO:colcon.colcon_ros.task.ament_cmake.build:Building ROS package in '/home/ali/Differentional-robot/Differentional_robot_ws/src/serial' with build type 'ament_cmake'
[5.515s] INFO:colcon.colcon_cmake.task.cmake.build:Building CMake package in '/home/ali/Differentional-robot/Differentional_robot_ws/src/serial'
[5.516s] INFO:colcon.colcon_core.shell:Skip shell extension 'powershell' for command environment: Not usable outside of PowerShell
[5.516s] DEBUG:colcon.colcon_core.shell:Skip shell extension 'dsv' for command environment
[6.112s] DEBUG:colcon.colcon_core.event_handler.log_command:Invoking command in '/home/ali/Differentional-robot/Differentional_robot_ws/build/articubot_one': CMAKE_PREFIX_PATH=/home/ali/perceptron_ws/install/perceptron_driver:/mnt/c/Users/HP/perceptron_ws/install/perceptron_driver:/opt/ros/humble:${CMAKE_PREFIX_PATH} /usr/bin/cmake --build /home/ali/Differentional-robot/Differentional_robot_ws/build/articubot_one -- -j4 -l4
[6.203s] DEBUG:colcon.colcon_core.event_handler.log_command:Invoking command in '/home/ali/Differentional-robot/Differentional_robot_ws/build/diffdrive_arduino': CMAKE_PREFIX_PATH=/home/ali/perceptron_ws/install/perceptron_driver:/mnt/c/Users/HP/perceptron_ws/install/perceptron_driver:/opt/ros/humble:${CMAKE_PREFIX_PATH} /usr/bin/cmake --build /home/ali/Differentional-robot/Differentional_robot_ws/build/diffdrive_arduino -- -j4 -l4
[6.249s] DEBUG:colcon.colcon_core.event_handler.log_command:Invoking command in '/home/ali/Differentional-robot/Differentional_robot_ws/build/rplidar_ros': CMAKE_PREFIX_PATH=/home/ali/perceptron_ws/install/perceptron_driver:/mnt/c/Users/HP/perceptron_ws/install/perceptron_driver:/opt/ros/humble:${CMAKE_PREFIX_PATH} /usr/bin/cmake --build /home/ali/Differentional-robot/Differentional_robot_ws/build/rplidar_ros -- -j4 -l4
[6.334s] DEBUG:colcon.colcon_core.event_handler.log_command:Invoking command in '/home/ali/Differentional-robot/Differentional_robot_ws/build/serial': CMAKE_PREFIX_PATH=/home/ali/perceptron_ws/install/perceptron_driver:/mnt/c/Users/HP/perceptron_ws/install/perceptron_driver:/opt/ros/humble:${CMAKE_PREFIX_PATH} /usr/bin/cmake --build /home/ali/Differentional-robot/Differentional_robot_ws/build/serial -- -j4 -l4
[6.388s] DEBUG:colcon.colcon_core.event_handler.log_command:Invoked command in '/home/ali/Differentional-robot/Differentional_robot_ws/build/articubot_one' returned '0': CMAKE_PREFIX_PATH=/home/ali/perceptron_ws/install/perceptron_driver:/mnt/c/Users/HP/perceptron_ws/install/perceptron_driver:/opt/ros/humble:${CMAKE_PREFIX_PATH} /usr/bin/cmake --build /home/ali/Differentional-robot/Differentional_robot_ws/build/articubot_one -- -j4 -l4
[6.478s] DEBUG:colcon.colcon_core.event_handler.log_command:Invoking command in '/home/ali/Differentional-robot/Differentional_robot_ws/build/articubot_one': CMAKE_PREFIX_PATH=/home/ali/perceptron_ws/install/perceptron_driver:/mnt/c/Users/HP/perceptron_ws/install/perceptron_driver:/opt/ros/humble:${CMAKE_PREFIX_PATH} /usr/bin/cmake --install /home/ali/Differentional-robot/Differentional_robot_ws/build/articubot_one
[6.771s] Level 1:colcon.colcon_core.environment:create_environment_scripts_only(articubot_one)
[6.773s] DEBUG:colcon.colcon_core.event_handler.log_command:Invoked command in '/home/ali/Differentional-robot/Differentional_robot_ws/build/articubot_one' returned '0': CMAKE_PREFIX_PATH=/home/ali/perceptron_ws/install/perceptron_driver:/mnt/c/Users/HP/perceptron_ws/install/perceptron_driver:/opt/ros/humble:${CMAKE_PREFIX_PATH} /usr/bin/cmake --install /home/ali/Differentional-robot/Differentional_robot_ws/build/articubot_one
[6.873s] Level 1:colcon.colcon_core.environment:checking '/home/ali/Differentional-robot/Differentional_robot_ws/install/articubot_one' for CMake module files
[6.883s] Level 1:colcon.colcon_core.environment:checking '/home/ali/Differentional-robot/Differentional_robot_ws/install/articubot_one' for CMake config files
[6.884s] Level 1:colcon.colcon_core.shell:create_environment_hook('articubot_one', 'cmake_prefix_path')
[6.893s] INFO:colcon.colcon_core.shell:Creating environment hook '/home/ali/Differentional-robot/Differentional_robot_ws/install/articubot_one/share/articubot_one/hook/cmake_prefix_path.ps1'
[6.903s] INFO:colcon.colcon_core.shell:Creating environment descriptor '/home/ali/Differentional-robot/Differentional_robot_ws/install/articubot_one/share/articubot_one/hook/cmake_prefix_path.dsv'
[6.905s] INFO:colcon.colcon_core.shell:Creating environment hook '/home/ali/Differentional-robot/Differentional_robot_ws/install/articubot_one/share/articubot_one/hook/cmake_prefix_path.sh'
[6.916s] Level 1:colcon.colcon_core.environment:checking '/home/ali/Differentional-robot/Differentional_robot_ws/install/articubot_one/bin'
[6.917s] Level 1:colcon.colcon_core.environment:checking '/home/ali/Differentional-robot/Differentional_robot_ws/install/articubot_one/lib/pkgconfig/articubot_one.pc'
[6.918s] Level 1:colcon.colcon_core.environment:checking '/home/ali/Differentional-robot/Differentional_robot_ws/install/articubot_one/lib/python3.10/site-packages'
[6.920s] Level 1:colcon.colcon_core.environment:checking '/home/ali/Differentional-robot/Differentional_robot_ws/install/articubot_one/bin'
[6.922s] INFO:colcon.colcon_core.shell:Creating package script '/home/ali/Differentional-robot/Differentional_robot_ws/install/articubot_one/share/articubot_one/package.ps1'
[6.934s] INFO:colcon.colcon_core.shell:Creating package descriptor '/home/ali/Differentional-robot/Differentional_robot_ws/install/articubot_one/share/articubot_one/package.dsv'
[6.936s] INFO:colcon.colcon_core.shell:Creating package script '/home/ali/Differentional-robot/Differentional_robot_ws/install/articubot_one/share/articubot_one/package.sh'
[6.945s] INFO:colcon.colcon_core.shell:Creating package script '/home/ali/Differentional-robot/Differentional_robot_ws/install/articubot_one/share/articubot_one/package.bash'
[6.949s] INFO:colcon.colcon_core.shell:Creating package script '/home/ali/Differentional-robot/Differentional_robot_ws/install/articubot_one/share/articubot_one/package.zsh'
[6.952s] Level 1:colcon.colcon_core.environment:create_file_with_runtime_dependencies(/home/ali/Differentional-robot/Differentional_robot_ws/install/articubot_one/share/colcon-core/packages/articubot_one)
[6.960s] Level 1:colcon.colcon_core.environment:create_environment_scripts_only(articubot_one)
[6.962s] Level 1:colcon.colcon_core.environment:checking '/home/ali/Differentional-robot/Differentional_robot_ws/install/articubot_one' for CMake module files
[6.966s] Level 1:colcon.colcon_core.environment:checking '/home/ali/Differentional-robot/Differentional_robot_ws/install/articubot_one' for CMake config files
[6.967s] Level 1:colcon.colcon_core.shell:create_environment_hook('articubot_one', 'cmake_prefix_path')
[6.968s] INFO:colcon.colcon_core.shell:Creating environment hook '/home/ali/Differentional-robot/Differentional_robot_ws/install/articubot_one/share/articubot_one/hook/cmake_prefix_path.ps1'
[6.970s] INFO:colcon.colcon_core.shell:Creating environment descriptor '/home/ali/Differentional-robot/Differentional_robot_ws/install/articubot_one/share/articubot_one/hook/cmake_prefix_path.dsv'
[6.974s] INFO:colcon.colcon_core.shell:Creating environment hook '/home/ali/Differentional-robot/Differentional_robot_ws/install/articubot_one/share/articubot_one/hook/cmake_prefix_path.sh'
[6.976s] Level 1:colcon.colcon_core.environment:checking '/home/ali/Differentional-robot/Differentional_robot_ws/install/articubot_one/bin'
[6.977s] Level 1:colcon.colcon_core.environment:checking '/home/ali/Differentional-robot/Differentional_robot_ws/install/articubot_one/lib/pkgconfig/articubot_one.pc'
[6.978s] Level 1:colcon.colcon_core.environment:checking '/home/ali/Differentional-robot/Differentional_robot_ws/install/articubot_one/lib/python3.10/site-packages'
[6.980s] Level 1:colcon.colcon_core.environment:checking '/home/ali/Differentional-robot/Differentional_robot_ws/install/articubot_one/bin'
[6.982s] INFO:colcon.colcon_core.shell:Creating package script '/home/ali/Differentional-robot/Differentional_robot_ws/install/articubot_one/share/articubot_one/package.ps1'
[6.985s] INFO:colcon.colcon_core.shell:Creating package descriptor '/home/ali/Differentional-robot/Differentional_robot_ws/install/articubot_one/share/articubot_one/package.dsv'
[6.995s] INFO:colcon.colcon_core.shell:Creating package script '/home/ali/Differentional-robot/Differentional_robot_ws/install/articubot_one/share/articubot_one/package.sh'
[6.996s] INFO:colcon.colcon_core.shell:Creating package script '/home/ali/Differentional-robot/Differentional_robot_ws/install/articubot_one/share/articubot_one/package.bash'
[6.998s] INFO:colcon.colcon_core.shell:Creating package script '/home/ali/Differentional-robot/Differentional_robot_ws/install/articubot_one/share/articubot_one/package.zsh'
[7.000s] Level 1:colcon.colcon_core.environment:create_file_with_runtime_dependencies(/home/ali/Differentional-robot/Differentional_robot_ws/install/articubot_one/share/colcon-core/packages/articubot_one)
[7.010s] DEBUG:colcon.colcon_core.event_handler.log_command:Invoked command in '/home/ali/Differentional-robot/Differentional_robot_ws/build/rplidar_ros' returned '0': CMAKE_PREFIX_PATH=/home/ali/perceptron_ws/install/perceptron_driver:/mnt/c/Users/HP/perceptron_ws/install/perceptron_driver:/opt/ros/humble:${CMAKE_PREFIX_PATH} /usr/bin/cmake --build /home/ali/Differentional-robot/Differentional_robot_ws/build/rplidar_ros -- -j4 -l4
[7.018s] DEBUG:colcon.colcon_core.event_handler.log_command:Invoking command in '/home/ali/Differentional-robot/Differentional_robot_ws/build/rplidar_ros': CMAKE_PREFIX_PATH=/home/ali/perceptron_ws/install/perceptron_driver:/mnt/c/Users/HP/perceptron_ws/install/perceptron_driver:/opt/ros/humble:${CMAKE_PREFIX_PATH} /usr/bin/cmake --install /home/ali/Differentional-robot/Differentional_robot_ws/build/rplidar_ros
[7.027s] DEBUG:colcon.colcon_core.event_handler.log_command:Invoked command in '/home/ali/Differentional-robot/Differentional_robot_ws/build/serial' returned '0': CMAKE_PREFIX_PATH=/home/ali/perceptron_ws/install/perceptron_driver:/mnt/c/Users/HP/perceptron_ws/install/perceptron_driver:/opt/ros/humble:${CMAKE_PREFIX_PATH} /usr/bin/cmake --build /home/ali/Differentional-robot/Differentional_robot_ws/build/serial -- -j4 -l4
[7.028s] DEBUG:colcon.colcon_core.event_handler.log_command:Invoking command in '/home/ali/Differentional-robot/Differentional_robot_ws/build/serial': CMAKE_PREFIX_PATH=/home/ali/perceptron_ws/install/perceptron_driver:/mnt/c/Users/HP/perceptron_ws/install/perceptron_driver:/opt/ros/humble:${CMAKE_PREFIX_PATH} /usr/bin/cmake --install /home/ali/Differentional-robot/Differentional_robot_ws/build/serial
[7.124s] Level 1:colcon.colcon_core.environment:create_environment_scripts_only(rplidar_ros)
[7.126s] Level 1:colcon.colcon_core.environment:checking '/home/ali/Differentional-robot/Differentional_robot_ws/install/rplidar_ros' for CMake module files
[7.130s] Level 1:colcon.colcon_core.environment:checking '/home/ali/Differentional-robot/Differentional_robot_ws/install/rplidar_ros' for CMake config files
[7.131s] Level 1:colcon.colcon_core.shell:create_environment_hook('rplidar_ros', 'cmake_prefix_path')
[7.132s] INFO:colcon.colcon_core.shell:Creating environment hook '/home/ali/Differentional-robot/Differentional_robot_ws/install/rplidar_ros/share/rplidar_ros/hook/cmake_prefix_path.ps1'
[7.128s] DEBUG:colcon.colcon_core.event_handler.log_command:Invoked command in '/home/ali/Differentional-robot/Differentional_robot_ws/build/rplidar_ros' returned '0': CMAKE_PREFIX_PATH=/home/ali/perceptron_ws/install/perceptron_driver:/mnt/c/Users/HP/perceptron_ws/install/perceptron_driver:/opt/ros/humble:${CMAKE_PREFIX_PATH} /usr/bin/cmake --install /home/ali/Differentional-robot/Differentional_robot_ws/build/rplidar_ros
[7.136s] INFO:colcon.colcon_core.shell:Creating environment descriptor '/home/ali/Differentional-robot/Differentional_robot_ws/install/rplidar_ros/share/rplidar_ros/hook/cmake_prefix_path.dsv'
[7.145s] INFO:colcon.colcon_core.shell:Creating environment hook '/home/ali/Differentional-robot/Differentional_robot_ws/install/rplidar_ros/share/rplidar_ros/hook/cmake_prefix_path.sh'
[7.156s] Level 1:colcon.colcon_core.environment:checking '/home/ali/Differentional-robot/Differentional_robot_ws/install/rplidar_ros/lib'
[7.157s] Level 1:colcon.colcon_core.environment:checking '/home/ali/Differentional-robot/Differentional_robot_ws/install/rplidar_ros/bin'
[7.160s] Level 1:colcon.colcon_core.environment:checking '/home/ali/Differentional-robot/Differentional_robot_ws/install/rplidar_ros/lib/pkgconfig/rplidar_ros.pc'
[7.164s] Level 1:colcon.colcon_core.environment:checking '/home/ali/Differentional-robot/Differentional_robot_ws/install/rplidar_ros/lib/python3.10/site-packages'
[7.165s] Level 1:colcon.colcon_core.environment:checking '/home/ali/Differentional-robot/Differentional_robot_ws/install/rplidar_ros/bin'
[7.166s] INFO:colcon.colcon_core.shell:Creating package script '/home/ali/Differentional-robot/Differentional_robot_ws/install/rplidar_ros/share/rplidar_ros/package.ps1'
[7.169s] INFO:colcon.colcon_core.shell:Creating package descriptor '/home/ali/Differentional-robot/Differentional_robot_ws/install/rplidar_ros/share/rplidar_ros/package.dsv'
[7.171s] INFO:colcon.colcon_core.shell:Creating package script '/home/ali/Differentional-robot/Differentional_robot_ws/install/rplidar_ros/share/rplidar_ros/package.sh'
[7.175s] INFO:colcon.colcon_core.shell:Creating package script '/home/ali/Differentional-robot/Differentional_robot_ws/install/rplidar_ros/share/rplidar_ros/package.bash'
[7.178s] INFO:colcon.colcon_core.shell:Creating package script '/home/ali/Differentional-robot/Differentional_robot_ws/install/rplidar_ros/share/rplidar_ros/package.zsh'
[7.180s] Level 1:colcon.colcon_core.environment:create_file_with_runtime_dependencies(/home/ali/Differentional-robot/Differentional_robot_ws/install/rplidar_ros/share/colcon-core/packages/rplidar_ros)
[7.183s] Level 1:colcon.colcon_core.environment:create_environment_scripts_only(rplidar_ros)
[7.184s] Level 1:colcon.colcon_core.environment:checking '/home/ali/Differentional-robot/Differentional_robot_ws/install/rplidar_ros' for CMake module files
[7.186s] Level 1:colcon.colcon_core.environment:checking '/home/ali/Differentional-robot/Differentional_robot_ws/install/rplidar_ros' for CMake config files
[7.187s] Level 1:colcon.colcon_core.shell:create_environment_hook('rplidar_ros', 'cmake_prefix_path')
[7.188s] INFO:colcon.colcon_core.shell:Creating environment hook '/home/ali/Differentional-robot/Differentional_robot_ws/install/rplidar_ros/share/rplidar_ros/hook/cmake_prefix_path.ps1'
[7.191s] INFO:colcon.colcon_core.shell:Creating environment descriptor '/home/ali/Differentional-robot/Differentional_robot_ws/install/rplidar_ros/share/rplidar_ros/hook/cmake_prefix_path.dsv'
[7.194s] INFO:colcon.colcon_core.shell:Creating environment hook '/home/ali/Differentional-robot/Differentional_robot_ws/install/rplidar_ros/share/rplidar_ros/hook/cmake_prefix_path.sh'
[7.199s] Level 1:colcon.colcon_core.environment:checking '/home/ali/Differentional-robot/Differentional_robot_ws/install/rplidar_ros/lib'
[7.200s] Level 1:colcon.colcon_core.environment:checking '/home/ali/Differentional-robot/Differentional_robot_ws/install/rplidar_ros/bin'
[7.200s] Level 1:colcon.colcon_core.environment:checking '/home/ali/Differentional-robot/Differentional_robot_ws/install/rplidar_ros/lib/pkgconfig/rplidar_ros.pc'
[7.201s] Level 1:colcon.colcon_core.environment:checking '/home/ali/Differentional-robot/Differentional_robot_ws/install/rplidar_ros/lib/python3.10/site-packages'
[7.203s] Level 1:colcon.colcon_core.environment:checking '/home/ali/Differentional-robot/Differentional_robot_ws/install/rplidar_ros/bin'
[7.204s] INFO:colcon.colcon_core.shell:Creating package script '/home/ali/Differentional-robot/Differentional_robot_ws/install/rplidar_ros/share/rplidar_ros/package.ps1'
[7.207s] INFO:colcon.colcon_core.shell:Creating package descriptor '/home/ali/Differentional-robot/Differentional_robot_ws/install/rplidar_ros/share/rplidar_ros/package.dsv'
[7.209s] INFO:colcon.colcon_core.shell:Creating package script '/home/ali/Differentional-robot/Differentional_robot_ws/install/rplidar_ros/share/rplidar_ros/package.sh'
[7.213s] INFO:colcon.colcon_core.shell:Creating package script '/home/ali/Differentional-robot/Differentional_robot_ws/install/rplidar_ros/share/rplidar_ros/package.bash'
[7.220s] INFO:colcon.colcon_core.shell:Creating package script '/home/ali/Differentional-robot/Differentional_robot_ws/install/rplidar_ros/share/rplidar_ros/package.zsh'
[7.222s] Level 1:colcon.colcon_core.environment:create_file_with_runtime_dependencies(/home/ali/Differentional-robot/Differentional_robot_ws/install/rplidar_ros/share/colcon-core/packages/rplidar_ros)
[7.227s] Level 1:colcon.colcon_core.environment:create_environment_scripts_only(serial)
[7.228s] Level 1:colcon.colcon_core.environment:checking '/home/ali/Differentional-robot/Differentional_robot_ws/install/serial' for CMake module files
[7.242s] Level 1:colcon.colcon_core.environment:checking '/home/ali/Differentional-robot/Differentional_robot_ws/install/serial' for CMake config files
[7.237s] DEBUG:colcon.colcon_core.event_handler.log_command:Invoked command in '/home/ali/Differentional-robot/Differentional_robot_ws/build/serial' returned '0': CMAKE_PREFIX_PATH=/home/ali/perceptron_ws/install/perceptron_driver:/mnt/c/Users/HP/perceptron_ws/install/perceptron_driver:/opt/ros/humble:${CMAKE_PREFIX_PATH} /usr/bin/cmake --install /home/ali/Differentional-robot/Differentional_robot_ws/build/serial
[7.244s] Level 1:colcon.colcon_core.shell:create_environment_hook('serial', 'cmake_prefix_path')
[7.246s] INFO:colcon.colcon_core.shell:Creating environment hook '/home/ali/Differentional-robot/Differentional_robot_ws/install/serial/share/serial/hook/cmake_prefix_path.ps1'
[7.248s] INFO:colcon.colcon_core.shell:Creating environment descriptor '/home/ali/Differentional-robot/Differentional_robot_ws/install/serial/share/serial/hook/cmake_prefix_path.dsv'
[7.249s] INFO:colcon.colcon_core.shell:Creating environment hook '/home/ali/Differentional-robot/Differentional_robot_ws/install/serial/share/serial/hook/cmake_prefix_path.sh'
[7.257s] Level 1:colcon.colcon_core.environment:checking '/home/ali/Differentional-robot/Differentional_robot_ws/install/serial/lib'
[7.257s] Level 1:colcon.colcon_core.environment:checking '/home/ali/Differentional-robot/Differentional_robot_ws/install/serial/bin'
[7.258s] Level 1:colcon.colcon_core.environment:checking '/home/ali/Differentional-robot/Differentional_robot_ws/install/serial/lib/pkgconfig/serial.pc'
[7.259s] Level 1:colcon.colcon_core.environment:checking '/home/ali/Differentional-robot/Differentional_robot_ws/install/serial/lib/python3.10/site-packages'
[7.260s] Level 1:colcon.colcon_core.environment:checking '/home/ali/Differentional-robot/Differentional_robot_ws/install/serial/bin'
[7.261s] INFO:colcon.colcon_core.shell:Creating package script '/home/ali/Differentional-robot/Differentional_robot_ws/install/serial/share/serial/package.ps1'
[7.274s] INFO:colcon.colcon_core.shell:Creating package descriptor '/home/ali/Differentional-robot/Differentional_robot_ws/install/serial/share/serial/package.dsv'
[7.276s] INFO:colcon.colcon_core.shell:Creating package script '/home/ali/Differentional-robot/Differentional_robot_ws/install/serial/share/serial/package.sh'
[7.279s] INFO:colcon.colcon_core.shell:Creating package script '/home/ali/Differentional-robot/Differentional_robot_ws/install/serial/share/serial/package.bash'
[7.284s] INFO:colcon.colcon_core.shell:Creating package script '/home/ali/Differentional-robot/Differentional_robot_ws/install/serial/share/serial/package.zsh'
[7.287s] Level 1:colcon.colcon_core.environment:create_file_with_runtime_dependencies(/home/ali/Differentional-robot/Differentional_robot_ws/install/serial/share/colcon-core/packages/serial)
[7.292s] Level 1:colcon.colcon_core.environment:create_environment_scripts_only(serial)
[7.294s] Level 1:colcon.colcon_core.environment:checking '/home/ali/Differentional-robot/Differentional_robot_ws/install/serial' for CMake module files
[7.295s] Level 1:colcon.colcon_core.environment:checking '/home/ali/Differentional-robot/Differentional_robot_ws/install/serial' for CMake config files
[7.296s] Level 1:colcon.colcon_core.shell:create_environment_hook('serial', 'cmake_prefix_path')
[7.299s] INFO:colcon.colcon_core.shell:Creating environment hook '/home/ali/Differentional-robot/Differentional_robot_ws/install/serial/share/serial/hook/cmake_prefix_path.ps1'
[7.301s] INFO:colcon.colcon_core.shell:Creating environment descriptor '/home/ali/Differentional-robot/Differentional_robot_ws/install/serial/share/serial/hook/cmake_prefix_path.dsv'
[7.304s] INFO:colcon.colcon_core.shell:Creating environment hook '/home/ali/Differentional-robot/Differentional_robot_ws/install/serial/share/serial/hook/cmake_prefix_path.sh'
[7.307s] Level 1:colcon.colcon_core.environment:checking '/home/ali/Differentional-robot/Differentional_robot_ws/install/serial/lib'
[7.307s] Level 1:colcon.colcon_core.environment:checking '/home/ali/Differentional-robot/Differentional_robot_ws/install/serial/bin'
[7.307s] Level 1:colcon.colcon_core.environment:checking '/home/ali/Differentional-robot/Differentional_robot_ws/install/serial/lib/pkgconfig/serial.pc'
[7.308s] Level 1:colcon.colcon_core.environment:checking '/home/ali/Differentional-robot/Differentional_robot_ws/install/serial/lib/python3.10/site-packages'
[7.309s] Level 1:colcon.colcon_core.environment:checking '/home/ali/Differentional-robot/Differentional_robot_ws/install/serial/bin'
[7.310s] INFO:colcon.colcon_core.shell:Creating package script '/home/ali/Differentional-robot/Differentional_robot_ws/install/serial/share/serial/package.ps1'
[7.316s] INFO:colcon.colcon_core.shell:Creating package descriptor '/home/ali/Differentional-robot/Differentional_robot_ws/install/serial/share/serial/package.dsv'
[7.329s] INFO:colcon.colcon_core.shell:Creating package script '/home/ali/Differentional-robot/Differentional_robot_ws/install/serial/share/serial/package.sh'
[7.332s] INFO:colcon.colcon_core.shell:Creating package script '/home/ali/Differentional-robot/Differentional_robot_ws/install/serial/share/serial/package.bash'
[7.338s] INFO:colcon.colcon_core.shell:Creating package script '/home/ali/Differentional-robot/Differentional_robot_ws/install/serial/share/serial/package.zsh'
[7.346s] Level 1:colcon.colcon_core.environment:create_file_with_runtime_dependencies(/home/ali/Differentional-robot/Differentional_robot_ws/install/serial/share/colcon-core/packages/serial)
[23.222s] DEBUG:colcon.colcon_core.event_handler.log_command:Invoked command in '/home/ali/Differentional-robot/Differentional_robot_ws/build/diffdrive_arduino' returned '0': CMAKE_PREFIX_PATH=/home/ali/perceptron_ws/install/perceptron_driver:/mnt/c/Users/HP/perceptron_ws/install/perceptron_driver:/opt/ros/humble:${CMAKE_PREFIX_PATH} /usr/bin/cmake --build /home/ali/Differentional-robot/Differentional_robot_ws/build/diffdrive_arduino -- -j4 -l4
[23.240s] DEBUG:colcon.colcon_core.event_handler.log_command:Invoking command in '/home/ali/Differentional-robot/Differentional_robot_ws/build/diffdrive_arduino': CMAKE_PREFIX_PATH=/home/ali/perceptron_ws/install/perceptron_driver:/mnt/c/Users/HP/perceptron_ws/install/perceptron_driver:/opt/ros/humble:${CMAKE_PREFIX_PATH} /usr/bin/cmake --install /home/ali/Differentional-robot/Differentional_robot_ws/build/diffdrive_arduino
[23.388s] Level 1:colcon.colcon_core.environment:create_environment_scripts_only(diffdrive_arduino)
[23.392s] Level 1:colcon.colcon_core.environment:checking '/home/ali/Differentional-robot/Differentional_robot_ws/install/diffdrive_arduino' for CMake module files
[23.395s] DEBUG:colcon.colcon_core.event_handler.log_command:Invoked command in '/home/ali/Differentional-robot/Differentional_robot_ws/build/diffdrive_arduino' returned '0': CMAKE_PREFIX_PATH=/home/ali/perceptron_ws/install/perceptron_driver:/mnt/c/Users/HP/perceptron_ws/install/perceptron_driver:/opt/ros/humble:${CMAKE_PREFIX_PATH} /usr/bin/cmake --install /home/ali/Differentional-robot/Differentional_robot_ws/build/diffdrive_arduino
[23.398s] Level 1:colcon.colcon_core.environment:checking '/home/ali/Differentional-robot/Differentional_robot_ws/install/diffdrive_arduino' for CMake config files
[23.399s] Level 1:colcon.colcon_core.shell:create_environment_hook('diffdrive_arduino', 'cmake_prefix_path')
[23.400s] INFO:colcon.colcon_core.shell:Creating environment hook '/home/ali/Differentional-robot/Differentional_robot_ws/install/diffdrive_arduino/share/diffdrive_arduino/hook/cmake_prefix_path.ps1'
[23.402s] INFO:colcon.colcon_core.shell:Creating environment descriptor '/home/ali/Differentional-robot/Differentional_robot_ws/install/diffdrive_arduino/share/diffdrive_arduino/hook/cmake_prefix_path.dsv'
[23.404s] INFO:colcon.colcon_core.shell:Creating environment hook '/home/ali/Differentional-robot/Differentional_robot_ws/install/diffdrive_arduino/share/diffdrive_arduino/hook/cmake_prefix_path.sh'
[23.408s] Level 1:colcon.colcon_core.environment:checking '/home/ali/Differentional-robot/Differentional_robot_ws/install/diffdrive_arduino/lib'
[23.409s] Level 1:colcon.colcon_core.shell:create_environment_hook('diffdrive_arduino', 'ld_library_path_lib')
[23.409s] INFO:colcon.colcon_core.shell:Creating environment hook '/home/ali/Differentional-robot/Differentional_robot_ws/install/diffdrive_arduino/share/diffdrive_arduino/hook/ld_library_path_lib.ps1'
[23.411s] INFO:colcon.colcon_core.shell:Creating environment descriptor '/home/ali/Differentional-robot/Differentional_robot_ws/install/diffdrive_arduino/share/diffdrive_arduino/hook/ld_library_path_lib.dsv'
[23.413s] INFO:colcon.colcon_core.shell:Creating environment hook '/home/ali/Differentional-robot/Differentional_robot_ws/install/diffdrive_arduino/share/diffdrive_arduino/hook/ld_library_path_lib.sh'
[23.415s] Level 1:colcon.colcon_core.environment:checking '/home/ali/Differentional-robot/Differentional_robot_ws/install/diffdrive_arduino/bin'
[23.416s] Level 1:colcon.colcon_core.environment:checking '/home/ali/Differentional-robot/Differentional_robot_ws/install/diffdrive_arduino/lib/pkgconfig/diffdrive_arduino.pc'
[23.417s] Level 1:colcon.colcon_core.environment:checking '/home/ali/Differentional-robot/Differentional_robot_ws/install/diffdrive_arduino/lib/python3.10/site-packages'
[23.418s] Level 1:colcon.colcon_core.environment:checking '/home/ali/Differentional-robot/Differentional_robot_ws/install/diffdrive_arduino/bin'
[23.420s] INFO:colcon.colcon_core.shell:Creating package script '/home/ali/Differentional-robot/Differentional_robot_ws/install/diffdrive_arduino/share/diffdrive_arduino/package.ps1'
[23.424s] INFO:colcon.colcon_core.shell:Creating package descriptor '/home/ali/Differentional-robot/Differentional_robot_ws/install/diffdrive_arduino/share/diffdrive_arduino/package.dsv'
[23.426s] INFO:colcon.colcon_core.shell:Creating package script '/home/ali/Differentional-robot/Differentional_robot_ws/install/diffdrive_arduino/share/diffdrive_arduino/package.sh'
[23.429s] INFO:colcon.colcon_core.shell:Creating package script '/home/ali/Differentional-robot/Differentional_robot_ws/install/diffdrive_arduino/share/diffdrive_arduino/package.bash'
[23.432s] INFO:colcon.colcon_core.shell:Creating package script '/home/ali/Differentional-robot/Differentional_robot_ws/install/diffdrive_arduino/share/diffdrive_arduino/package.zsh'
[23.434s] Level 1:colcon.colcon_core.environment:create_file_with_runtime_dependencies(/home/ali/Differentional-robot/Differentional_robot_ws/install/diffdrive_arduino/share/colcon-core/packages/diffdrive_arduino)
[23.437s] Level 1:colcon.colcon_core.environment:create_environment_scripts_only(diffdrive_arduino)
[23.438s] Level 1:colcon.colcon_core.environment:checking '/home/ali/Differentional-robot/Differentional_robot_ws/install/diffdrive_arduino' for CMake module files
[23.440s] Level 1:colcon.colcon_core.environment:checking '/home/ali/Differentional-robot/Differentional_robot_ws/install/diffdrive_arduino' for CMake config files
[23.444s] Level 1:colcon.colcon_core.shell:create_environment_hook('diffdrive_arduino', 'cmake_prefix_path')
[23.445s] INFO:colcon.colcon_core.shell:Creating environment hook '/home/ali/Differentional-robot/Differentional_robot_ws/install/diffdrive_arduino/share/diffdrive_arduino/hook/cmake_prefix_path.ps1'
[23.451s] INFO:colcon.colcon_core.shell:Creating environment descriptor '/home/ali/Differentional-robot/Differentional_robot_ws/install/diffdrive_arduino/share/diffdrive_arduino/hook/cmake_prefix_path.dsv'
[23.454s] INFO:colcon.colcon_core.shell:Creating environment hook '/home/ali/Differentional-robot/Differentional_robot_ws/install/diffdrive_arduino/share/diffdrive_arduino/hook/cmake_prefix_path.sh'
[23.457s] Level 1:colcon.colcon_core.environment:checking '/home/ali/Differentional-robot/Differentional_robot_ws/install/diffdrive_arduino/lib'
[23.458s] Level 1:colcon.colcon_core.shell:create_environment_hook('diffdrive_arduino', 'ld_library_path_lib')
[23.459s] INFO:colcon.colcon_core.shell:Creating environment hook '/home/ali/Differentional-robot/Differentional_robot_ws/install/diffdrive_arduino/share/diffdrive_arduino/hook/ld_library_path_lib.ps1'
[23.463s] INFO:colcon.colcon_core.shell:Creating environment descriptor '/home/ali/Differentional-robot/Differentional_robot_ws/install/diffdrive_arduino/share/diffdrive_arduino/hook/ld_library_path_lib.dsv'
[23.465s] INFO:colcon.colcon_core.shell:Creating environment hook '/home/ali/Differentional-robot/Differentional_robot_ws/install/diffdrive_arduino/share/diffdrive_arduino/hook/ld_library_path_lib.sh'
[23.467s] Level 1:colcon.colcon_core.environment:checking '/home/ali/Differentional-robot/Differentional_robot_ws/install/diffdrive_arduino/bin'
[23.468s] Level 1:colcon.colcon_core.environment:checking '/home/ali/Differentional-robot/Differentional_robot_ws/install/diffdrive_arduino/lib/pkgconfig/diffdrive_arduino.pc'
[23.469s] Level 1:colcon.colcon_core.environment:checking '/home/ali/Differentional-robot/Differentional_robot_ws/install/diffdrive_arduino/lib/python3.10/site-packages'
[23.471s] Level 1:colcon.colcon_core.environment:checking '/home/ali/Differentional-robot/Differentional_robot_ws/install/diffdrive_arduino/bin'
[23.473s] INFO:colcon.colcon_core.shell:Creating package script '/home/ali/Differentional-robot/Differentional_robot_ws/install/diffdrive_arduino/share/diffdrive_arduino/package.ps1'
[23.477s] INFO:colcon.colcon_core.shell:Creating package descriptor '/home/ali/Differentional-robot/Differentional_robot_ws/install/diffdrive_arduino/share/diffdrive_arduino/package.dsv'
[23.479s] INFO:colcon.colcon_core.shell:Creating package script '/home/ali/Differentional-robot/Differentional_robot_ws/install/diffdrive_arduino/share/diffdrive_arduino/package.sh'
[23.482s] INFO:colcon.colcon_core.shell:Creating package script '/home/ali/Differentional-robot/Differentional_robot_ws/install/diffdrive_arduino/share/diffdrive_arduino/package.bash'
[23.484s] INFO:colcon.colcon_core.shell:Creating package script '/home/ali/Differentional-robot/Differentional_robot_ws/install/diffdrive_arduino/share/diffdrive_arduino/package.zsh'
[23.489s] Level 1:colcon.colcon_core.environment:create_file_with_runtime_dependencies(/home/ali/Differentional-robot/Differentional_robot_ws/install/diffdrive_arduino/share/colcon-core/packages/diffdrive_arduino)
[23.492s] DEBUG:colcon.colcon_parallel_executor.executor.parallel:closing loop
[23.495s] DEBUG:colcon.colcon_parallel_executor.executor.parallel:loop closed
[23.496s] DEBUG:colcon.colcon_parallel_executor.executor.parallel:run_until_complete finished with '0'
[23.497s] DEBUG:colcon.colcon_core.event_reactor:joining thread
[23.665s] INFO:colcon.colcon_core.plugin_system:Skipping extension 'colcon_notification.desktop_notification.notify_send': Could not find 'notify-send'
[23.666s] INFO:colcon.colcon_core.plugin_system:Skipping extension 'colcon_notification.desktop_notification.terminal_notifier': Not used on non-Darwin systems
[23.666s] INFO:colcon.colcon_core.plugin_system:Skipping extension 'colcon_notification.desktop_notification.win32': Not used on non-Windows systems
[23.667s] INFO:colcon.colcon_notification.desktop_notification:Sending desktop notification using 'notify2'
[23.668s] DEBUG:colcon.colcon_notification.desktop_notification.notify2:Failed to initialize notify2: org.freedesktop.DBus.Error.FileNotFound: Failed to connect to socket /run/user/1000/bus: No such file or directory
[23.668s] DEBUG:colcon.colcon_core.event_reactor:joined thread
[23.670s] INFO:colcon.colcon_core.shell:Creating prefix script '/home/ali/Differentional-robot/Differentional_robot_ws/install/local_setup.ps1'
[23.673s] INFO:colcon.colcon_core.shell:Creating prefix util module '/home/ali/Differentional-robot/Differentional_robot_ws/install/_local_setup_util_ps1.py'
[23.689s] INFO:colcon.colcon_core.shell:Creating prefix chain script '/home/ali/Differentional-robot/Differentional_robot_ws/install/setup.ps1'
[23.932s] INFO:colcon.colcon_core.shell:Creating prefix script '/home/ali/Differentional-robot/Differentional_robot_ws/install/local_setup.sh'
[23.935s] INFO:colcon.colcon_core.shell:Creating prefix util module '/home/ali/Differentional-robot/Differentional_robot_ws/install/_local_setup_util_sh.py'
[23.937s] INFO:colcon.colcon_core.shell:Creating prefix chain script '/home/ali/Differentional-robot/Differentional_robot_ws/install/setup.sh'
[24.319s] INFO:colcon.colcon_core.shell:Creating prefix script '/home/ali/Differentional-robot/Differentional_robot_ws/install/local_setup.bash'
[24.321s] INFO:colcon.colcon_core.shell:Creating prefix chain script '/home/ali/Differentional-robot/Differentional_robot_ws/install/setup.bash'
[24.562s] INFO:colcon.colcon_core.shell:Creating prefix script '/home/ali/Differentional-robot/Differentional_robot_ws/install/local_setup.zsh'
[24.564s] INFO:colcon.colcon_core.shell:Creating prefix chain script '/home/ali/Differentional-robot/Differentional_robot_ws/install/setup.zsh'
