[0.875s] Invoking command in '/home/ali/Differentional-robot/Differentional_robot_ws/build/serial': CMAKE_PREFIX_PATH=/home/ali/perceptron_ws/install/perceptron_driver:/mnt/c/Users/HP/perceptron_ws/install/perceptron_driver:/opt/ros/humble:${CMAKE_PREFIX_PATH} /usr/bin/cmake --build /home/ali/Differentional-robot/Differentional_robot_ws/build/serial -- -j4 -l4
[1.211s] [ 28%] Built target serial
[1.229s] [ 42%] Built target gtest_main
[1.248s] [ 57%] Built target gtest
[1.427s] [ 71%] Built target serial_example
[1.461s] [ 85%] Built target serial-test
[1.461s] [100%] Built target serial-test-timer
[1.531s] Invoked command in '/home/ali/Differentional-robot/Differentional_robot_ws/build/serial' returned '0': CMAKE_PREFIX_PATH=/home/ali/perceptron_ws/install/perceptron_driver:/mnt/c/Users/HP/perceptron_ws/install/perceptron_driver:/opt/ros/humble:${CMAKE_PREFIX_PATH} /usr/bin/cmake --build /home/ali/Differentional-robot/Differentional_robot_ws/build/serial -- -j4 -l4
[1.533s] Invoking command in '/home/ali/Differentional-robot/Differentional_robot_ws/build/serial': CMAKE_PREFIX_PATH=/home/ali/perceptron_ws/install/perceptron_driver:/mnt/c/Users/HP/perceptron_ws/install/perceptron_driver:/opt/ros/humble:${CMAKE_PREFIX_PATH} /usr/bin/cmake --install /home/ali/Differentional-robot/Differentional_robot_ws/build/serial
[1.577s] -- Install configuration: ""
[1.578s] -- Execute custom install script
[1.578s] -- Up-to-date symlink: /home/ali/Differentional-robot/Differentional_robot_ws/install/serial/lib/libserial.a
[1.583s] -- Up-to-date symlink: /home/ali/Differentional-robot/Differentional_robot_ws/install/serial/include/serial/serial.h
[1.586s] -- Up-to-date symlink: /home/ali/Differentional-robot/Differentional_robot_ws/install/serial/include/serial/v8stdint.h
[1.588s] -- Up-to-date symlink: /home/ali/Differentional-robot/Differentional_robot_ws/install/serial/share/serial/environment/library_path.sh
[1.590s] -- Up-to-date symlink: /home/ali/Differentional-robot/Differentional_robot_ws/install/serial/share/serial/environment/library_path.dsv
[1.591s] -- Up-to-date symlink: /home/ali/Differentional-robot/Differentional_robot_ws/install/serial/share/ament_index/resource_index/package_run_dependencies/serial
[1.591s] -- Up-to-date symlink: /home/ali/Differentional-robot/Differentional_robot_ws/install/serial/share/ament_index/resource_index/parent_prefix_path/serial
[1.591s] -- Up-to-date symlink: /home/ali/Differentional-robot/Differentional_robot_ws/install/serial/share/serial/environment/ament_prefix_path.sh
[1.592s] -- Up-to-date symlink: /home/ali/Differentional-robot/Differentional_robot_ws/install/serial/share/serial/environment/ament_prefix_path.dsv
[1.594s] -- Up-to-date symlink: /home/ali/Differentional-robot/Differentional_robot_ws/install/serial/share/serial/environment/path.sh
[1.595s] -- Up-to-date symlink: /home/ali/Differentional-robot/Differentional_robot_ws/install/serial/share/serial/environment/path.dsv
[1.596s] -- Up-to-date symlink: /home/ali/Differentional-robot/Differentional_robot_ws/install/serial/share/serial/local_setup.bash
[1.596s] -- Up-to-date symlink: /home/ali/Differentional-robot/Differentional_robot_ws/install/serial/share/serial/local_setup.sh
[1.597s] -- Up-to-date symlink: /home/ali/Differentional-robot/Differentional_robot_ws/install/serial/share/serial/local_setup.zsh
[1.597s] -- Up-to-date symlink: /home/ali/Differentional-robot/Differentional_robot_ws/install/serial/share/serial/local_setup.dsv
[1.598s] -- Symlinking: /home/ali/Differentional-robot/Differentional_robot_ws/install/serial/share/serial/package.dsv
[1.649s] -- Up-to-date symlink: /home/ali/Differentional-robot/Differentional_robot_ws/install/serial/share/ament_index/resource_index/packages/serial
[1.651s] -- Up-to-date symlink: /home/ali/Differentional-robot/Differentional_robot_ws/install/serial/share/serial/cmake/ament_cmake_export_include_directories-extras.cmake
[1.656s] -- Up-to-date symlink: /home/ali/Differentional-robot/Differentional_robot_ws/install/serial/share/serial/cmake/ament_cmake_export_libraries-extras.cmake
[1.665s] -- Up-to-date symlink: /home/ali/Differentional-robot/Differentional_robot_ws/install/serial/share/serial/cmake/serialConfig.cmake
[1.666s] -- Up-to-date symlink: /home/ali/Differentional-robot/Differentional_robot_ws/install/serial/share/serial/cmake/serialConfig-version.cmake
[1.679s] -- Up-to-date symlink: /home/ali/Differentional-robot/Differentional_robot_ws/install/serial/share/serial/package.xml
[1.773s] Invoked command in '/home/ali/Differentional-robot/Differentional_robot_ws/build/serial' returned '0': CMAKE_PREFIX_PATH=/home/ali/perceptron_ws/install/perceptron_driver:/mnt/c/Users/HP/perceptron_ws/install/perceptron_driver:/opt/ros/humble:${CMAKE_PREFIX_PATH} /usr/bin/cmake --install /home/ali/Differentional-robot/Differentional_robot_ws/build/serial
