[0.653s] Invoking command in '/home/ali/Differentional-robot/Differentional_robot_ws/build/serial': CMAKE_PREFIX_PATH=${CMAKE_PREFIX_PATH}:/home/ali/perceptron_ws/install/perceptron_driver:/mnt/c/Users/HP/perceptron_ws/install/perceptron_driver:/opt/ros/humble /usr/bin/cmake --build /home/ali/Differentional-robot/Differentional_robot_ws/build/serial -- -j4 -l4
[1.262s] [ 14%] Built target gtest_main
[1.337s] [ 42%] Built target serial
[1.356s] [ 57%] Built target gtest
[1.530s] [ 71%] Built target serial-test-timer
[1.559s] [ 85%] Built target serial_example
[1.653s] [100%] Built target serial-test
[1.782s] Invoked command in '/home/ali/Differentional-robot/Differentional_robot_ws/build/serial' returned '0': CMAKE_PREFIX_PATH=${CMAKE_PREFIX_PATH}:/home/ali/perceptron_ws/install/perceptron_driver:/mnt/c/Users/HP/perceptron_ws/install/perceptron_driver:/opt/ros/humble /usr/bin/cmake --build /home/ali/Differentional-robot/Differentional_robot_ws/build/serial -- -j4 -l4
[1.797s] Invoking command in '/home/ali/Differentional-robot/Differentional_robot_ws/build/serial': CMAKE_PREFIX_PATH=${CMAKE_PREFIX_PATH}:/home/ali/perceptron_ws/install/perceptron_driver:/mnt/c/Users/HP/perceptron_ws/install/perceptron_driver:/opt/ros/humble /usr/bin/cmake --install /home/ali/Differentional-robot/Differentional_robot_ws/build/serial
[1.849s] -- Install configuration: ""
[1.849s] -- Execute custom install script
[1.863s] -- Up-to-date symlink: /home/ali/Differentional-robot/Differentional_robot_ws/install/serial/lib/libserial.a
[1.865s] -- Up-to-date symlink: /home/ali/Differentional-robot/Differentional_robot_ws/install/serial/include/serial/serial.h
[1.867s] -- Up-to-date symlink: /home/ali/Differentional-robot/Differentional_robot_ws/install/serial/include/serial/v8stdint.h
[1.869s] -- Up-to-date symlink: /home/ali/Differentional-robot/Differentional_robot_ws/install/serial/share/serial/environment/library_path.sh
[1.874s] -- Up-to-date symlink: /home/ali/Differentional-robot/Differentional_robot_ws/install/serial/share/serial/environment/library_path.dsv
[1.881s] -- Up-to-date symlink: /home/ali/Differentional-robot/Differentional_robot_ws/install/serial/share/ament_index/resource_index/package_run_dependencies/serial
[1.881s] -- Up-to-date symlink: /home/ali/Differentional-robot/Differentional_robot_ws/install/serial/share/ament_index/resource_index/parent_prefix_path/serial
[1.881s] -- Up-to-date symlink: /home/ali/Differentional-robot/Differentional_robot_ws/install/serial/share/serial/environment/ament_prefix_path.sh
[1.881s] -- Up-to-date symlink: /home/ali/Differentional-robot/Differentional_robot_ws/install/serial/share/serial/environment/ament_prefix_path.dsv
[1.881s] -- Up-to-date symlink: /home/ali/Differentional-robot/Differentional_robot_ws/install/serial/share/serial/environment/path.sh
[1.882s] -- Up-to-date symlink: /home/ali/Differentional-robot/Differentional_robot_ws/install/serial/share/serial/environment/path.dsv
[1.887s] -- Up-to-date symlink: /home/ali/Differentional-robot/Differentional_robot_ws/install/serial/share/serial/local_setup.bash
[1.888s] -- Up-to-date symlink: /home/ali/Differentional-robot/Differentional_robot_ws/install/serial/share/serial/local_setup.sh
[1.889s] -- Up-to-date symlink: /home/ali/Differentional-robot/Differentional_robot_ws/install/serial/share/serial/local_setup.zsh
[1.891s] -- Up-to-date symlink: /home/ali/Differentional-robot/Differentional_robot_ws/install/serial/share/serial/local_setup.dsv
[1.903s] -- Symlinking: /home/ali/Differentional-robot/Differentional_robot_ws/install/serial/share/serial/package.dsv
[1.981s] -- Up-to-date symlink: /home/ali/Differentional-robot/Differentional_robot_ws/install/serial/share/ament_index/resource_index/packages/serial
[1.982s] -- Up-to-date symlink: /home/ali/Differentional-robot/Differentional_robot_ws/install/serial/share/serial/cmake/ament_cmake_export_include_directories-extras.cmake
[1.982s] -- Up-to-date symlink: /home/ali/Differentional-robot/Differentional_robot_ws/install/serial/share/serial/cmake/ament_cmake_export_libraries-extras.cmake
[1.996s] -- Up-to-date symlink: /home/ali/Differentional-robot/Differentional_robot_ws/install/serial/share/serial/cmake/serialConfig.cmake
[1.997s] -- Up-to-date symlink: /home/ali/Differentional-robot/Differentional_robot_ws/install/serial/share/serial/cmake/serialConfig-version.cmake
[1.998s] -- Up-to-date symlink: /home/ali/Differentional-robot/Differentional_robot_ws/install/serial/share/serial/package.xml
[2.026s] Invoked command in '/home/ali/Differentional-robot/Differentional_robot_ws/build/serial' returned '0': CMAKE_PREFIX_PATH=${CMAKE_PREFIX_PATH}:/home/ali/perceptron_ws/install/perceptron_driver:/mnt/c/Users/HP/perceptron_ws/install/perceptron_driver:/opt/ros/humble /usr/bin/cmake --install /home/ali/Differentional-robot/Differentional_robot_ws/build/serial
