[2.881s] Invoking command in '/home/ali/Differentional-robot/Differentional_robot_ws/build/articubot_one': CMAKE_PREFIX_PATH=/home/ali/perceptron_ws/install/perceptron_driver:/mnt/c/Users/HP/perceptron_ws/install/perceptron_driver:/opt/ros/humble:${CMAKE_PREFIX_PATH} /usr/bin/cmake --build /home/ali/Differentional-robot/Differentional_robot_ws/build/articubot_one -- -j4 -l4
[3.134s] Invoked command in '/home/ali/Differentional-robot/Differentional_robot_ws/build/articubot_one' returned '0': CMAKE_PREFIX_PATH=/home/ali/perceptron_ws/install/perceptron_driver:/mnt/c/Users/HP/perceptron_ws/install/perceptron_driver:/opt/ros/humble:${CMAKE_PREFIX_PATH} /usr/bin/cmake --build /home/ali/Differentional-robot/Differentional_robot_ws/build/articubot_one -- -j4 -l4
[3.229s] Invoking command in '/home/ali/Differentional-robot/Differentional_robot_ws/build/articubot_one': CMAKE_PREFIX_PATH=/home/ali/perceptron_ws/install/perceptron_driver:/mnt/c/Users/HP/perceptron_ws/install/perceptron_driver:/opt/ros/humble:${CMAKE_PREFIX_PATH} /usr/bin/cmake --install /home/ali/Differentional-robot/Differentional_robot_ws/build/articubot_one
[3.289s] -- Install configuration: ""
[3.297s] -- Execute custom install script
[3.298s] -- Up-to-date symlink: /home/ali/Differentional-robot/Differentional_robot_ws/install/articubot_one/share/articubot_one/config/drive_bot.rviz
[3.299s] -- Up-to-date symlink: /home/ali/Differentional-robot/Differentional_robot_ws/install/articubot_one/share/articubot_one/config/empty.yaml
[3.304s] -- Up-to-date symlink: /home/ali/Differentional-robot/Differentional_robot_ws/install/articubot_one/share/articubot_one/config/joystick.yaml
[3.304s] -- Up-to-date symlink: /home/ali/Differentional-robot/Differentional_robot_ws/install/articubot_one/share/articubot_one/config/main.rviz
[3.304s] -- Up-to-date symlink: /home/ali/Differentional-robot/Differentional_robot_ws/install/articubot_one/share/articubot_one/config/map.rviz
[3.316s] -- Up-to-date symlink: /home/ali/Differentional-robot/Differentional_robot_ws/install/articubot_one/share/articubot_one/config/mapper_params_online_async.yaml
[3.316s] -- Up-to-date symlink: /home/ali/Differentional-robot/Differentional_robot_ws/install/articubot_one/share/articubot_one/config/my_controllers.yaml
[3.316s] -- Up-to-date symlink: /home/ali/Differentional-robot/Differentional_robot_ws/install/articubot_one/share/articubot_one/config/nav2_params.yaml
[3.317s] -- Up-to-date symlink: /home/ali/Differentional-robot/Differentional_robot_ws/install/articubot_one/share/articubot_one/config/twist_mux.yaml
[3.317s] -- Up-to-date symlink: /home/ali/Differentional-robot/Differentional_robot_ws/install/articubot_one/share/articubot_one/config/view_bot.rviz
[3.317s] -- Up-to-date symlink: /home/ali/Differentional-robot/Differentional_robot_ws/install/articubot_one/share/articubot_one/description/inertial_macros.xacro
[3.317s] -- Up-to-date symlink: /home/ali/Differentional-robot/Differentional_robot_ws/install/articubot_one/share/articubot_one/description/lidar.xacro
[3.317s] -- Up-to-date symlink: /home/ali/Differentional-robot/Differentional_robot_ws/install/articubot_one/share/articubot_one/description/meshes/base_link.STL
[3.318s] -- Up-to-date symlink: /home/ali/Differentional-robot/Differentional_robot_ws/install/articubot_one/share/articubot_one/description/meshes/caster_Link.STL
[3.318s] -- Up-to-date symlink: /home/ali/Differentional-robot/Differentional_robot_ws/install/articubot_one/share/articubot_one/description/meshes/imu_Link.STL
[3.318s] -- Up-to-date symlink: /home/ali/Differentional-robot/Differentional_robot_ws/install/articubot_one/share/articubot_one/description/meshes/lidar_Link.STL
[3.323s] -- Up-to-date symlink: /home/ali/Differentional-robot/Differentional_robot_ws/install/articubot_one/share/articubot_one/description/meshes/wheel_left_Link.STL
[3.327s] -- Up-to-date symlink: /home/ali/Differentional-robot/Differentional_robot_ws/install/articubot_one/share/articubot_one/description/meshes/wheel_right_Link.STL
[3.328s] -- Up-to-date symlink: /home/ali/Differentional-robot/Differentional_robot_ws/install/articubot_one/share/articubot_one/description/robot.urdf.xacro
[3.345s] -- Up-to-date symlink: /home/ali/Differentional-robot/Differentional_robot_ws/install/articubot_one/share/articubot_one/description/robot_core.xacro
[3.346s] -- Up-to-date symlink: /home/ali/Differentional-robot/Differentional_robot_ws/install/articubot_one/share/articubot_one/description/ros2_control.xacro
[3.346s] -- Up-to-date symlink: /home/ali/Differentional-robot/Differentional_robot_ws/install/articubot_one/share/articubot_one/launch/joystick.launch.py
[3.346s] -- Up-to-date symlink: /home/ali/Differentional-robot/Differentional_robot_ws/install/articubot_one/share/articubot_one/launch/launch_robot.launch.py
[3.346s] -- Up-to-date symlink: /home/ali/Differentional-robot/Differentional_robot_ws/install/articubot_one/share/articubot_one/launch/localization_launch.py
[3.354s] -- Up-to-date symlink: /home/ali/Differentional-robot/Differentional_robot_ws/install/articubot_one/share/articubot_one/launch/navigation_launch.py
[3.355s] -- Up-to-date symlink: /home/ali/Differentional-robot/Differentional_robot_ws/install/articubot_one/share/articubot_one/launch/online_async_launch.py
[3.355s] -- Up-to-date symlink: /home/ali/Differentional-robot/Differentional_robot_ws/install/articubot_one/share/articubot_one/launch/rplidar.launch.py
[3.375s] -- Up-to-date symlink: /home/ali/Differentional-robot/Differentional_robot_ws/install/articubot_one/share/articubot_one/launch/rsp.launch.py
[3.375s] -- Up-to-date symlink: /home/ali/Differentional-robot/Differentional_robot_ws/install/articubot_one/share/articubot_one/meshes/base_link.STL
[3.381s] -- Up-to-date symlink: /home/ali/Differentional-robot/Differentional_robot_ws/install/articubot_one/share/articubot_one/meshes/caster_Link.STL
[3.382s] -- Up-to-date symlink: /home/ali/Differentional-robot/Differentional_robot_ws/install/articubot_one/share/articubot_one/meshes/imu_Link.STL
[3.404s] -- Up-to-date symlink: /home/ali/Differentional-robot/Differentional_robot_ws/install/articubot_one/share/articubot_one/meshes/lidar_Link.STL
[3.404s] -- Up-to-date symlink: /home/ali/Differentional-robot/Differentional_robot_ws/install/articubot_one/share/articubot_one/meshes/wheel_left_Link.STL
[3.405s] -- Up-to-date symlink: /home/ali/Differentional-robot/Differentional_robot_ws/install/articubot_one/share/articubot_one/meshes/wheel_right_Link.STL
[3.406s] -- Up-to-date symlink: /home/ali/Differentional-robot/Differentional_robot_ws/install/articubot_one/share/ament_index/resource_index/package_run_dependencies/articubot_one
[3.406s] -- Up-to-date symlink: /home/ali/Differentional-robot/Differentional_robot_ws/install/articubot_one/share/ament_index/resource_index/parent_prefix_path/articubot_one
[3.414s] -- Up-to-date symlink: /home/ali/Differentional-robot/Differentional_robot_ws/install/articubot_one/share/articubot_one/environment/ament_prefix_path.sh
[3.414s] -- Up-to-date symlink: /home/ali/Differentional-robot/Differentional_robot_ws/install/articubot_one/share/articubot_one/environment/ament_prefix_path.dsv
[3.415s] -- Up-to-date symlink: /home/ali/Differentional-robot/Differentional_robot_ws/install/articubot_one/share/articubot_one/environment/path.sh
[3.415s] -- Up-to-date symlink: /home/ali/Differentional-robot/Differentional_robot_ws/install/articubot_one/share/articubot_one/environment/path.dsv
[3.416s] -- Up-to-date symlink: /home/ali/Differentional-robot/Differentional_robot_ws/install/articubot_one/share/articubot_one/local_setup.bash
[3.417s] -- Up-to-date symlink: /home/ali/Differentional-robot/Differentional_robot_ws/install/articubot_one/share/articubot_one/local_setup.sh
[3.417s] -- Up-to-date symlink: /home/ali/Differentional-robot/Differentional_robot_ws/install/articubot_one/share/articubot_one/local_setup.zsh
[3.417s] -- Up-to-date symlink: /home/ali/Differentional-robot/Differentional_robot_ws/install/articubot_one/share/articubot_one/local_setup.dsv
[3.417s] -- Symlinking: /home/ali/Differentional-robot/Differentional_robot_ws/install/articubot_one/share/articubot_one/package.dsv
[3.471s] -- Up-to-date symlink: /home/ali/Differentional-robot/Differentional_robot_ws/install/articubot_one/share/ament_index/resource_index/packages/articubot_one
[3.471s] -- Up-to-date symlink: /home/ali/Differentional-robot/Differentional_robot_ws/install/articubot_one/share/articubot_one/cmake/articubot_oneConfig.cmake
[3.472s] -- Up-to-date symlink: /home/ali/Differentional-robot/Differentional_robot_ws/install/articubot_one/share/articubot_one/cmake/articubot_oneConfig-version.cmake
[3.472s] -- Up-to-date symlink: /home/ali/Differentional-robot/Differentional_robot_ws/install/articubot_one/share/articubot_one/package.xml
[3.487s] Invoked command in '/home/ali/Differentional-robot/Differentional_robot_ws/build/articubot_one' returned '0': CMAKE_PREFIX_PATH=/home/ali/perceptron_ws/install/perceptron_driver:/mnt/c/Users/HP/perceptron_ws/install/perceptron_driver:/opt/ros/humble:${CMAKE_PREFIX_PATH} /usr/bin/cmake --install /home/ali/Differentional-robot/Differentional_robot_ws/build/articubot_one
