[2.528s] Invoking command in '/home/ali/Differentional-robot/Differentional_robot_ws/build/articubot_one': CMAKE_PREFIX_PATH=/home/ali/perceptron_ws/install/perceptron_driver:/mnt/c/Users/HP/perceptron_ws/install/perceptron_driver:/opt/ros/humble:${CMAKE_PREFIX_PATH} /usr/bin/cmake --build /home/ali/Differentional-robot/Differentional_robot_ws/build/articubot_one -- -j4 -l4
[2.765s] Invoked command in '/home/ali/Differentional-robot/Differentional_robot_ws/build/articubot_one' returned '0': CMAKE_PREFIX_PATH=/home/ali/perceptron_ws/install/perceptron_driver:/mnt/c/Users/HP/perceptron_ws/install/perceptron_driver:/opt/ros/humble:${CMAKE_PREFIX_PATH} /usr/bin/cmake --build /home/ali/Differentional-robot/Differentional_robot_ws/build/articubot_one -- -j4 -l4
[2.797s] Invoking command in '/home/ali/Differentional-robot/Differentional_robot_ws/build/articubot_one': CMAKE_PREFIX_PATH=/home/ali/perceptron_ws/install/perceptron_driver:/mnt/c/Users/HP/perceptron_ws/install/perceptron_driver:/opt/ros/humble:${CMAKE_PREFIX_PATH} /usr/bin/cmake --install /home/ali/Differentional-robot/Differentional_robot_ws/build/articubot_one
[2.821s] -- Install configuration: ""
[2.825s] -- Execute custom install script
[2.826s] -- Up-to-date symlink: /home/ali/Differentional-robot/Differentional_robot_ws/install/articubot_one/share/articubot_one/config/drive_bot.rviz
[2.829s] -- Up-to-date symlink: /home/ali/Differentional-robot/Differentional_robot_ws/install/articubot_one/share/articubot_one/config/empty.yaml
[2.830s] -- Up-to-date symlink: /home/ali/Differentional-robot/Differentional_robot_ws/install/articubot_one/share/articubot_one/config/joystick.yaml
[2.830s] -- Up-to-date symlink: /home/ali/Differentional-robot/Differentional_robot_ws/install/articubot_one/share/articubot_one/config/main.rviz
[2.831s] -- Up-to-date symlink: /home/ali/Differentional-robot/Differentional_robot_ws/install/articubot_one/share/articubot_one/config/map.rviz
[2.831s] -- Up-to-date symlink: /home/ali/Differentional-robot/Differentional_robot_ws/install/articubot_one/share/articubot_one/config/mapper_params_online_async.yaml
[2.835s] -- Up-to-date symlink: /home/ali/Differentional-robot/Differentional_robot_ws/install/articubot_one/share/articubot_one/config/my_controllers.yaml
[2.836s] -- Up-to-date symlink: /home/ali/Differentional-robot/Differentional_robot_ws/install/articubot_one/share/articubot_one/config/nav2_params.yaml
[2.847s] -- Up-to-date symlink: /home/ali/Differentional-robot/Differentional_robot_ws/install/articubot_one/share/articubot_one/config/twist_mux.yaml
[2.847s] -- Up-to-date symlink: /home/ali/Differentional-robot/Differentional_robot_ws/install/articubot_one/share/articubot_one/config/view_bot.rviz
[2.848s] -- Up-to-date symlink: /home/ali/Differentional-robot/Differentional_robot_ws/install/articubot_one/share/articubot_one/description/inertial_macros.xacro
[2.850s] -- Up-to-date symlink: /home/ali/Differentional-robot/Differentional_robot_ws/install/articubot_one/share/articubot_one/description/lidar.xacro
[2.850s] -- Up-to-date symlink: /home/ali/Differentional-robot/Differentional_robot_ws/install/articubot_one/share/articubot_one/description/meshes/base_link.STL
[2.851s] -- Up-to-date symlink: /home/ali/Differentional-robot/Differentional_robot_ws/install/articubot_one/share/articubot_one/description/meshes/caster_Link.STL
[2.851s] -- Up-to-date symlink: /home/ali/Differentional-robot/Differentional_robot_ws/install/articubot_one/share/articubot_one/description/meshes/imu_Link.STL
[2.851s] -- Up-to-date symlink: /home/ali/Differentional-robot/Differentional_robot_ws/install/articubot_one/share/articubot_one/description/meshes/lidar_Link.STL
[2.852s] -- Up-to-date symlink: /home/ali/Differentional-robot/Differentional_robot_ws/install/articubot_one/share/articubot_one/description/meshes/wheel_left_Link.STL
[2.852s] -- Up-to-date symlink: /home/ali/Differentional-robot/Differentional_robot_ws/install/articubot_one/share/articubot_one/description/meshes/wheel_right_Link.STL
[2.852s] -- Up-to-date symlink: /home/ali/Differentional-robot/Differentional_robot_ws/install/articubot_one/share/articubot_one/description/robot.urdf.xacro
[2.852s] -- Up-to-date symlink: /home/ali/Differentional-robot/Differentional_robot_ws/install/articubot_one/share/articubot_one/description/robot_core.xacro
[2.852s] -- Up-to-date symlink: /home/ali/Differentional-robot/Differentional_robot_ws/install/articubot_one/share/articubot_one/description/ros2_control.xacro
[2.862s] -- Up-to-date symlink: /home/ali/Differentional-robot/Differentional_robot_ws/install/articubot_one/share/articubot_one/launch/joystick.launch.py
[2.863s] -- Up-to-date symlink: /home/ali/Differentional-robot/Differentional_robot_ws/install/articubot_one/share/articubot_one/launch/launch_robot.launch.py
[2.864s] -- Up-to-date symlink: /home/ali/Differentional-robot/Differentional_robot_ws/install/articubot_one/share/articubot_one/launch/localization_launch.py
[2.865s] -- Up-to-date symlink: /home/ali/Differentional-robot/Differentional_robot_ws/install/articubot_one/share/articubot_one/launch/navigation_launch.py
[2.870s] -- Up-to-date symlink: /home/ali/Differentional-robot/Differentional_robot_ws/install/articubot_one/share/articubot_one/launch/online_async_launch.py
[2.870s] -- Up-to-date symlink: /home/ali/Differentional-robot/Differentional_robot_ws/install/articubot_one/share/articubot_one/launch/rplidar.launch.py
[2.871s] -- Up-to-date symlink: /home/ali/Differentional-robot/Differentional_robot_ws/install/articubot_one/share/articubot_one/launch/rsp.launch.py
[2.875s] -- Up-to-date symlink: /home/ali/Differentional-robot/Differentional_robot_ws/install/articubot_one/share/articubot_one/meshes/base_link.STL
[2.876s] -- Up-to-date symlink: /home/ali/Differentional-robot/Differentional_robot_ws/install/articubot_one/share/articubot_one/meshes/caster_Link.STL
[2.876s] -- Up-to-date symlink: /home/ali/Differentional-robot/Differentional_robot_ws/install/articubot_one/share/articubot_one/meshes/imu_Link.STL
[2.876s] -- Up-to-date symlink: /home/ali/Differentional-robot/Differentional_robot_ws/install/articubot_one/share/articubot_one/meshes/lidar_Link.STL
[2.878s] -- Up-to-date symlink: /home/ali/Differentional-robot/Differentional_robot_ws/install/articubot_one/share/articubot_one/meshes/wheel_left_Link.STL
[2.878s] -- Up-to-date symlink: /home/ali/Differentional-robot/Differentional_robot_ws/install/articubot_one/share/articubot_one/meshes/wheel_right_Link.STL
[2.879s] -- Up-to-date symlink: /home/ali/Differentional-robot/Differentional_robot_ws/install/articubot_one/share/ament_index/resource_index/package_run_dependencies/articubot_one
[2.879s] -- Up-to-date symlink: /home/ali/Differentional-robot/Differentional_robot_ws/install/articubot_one/share/ament_index/resource_index/parent_prefix_path/articubot_one
[2.880s] -- Up-to-date symlink: /home/ali/Differentional-robot/Differentional_robot_ws/install/articubot_one/share/articubot_one/environment/ament_prefix_path.sh
[2.881s] -- Up-to-date symlink: /home/ali/Differentional-robot/Differentional_robot_ws/install/articubot_one/share/articubot_one/environment/ament_prefix_path.dsv
[2.881s] -- Up-to-date symlink: /home/ali/Differentional-robot/Differentional_robot_ws/install/articubot_one/share/articubot_one/environment/path.sh
[2.882s] -- Up-to-date symlink: /home/ali/Differentional-robot/Differentional_robot_ws/install/articubot_one/share/articubot_one/environment/path.dsv
[2.882s] -- Up-to-date symlink: /home/ali/Differentional-robot/Differentional_robot_ws/install/articubot_one/share/articubot_one/local_setup.bash
[2.882s] -- Up-to-date symlink: /home/ali/Differentional-robot/Differentional_robot_ws/install/articubot_one/share/articubot_one/local_setup.sh
[2.883s] -- Up-to-date symlink: /home/ali/Differentional-robot/Differentional_robot_ws/install/articubot_one/share/articubot_one/local_setup.zsh
[2.884s] -- Up-to-date symlink: /home/ali/Differentional-robot/Differentional_robot_ws/install/articubot_one/share/articubot_one/local_setup.dsv
[2.884s] -- Symlinking: /home/ali/Differentional-robot/Differentional_robot_ws/install/articubot_one/share/articubot_one/package.dsv
[2.919s] -- Up-to-date symlink: /home/ali/Differentional-robot/Differentional_robot_ws/install/articubot_one/share/ament_index/resource_index/packages/articubot_one
[2.919s] -- Up-to-date symlink: /home/ali/Differentional-robot/Differentional_robot_ws/install/articubot_one/share/articubot_one/cmake/articubot_oneConfig.cmake
[2.919s] -- Up-to-date symlink: /home/ali/Differentional-robot/Differentional_robot_ws/install/articubot_one/share/articubot_one/cmake/articubot_oneConfig-version.cmake
[2.920s] -- Up-to-date symlink: /home/ali/Differentional-robot/Differentional_robot_ws/install/articubot_one/share/articubot_one/package.xml
[2.924s] Invoked command in '/home/ali/Differentional-robot/Differentional_robot_ws/build/articubot_one' returned '0': CMAKE_PREFIX_PATH=/home/ali/perceptron_ws/install/perceptron_driver:/mnt/c/Users/HP/perceptron_ws/install/perceptron_driver:/opt/ros/humble:${CMAKE_PREFIX_PATH} /usr/bin/cmake --install /home/ali/Differentional-robot/Differentional_robot_ws/build/articubot_one
