[0.715s] Invoking command in '/home/ali/Differentional-robot/Differentional_robot_ws/build/rplidar_ros': CMAKE_PREFIX_PATH=${CMAKE_PREFIX_PATH}:/home/ali/perceptron_ws/install/perceptron_driver:/mnt/c/Users/HP/perceptron_ws/install/perceptron_driver:/opt/ros/humble /usr/bin/cmake /home/ali/Differentional-robot/Differentional_robot_ws/src/rplidar_ros -DAMENT_CMAKE_SYMLINK_INSTALL=1 -DCMAKE_INSTALL_PREFIX=/home/ali/Differentional-robot/Differentional_robot_ws/install/rplidar_ros
[2.124s] -- The C compiler identification is GNU 11.4.0
[3.329s] -- The CXX compiler identification is GNU 11.4.0
[3.805s] -- Detecting C compiler ABI info
[4.267s] -- Detecting C compiler ABI info - done
[4.304s] -- Check for working C compiler: /usr/bin/cc - skipped
[4.305s] -- Detecting C compile features
[4.305s] -- Detecting C compile features - done
[4.324s] -- Detecting CXX compiler ABI info
[4.832s] -- Detecting CXX compiler ABI info - done
[4.866s] -- Check for working CXX compiler: /usr/bin/c++ - skipped
[4.872s] -- Detecting CXX compile features
[4.880s] -- Detecting CXX compile features - done
[5.544s] -- Found ament_cmake: 1.3.14 (/opt/ros/humble/share/ament_cmake/cmake)
[14.066s] -- Found Python3: /usr/bin/python3 (found version "3.10.12") found components: Interpreter 
[16.350s] -- Override CMake install command with custom implementation using symlinks instead of copying resources
[25.126s] -- Found rclcpp: 16.0.19 (/opt/ros/humble/share/rclcpp/cmake)
[33.982s] -- Found rosidl_generator_c: 3.1.8 (/opt/ros/humble/share/rosidl_generator_c/cmake)
[37.109s] -- Found rosidl_adapter: 3.1.8 (/opt/ros/humble/share/rosidl_adapter/cmake)
[39.800s] -- Found rosidl_generator_cpp: 3.1.8 (/opt/ros/humble/share/rosidl_generator_cpp/cmake)
[42.608s] -- Using all available rosidl_typesupport_c: rosidl_typesupport_fastrtps_c;rosidl_typesupport_introspection_c
[46.751s] -- Using all available rosidl_typesupport_cpp: rosidl_typesupport_fastrtps_cpp;rosidl_typesupport_introspection_cpp
[60.887s] -- Found rmw_implementation_cmake: 6.1.2 (/opt/ros/humble/share/rmw_implementation_cmake/cmake)
[62.421s] -- Found rmw_fastrtps_cpp: 6.2.10 (/opt/ros/humble/share/rmw_fastrtps_cpp/cmake)
[74.766s] -- Found OpenSSL: /usr/lib/x86_64-linux-gnu/libcrypto.so (found version "3.0.2")  
[78.915s] -- Found FastRTPS: /opt/ros/humble/include  
[85.773s] -- Using RMW implementation 'rmw_fastrtps_cpp' as default
[89.764s] -- Looking for pthread.h
[90.144s] -- Looking for pthread.h - found
[90.146s] -- Performing Test CMAKE_HAVE_LIBC_PTHREAD
[90.519s] -- Performing Test CMAKE_HAVE_LIBC_PTHREAD - Success
[90.522s] -- Found Threads: TRUE  
[97.418s] -- Found sensor_msgs: 4.9.1 (/opt/ros/humble/share/sensor_msgs/cmake)
[100.163s] -- Found std_srvs: 4.9.1 (/opt/ros/humble/share/std_srvs/cmake)
[101.460s] -- Configuring done
[101.575s] -- Generating done
[101.611s] -- Build files have been written to: /home/ali/Differentional-robot/Differentional_robot_ws/build/rplidar_ros
