[0.867s] DEBUG:colcon:Command line arguments: ['/usr/bin/colcon', 'build', '--symlink-install']
[0.868s] DEBUG:colcon:Parsed command line arguments: Namespace(log_base=None, log_level=None, verb_name='build', build_base='build', install_base='install', merge_install=False, symlink_install=True, test_result_base=None, continue_on_error=False, executor='parallel', parallel_workers=4, event_handlers=None, ignore_user_meta=False, metas=['./colcon.meta'], base_paths=['.'], packages_ignore=None, packages_ignore_regex=None, paths=None, packages_up_to=None, packages_up_to_regex=None, packages_above=None, packages_above_and_dependencies=None, packages_above_depth=None, packages_select_by_dep=None, packages_skip_by_dep=None, packages_skip_up_to=None, packages_select_build_failed=False, packages_skip_build_finished=False, packages_select_test_failures=False, packages_skip_test_passed=False, packages_select=None, packages_skip=None, packages_select_regex=None, packages_skip_regex=None, packages_start=None, packages_end=None, allow_overriding=[], cmake_args=None, cmake_target=None, cmake_target_skip_unavailable=False, cmake_clean_cache=False, cmake_clean_first=False, cmake_force_configure=False, ament_cmake_args=None, catkin_cmake_args=None, catkin_skip_building_tests=False, verb_parser=<colcon_defaults.argument_parser.defaults.DefaultArgumentsDecorator object at 0x724dfc555360>, verb_extension=<colcon_core.verb.build.BuildVerb object at 0x724dfc554f10>, main=<bound method BuildVerb.main of <colcon_core.verb.build.BuildVerb object at 0x724dfc554f10>>)
[1.695s] Level 1:colcon.colcon_core.package_discovery:discover_packages(colcon_meta) check parameters
[1.696s] Level 1:colcon.colcon_core.package_discovery:discover_packages(recursive) check parameters
[1.696s] Level 1:colcon.colcon_core.package_discovery:discover_packages(ignore) check parameters
[1.696s] Level 1:colcon.colcon_core.package_discovery:discover_packages(path) check parameters
[1.696s] Level 1:colcon.colcon_core.package_discovery:discover_packages(colcon_meta) discover
[1.697s] Level 1:colcon.colcon_core.package_discovery:discover_packages(recursive) discover
[1.697s] INFO:colcon.colcon_core.package_discovery:Crawling recursively for packages in '/home/ali/Differentional-robot/Differentional_robot_ws'
[1.698s] Level 1:colcon.colcon_core.package_identification:_identify(.) by extensions ['ignore', 'ignore_ament_install']
[1.698s] Level 1:colcon.colcon_core.package_identification:_identify(.) by extension 'ignore'
[1.699s] Level 1:colcon.colcon_core.package_identification:_identify(.) by extension 'ignore_ament_install'
[1.699s] Level 1:colcon.colcon_core.package_identification:_identify(.) by extensions ['colcon_pkg']
[1.700s] Level 1:colcon.colcon_core.package_identification:_identify(.) by extension 'colcon_pkg'
[1.700s] Level 1:colcon.colcon_core.package_identification:_identify(.) by extensions ['colcon_meta']
[1.700s] Level 1:colcon.colcon_core.package_identification:_identify(.) by extension 'colcon_meta'
[1.700s] Level 1:colcon.colcon_core.package_identification:_identify(.) by extensions ['ros']
[1.701s] Level 1:colcon.colcon_core.package_identification:_identify(.) by extension 'ros'
[1.738s] Level 1:colcon.colcon_core.package_identification:_identify(.) by extensions ['cmake', 'python']
[1.738s] Level 1:colcon.colcon_core.package_identification:_identify(.) by extension 'cmake'
[1.739s] Level 1:colcon.colcon_core.package_identification:_identify(.) by extension 'python'
[1.739s] Level 1:colcon.colcon_core.package_identification:_identify(.) by extensions ['python_setup_py']
[1.739s] Level 1:colcon.colcon_core.package_identification:_identify(.) by extension 'python_setup_py'
[1.739s] Level 1:colcon.colcon_core.package_identification:_identify(build) by extensions ['ignore', 'ignore_ament_install']
[1.740s] Level 1:colcon.colcon_core.package_identification:_identify(build) by extension 'ignore'
[1.740s] Level 1:colcon.colcon_core.package_identification:_identify(build) ignored
[1.740s] Level 1:colcon.colcon_core.package_identification:_identify(install) by extensions ['ignore', 'ignore_ament_install']
[1.741s] Level 1:colcon.colcon_core.package_identification:_identify(install) by extension 'ignore'
[1.741s] Level 1:colcon.colcon_core.package_identification:_identify(install) ignored
[1.741s] Level 1:colcon.colcon_core.package_identification:_identify(log) by extensions ['ignore', 'ignore_ament_install']
[1.742s] Level 1:colcon.colcon_core.package_identification:_identify(log) by extension 'ignore'
[1.742s] Level 1:colcon.colcon_core.package_identification:_identify(log) ignored
[1.742s] Level 1:colcon.colcon_core.package_identification:_identify(src) by extensions ['ignore', 'ignore_ament_install']
[1.743s] Level 1:colcon.colcon_core.package_identification:_identify(src) by extension 'ignore'
[1.743s] Level 1:colcon.colcon_core.package_identification:_identify(src) by extension 'ignore_ament_install'
[1.743s] Level 1:colcon.colcon_core.package_identification:_identify(src) by extensions ['colcon_pkg']
[1.743s] Level 1:colcon.colcon_core.package_identification:_identify(src) by extension 'colcon_pkg'
[1.744s] Level 1:colcon.colcon_core.package_identification:_identify(src) by extensions ['colcon_meta']
[1.744s] Level 1:colcon.colcon_core.package_identification:_identify(src) by extension 'colcon_meta'
[1.744s] Level 1:colcon.colcon_core.package_identification:_identify(src) by extensions ['ros']
[1.744s] Level 1:colcon.colcon_core.package_identification:_identify(src) by extension 'ros'
[1.744s] Level 1:colcon.colcon_core.package_identification:_identify(src) by extensions ['cmake', 'python']
[1.745s] Level 1:colcon.colcon_core.package_identification:_identify(src) by extension 'cmake'
[1.745s] Level 1:colcon.colcon_core.package_identification:_identify(src) by extension 'python'
[1.745s] Level 1:colcon.colcon_core.package_identification:_identify(src) by extensions ['python_setup_py']
[1.745s] Level 1:colcon.colcon_core.package_identification:_identify(src) by extension 'python_setup_py'
[1.746s] Level 1:colcon.colcon_core.package_identification:_identify(src/articubot_one) by extensions ['ignore', 'ignore_ament_install']
[1.746s] Level 1:colcon.colcon_core.package_identification:_identify(src/articubot_one) by extension 'ignore'
[1.746s] Level 1:colcon.colcon_core.package_identification:_identify(src/articubot_one) by extension 'ignore_ament_install'
[1.747s] Level 1:colcon.colcon_core.package_identification:_identify(src/articubot_one) by extensions ['colcon_pkg']
[1.747s] Level 1:colcon.colcon_core.package_identification:_identify(src/articubot_one) by extension 'colcon_pkg'
[1.747s] Level 1:colcon.colcon_core.package_identification:_identify(src/articubot_one) by extensions ['colcon_meta']
[1.747s] Level 1:colcon.colcon_core.package_identification:_identify(src/articubot_one) by extension 'colcon_meta'
[1.747s] Level 1:colcon.colcon_core.package_identification:_identify(src/articubot_one) by extensions ['ros']
[1.747s] Level 1:colcon.colcon_core.package_identification:_identify(src/articubot_one) by extension 'ros'
[1.753s] DEBUG:colcon.colcon_core.package_identification:Package 'src/articubot_one' with type 'ros.ament_cmake' and name 'articubot_one'
[1.754s] Level 1:colcon.colcon_core.package_identification:_identify(src/diffdrive_arduino) by extensions ['ignore', 'ignore_ament_install']
[1.754s] Level 1:colcon.colcon_core.package_identification:_identify(src/diffdrive_arduino) by extension 'ignore'
[1.755s] Level 1:colcon.colcon_core.package_identification:_identify(src/diffdrive_arduino) by extension 'ignore_ament_install'
[1.755s] Level 1:colcon.colcon_core.package_identification:_identify(src/diffdrive_arduino) by extensions ['colcon_pkg']
[1.755s] Level 1:colcon.colcon_core.package_identification:_identify(src/diffdrive_arduino) by extension 'colcon_pkg'
[1.755s] Level 1:colcon.colcon_core.package_identification:_identify(src/diffdrive_arduino) by extensions ['colcon_meta']
[1.755s] Level 1:colcon.colcon_core.package_identification:_identify(src/diffdrive_arduino) by extension 'colcon_meta'
[1.756s] Level 1:colcon.colcon_core.package_identification:_identify(src/diffdrive_arduino) by extensions ['ros']
[1.756s] Level 1:colcon.colcon_core.package_identification:_identify(src/diffdrive_arduino) by extension 'ros'
[1.758s] DEBUG:colcon.colcon_core.package_identification:Package 'src/diffdrive_arduino' with type 'ros.ament_cmake' and name 'diffdrive_arduino'
[1.759s] Level 1:colcon.colcon_core.package_identification:_identify(src/rplidar_ros) by extensions ['ignore', 'ignore_ament_install']
[1.759s] Level 1:colcon.colcon_core.package_identification:_identify(src/rplidar_ros) by extension 'ignore'
[1.760s] Level 1:colcon.colcon_core.package_identification:_identify(src/rplidar_ros) by extension 'ignore_ament_install'
[1.760s] Level 1:colcon.colcon_core.package_identification:_identify(src/rplidar_ros) by extensions ['colcon_pkg']
[1.761s] Level 1:colcon.colcon_core.package_identification:_identify(src/rplidar_ros) by extension 'colcon_pkg'
[1.761s] Level 1:colcon.colcon_core.package_identification:_identify(src/rplidar_ros) by extensions ['colcon_meta']
[1.761s] Level 1:colcon.colcon_core.package_identification:_identify(src/rplidar_ros) by extension 'colcon_meta'
[1.762s] Level 1:colcon.colcon_core.package_identification:_identify(src/rplidar_ros) by extensions ['ros']
[1.762s] Level 1:colcon.colcon_core.package_identification:_identify(src/rplidar_ros) by extension 'ros'
[1.764s] DEBUG:colcon.colcon_core.package_identification:Package 'src/rplidar_ros' with type 'ros.ament_cmake' and name 'rplidar_ros'
[1.765s] Level 1:colcon.colcon_core.package_identification:_identify(src/serial) by extensions ['ignore', 'ignore_ament_install']
[1.765s] Level 1:colcon.colcon_core.package_identification:_identify(src/serial) by extension 'ignore'
[1.766s] Level 1:colcon.colcon_core.package_identification:_identify(src/serial) by extension 'ignore_ament_install'
[1.766s] Level 1:colcon.colcon_core.package_identification:_identify(src/serial) by extensions ['colcon_pkg']
[1.767s] Level 1:colcon.colcon_core.package_identification:_identify(src/serial) by extension 'colcon_pkg'
[1.767s] Level 1:colcon.colcon_core.package_identification:_identify(src/serial) by extensions ['colcon_meta']
[1.767s] Level 1:colcon.colcon_core.package_identification:_identify(src/serial) by extension 'colcon_meta'
[1.767s] Level 1:colcon.colcon_core.package_identification:_identify(src/serial) by extensions ['ros']
[1.767s] Level 1:colcon.colcon_core.package_identification:_identify(src/serial) by extension 'ros'
[1.769s] DEBUG:colcon.colcon_core.package_identification:Package 'src/serial' with type 'ros.ament_cmake' and name 'serial'
[1.770s] Level 1:colcon.colcon_core.package_discovery:discover_packages(recursive) using defaults
[1.770s] Level 1:colcon.colcon_core.package_discovery:discover_packages(ignore) discover
[1.770s] Level 1:colcon.colcon_core.package_discovery:discover_packages(ignore) using defaults
[1.770s] Level 1:colcon.colcon_core.package_discovery:discover_packages(path) discover
[1.771s] Level 1:colcon.colcon_core.package_discovery:discover_packages(path) using defaults
[1.966s] Level 1:colcon.colcon_core.package_discovery:discover_packages(prefix_path) check parameters
[1.967s] Level 1:colcon.colcon_core.package_discovery:discover_packages(prefix_path) discover
[2.096s] DEBUG:colcon.colcon_installed_package_information.package_discovery:Found 4 installed packages in /home/ali/Differentional-robot/Differentional_robot_ws/install
[2.102s] DEBUG:colcon.colcon_installed_package_information.package_discovery:Found 4 installed packages in /home/ali/perceptron_ws/install
[2.277s] DEBUG:colcon.colcon_installed_package_information.package_discovery:Found 4 installed packages in /mnt/c/Users/HP/perceptron_ws/install
[2.374s] DEBUG:colcon.colcon_installed_package_information.package_discovery:Found 375 installed packages in /opt/ros/humble
[2.379s] Level 1:colcon.colcon_core.package_discovery:discover_packages(prefix_path) using defaults
[2.715s] Level 5:colcon.colcon_core.verb:set package 'articubot_one' build argument 'cmake_args' from command line to 'None'
[2.715s] Level 5:colcon.colcon_core.verb:set package 'articubot_one' build argument 'cmake_target' from command line to 'None'
[2.715s] Level 5:colcon.colcon_core.verb:set package 'articubot_one' build argument 'cmake_target_skip_unavailable' from command line to 'False'
[2.716s] Level 5:colcon.colcon_core.verb:set package 'articubot_one' build argument 'cmake_clean_cache' from command line to 'False'
[2.716s] Level 5:colcon.colcon_core.verb:set package 'articubot_one' build argument 'cmake_clean_first' from command line to 'False'
[2.716s] Level 5:colcon.colcon_core.verb:set package 'articubot_one' build argument 'cmake_force_configure' from command line to 'False'
[2.716s] Level 5:colcon.colcon_core.verb:set package 'articubot_one' build argument 'ament_cmake_args' from command line to 'None'
[2.716s] Level 5:colcon.colcon_core.verb:set package 'articubot_one' build argument 'catkin_cmake_args' from command line to 'None'
[2.717s] Level 5:colcon.colcon_core.verb:set package 'articubot_one' build argument 'catkin_skip_building_tests' from command line to 'False'
[2.717s] DEBUG:colcon.colcon_core.verb:Building package 'articubot_one' with the following arguments: {'ament_cmake_args': None, 'build_base': '/home/ali/Differentional-robot/Differentional_robot_ws/build/articubot_one', 'catkin_cmake_args': None, 'catkin_skip_building_tests': False, 'cmake_args': None, 'cmake_clean_cache': False, 'cmake_clean_first': False, 'cmake_force_configure': False, 'cmake_target': None, 'cmake_target_skip_unavailable': False, 'install_base': '/home/ali/Differentional-robot/Differentional_robot_ws/install/articubot_one', 'merge_install': False, 'path': '/home/ali/Differentional-robot/Differentional_robot_ws/src/articubot_one', 'symlink_install': True, 'test_result_base': None}
[2.718s] Level 5:colcon.colcon_core.verb:set package 'diffdrive_arduino' build argument 'cmake_args' from command line to 'None'
[2.719s] Level 5:colcon.colcon_core.verb:set package 'diffdrive_arduino' build argument 'cmake_target' from command line to 'None'
[2.719s] Level 5:colcon.colcon_core.verb:set package 'diffdrive_arduino' build argument 'cmake_target_skip_unavailable' from command line to 'False'
[2.719s] Level 5:colcon.colcon_core.verb:set package 'diffdrive_arduino' build argument 'cmake_clean_cache' from command line to 'False'
[2.720s] Level 5:colcon.colcon_core.verb:set package 'diffdrive_arduino' build argument 'cmake_clean_first' from command line to 'False'
[2.720s] Level 5:colcon.colcon_core.verb:set package 'diffdrive_arduino' build argument 'cmake_force_configure' from command line to 'False'
[2.720s] Level 5:colcon.colcon_core.verb:set package 'diffdrive_arduino' build argument 'ament_cmake_args' from command line to 'None'
[2.720s] Level 5:colcon.colcon_core.verb:set package 'diffdrive_arduino' build argument 'catkin_cmake_args' from command line to 'None'
[2.720s] Level 5:colcon.colcon_core.verb:set package 'diffdrive_arduino' build argument 'catkin_skip_building_tests' from command line to 'False'
[2.721s] DEBUG:colcon.colcon_core.verb:Building package 'diffdrive_arduino' with the following arguments: {'ament_cmake_args': None, 'build_base': '/home/ali/Differentional-robot/Differentional_robot_ws/build/diffdrive_arduino', 'catkin_cmake_args': None, 'catkin_skip_building_tests': False, 'cmake_args': None, 'cmake_clean_cache': False, 'cmake_clean_first': False, 'cmake_force_configure': False, 'cmake_target': None, 'cmake_target_skip_unavailable': False, 'install_base': '/home/ali/Differentional-robot/Differentional_robot_ws/install/diffdrive_arduino', 'merge_install': False, 'path': '/home/ali/Differentional-robot/Differentional_robot_ws/src/diffdrive_arduino', 'symlink_install': True, 'test_result_base': None}
[2.722s] Level 5:colcon.colcon_core.verb:set package 'rplidar_ros' build argument 'cmake_args' from command line to 'None'
[2.722s] Level 5:colcon.colcon_core.verb:set package 'rplidar_ros' build argument 'cmake_target' from command line to 'None'
[2.723s] Level 5:colcon.colcon_core.verb:set package 'rplidar_ros' build argument 'cmake_target_skip_unavailable' from command line to 'False'
[2.723s] Level 5:colcon.colcon_core.verb:set package 'rplidar_ros' build argument 'cmake_clean_cache' from command line to 'False'
[2.723s] Level 5:colcon.colcon_core.verb:set package 'rplidar_ros' build argument 'cmake_clean_first' from command line to 'False'
[2.724s] Level 5:colcon.colcon_core.verb:set package 'rplidar_ros' build argument 'cmake_force_configure' from command line to 'False'
[2.724s] Level 5:colcon.colcon_core.verb:set package 'rplidar_ros' build argument 'ament_cmake_args' from command line to 'None'
[2.724s] Level 5:colcon.colcon_core.verb:set package 'rplidar_ros' build argument 'catkin_cmake_args' from command line to 'None'
[2.724s] Level 5:colcon.colcon_core.verb:set package 'rplidar_ros' build argument 'catkin_skip_building_tests' from command line to 'False'
[2.724s] DEBUG:colcon.colcon_core.verb:Building package 'rplidar_ros' with the following arguments: {'ament_cmake_args': None, 'build_base': '/home/ali/Differentional-robot/Differentional_robot_ws/build/rplidar_ros', 'catkin_cmake_args': None, 'catkin_skip_building_tests': False, 'cmake_args': None, 'cmake_clean_cache': False, 'cmake_clean_first': False, 'cmake_force_configure': False, 'cmake_target': None, 'cmake_target_skip_unavailable': False, 'install_base': '/home/ali/Differentional-robot/Differentional_robot_ws/install/rplidar_ros', 'merge_install': False, 'path': '/home/ali/Differentional-robot/Differentional_robot_ws/src/rplidar_ros', 'symlink_install': True, 'test_result_base': None}
[2.726s] Level 5:colcon.colcon_core.verb:set package 'serial' build argument 'cmake_args' from command line to 'None'
[2.726s] Level 5:colcon.colcon_core.verb:set package 'serial' build argument 'cmake_target' from command line to 'None'
[2.726s] Level 5:colcon.colcon_core.verb:set package 'serial' build argument 'cmake_target_skip_unavailable' from command line to 'False'
[2.726s] Level 5:colcon.colcon_core.verb:set package 'serial' build argument 'cmake_clean_cache' from command line to 'False'
[2.726s] Level 5:colcon.colcon_core.verb:set package 'serial' build argument 'cmake_clean_first' from command line to 'False'
[2.726s] Level 5:colcon.colcon_core.verb:set package 'serial' build argument 'cmake_force_configure' from command line to 'False'
[2.727s] Level 5:colcon.colcon_core.verb:set package 'serial' build argument 'ament_cmake_args' from command line to 'None'
[2.727s] Level 5:colcon.colcon_core.verb:set package 'serial' build argument 'catkin_cmake_args' from command line to 'None'
[2.727s] Level 5:colcon.colcon_core.verb:set package 'serial' build argument 'catkin_skip_building_tests' from command line to 'False'
[2.727s] DEBUG:colcon.colcon_core.verb:Building package 'serial' with the following arguments: {'ament_cmake_args': None, 'build_base': '/home/ali/Differentional-robot/Differentional_robot_ws/build/serial', 'catkin_cmake_args': None, 'catkin_skip_building_tests': False, 'cmake_args': None, 'cmake_clean_cache': False, 'cmake_clean_first': False, 'cmake_force_configure': False, 'cmake_target': None, 'cmake_target_skip_unavailable': False, 'install_base': '/home/ali/Differentional-robot/Differentional_robot_ws/install/serial', 'merge_install': False, 'path': '/home/ali/Differentional-robot/Differentional_robot_ws/src/serial', 'symlink_install': True, 'test_result_base': None}
[2.728s] INFO:colcon.colcon_core.executor:Executing jobs using 'parallel' executor
[2.733s] DEBUG:colcon.colcon_parallel_executor.executor.parallel:run_until_complete
[2.734s] INFO:colcon.colcon_ros.task.ament_cmake.build:Building ROS package in '/home/ali/Differentional-robot/Differentional_robot_ws/src/articubot_one' with build type 'ament_cmake'
[2.735s] INFO:colcon.colcon_cmake.task.cmake.build:Building CMake package in '/home/ali/Differentional-robot/Differentional_robot_ws/src/articubot_one'
[2.781s] INFO:colcon.colcon_core.plugin_system:Skipping extension 'colcon_core.shell.bat': Not used on non-Windows systems
[2.782s] INFO:colcon.colcon_core.shell:Skip shell extension 'powershell' for command environment: Not usable outside of PowerShell
[2.782s] DEBUG:colcon.colcon_core.shell:Skip shell extension 'dsv' for command environment
[3.304s] INFO:colcon.colcon_ros.task.ament_cmake.build:Building ROS package in '/home/ali/Differentional-robot/Differentional_robot_ws/src/diffdrive_arduino' with build type 'ament_cmake'
[3.305s] INFO:colcon.colcon_cmake.task.cmake.build:Building CMake package in '/home/ali/Differentional-robot/Differentional_robot_ws/src/diffdrive_arduino'
[3.306s] INFO:colcon.colcon_core.shell:Skip shell extension 'powershell' for command environment: Not usable outside of PowerShell
[3.307s] DEBUG:colcon.colcon_core.shell:Skip shell extension 'dsv' for command environment
[3.972s] INFO:colcon.colcon_ros.task.ament_cmake.build:Building ROS package in '/home/ali/Differentional-robot/Differentional_robot_ws/src/rplidar_ros' with build type 'ament_cmake'
[3.972s] INFO:colcon.colcon_cmake.task.cmake.build:Building CMake package in '/home/ali/Differentional-robot/Differentional_robot_ws/src/rplidar_ros'
[3.974s] INFO:colcon.colcon_core.shell:Skip shell extension 'powershell' for command environment: Not usable outside of PowerShell
[3.974s] DEBUG:colcon.colcon_core.shell:Skip shell extension 'dsv' for command environment
[4.589s] INFO:colcon.colcon_ros.task.ament_cmake.build:Building ROS package in '/home/ali/Differentional-robot/Differentional_robot_ws/src/serial' with build type 'ament_cmake'
[4.590s] INFO:colcon.colcon_cmake.task.cmake.build:Building CMake package in '/home/ali/Differentional-robot/Differentional_robot_ws/src/serial'
[4.590s] INFO:colcon.colcon_core.shell:Skip shell extension 'powershell' for command environment: Not usable outside of PowerShell
[4.591s] DEBUG:colcon.colcon_core.shell:Skip shell extension 'dsv' for command environment
[5.266s] DEBUG:colcon.colcon_core.event_handler.log_command:Invoking command in '/home/ali/Differentional-robot/Differentional_robot_ws/build/articubot_one': CMAKE_PREFIX_PATH=/home/ali/perceptron_ws/install/perceptron_driver:/mnt/c/Users/HP/perceptron_ws/install/perceptron_driver:/opt/ros/humble:${CMAKE_PREFIX_PATH} /usr/bin/cmake --build /home/ali/Differentional-robot/Differentional_robot_ws/build/articubot_one -- -j4 -l4
[5.356s] DEBUG:colcon.colcon_core.event_handler.log_command:Invoking command in '/home/ali/Differentional-robot/Differentional_robot_ws/build/diffdrive_arduino': CMAKE_PREFIX_PATH=/home/ali/perceptron_ws/install/perceptron_driver:/mnt/c/Users/HP/perceptron_ws/install/perceptron_driver:/opt/ros/humble:${CMAKE_PREFIX_PATH} /usr/bin/cmake --build /home/ali/Differentional-robot/Differentional_robot_ws/build/diffdrive_arduino -- -j4 -l4
[5.412s] DEBUG:colcon.colcon_core.event_handler.log_command:Invoking command in '/home/ali/Differentional-robot/Differentional_robot_ws/build/rplidar_ros': CMAKE_PREFIX_PATH=/home/ali/perceptron_ws/install/perceptron_driver:/mnt/c/Users/HP/perceptron_ws/install/perceptron_driver:/opt/ros/humble:${CMAKE_PREFIX_PATH} /usr/bin/cmake --build /home/ali/Differentional-robot/Differentional_robot_ws/build/rplidar_ros -- -j4 -l4
[5.477s] DEBUG:colcon.colcon_core.event_handler.log_command:Invoking command in '/home/ali/Differentional-robot/Differentional_robot_ws/build/serial': CMAKE_PREFIX_PATH=/home/ali/perceptron_ws/install/perceptron_driver:/mnt/c/Users/HP/perceptron_ws/install/perceptron_driver:/opt/ros/humble:${CMAKE_PREFIX_PATH} /usr/bin/cmake --build /home/ali/Differentional-robot/Differentional_robot_ws/build/serial -- -j4 -l4
[5.503s] DEBUG:colcon.colcon_core.event_handler.log_command:Invoked command in '/home/ali/Differentional-robot/Differentional_robot_ws/build/articubot_one' returned '0': CMAKE_PREFIX_PATH=/home/ali/perceptron_ws/install/perceptron_driver:/mnt/c/Users/HP/perceptron_ws/install/perceptron_driver:/opt/ros/humble:${CMAKE_PREFIX_PATH} /usr/bin/cmake --build /home/ali/Differentional-robot/Differentional_robot_ws/build/articubot_one -- -j4 -l4
[5.535s] DEBUG:colcon.colcon_core.event_handler.log_command:Invoking command in '/home/ali/Differentional-robot/Differentional_robot_ws/build/articubot_one': CMAKE_PREFIX_PATH=/home/ali/perceptron_ws/install/perceptron_driver:/mnt/c/Users/HP/perceptron_ws/install/perceptron_driver:/opt/ros/humble:${CMAKE_PREFIX_PATH} /usr/bin/cmake --install /home/ali/Differentional-robot/Differentional_robot_ws/build/articubot_one
[5.640s] DEBUG:colcon.colcon_core.event_handler.log_command:Invoked command in '/home/ali/Differentional-robot/Differentional_robot_ws/build/diffdrive_arduino' returned '0': CMAKE_PREFIX_PATH=/home/ali/perceptron_ws/install/perceptron_driver:/mnt/c/Users/HP/perceptron_ws/install/perceptron_driver:/opt/ros/humble:${CMAKE_PREFIX_PATH} /usr/bin/cmake --build /home/ali/Differentional-robot/Differentional_robot_ws/build/diffdrive_arduino -- -j4 -l4
[5.652s] DEBUG:colcon.colcon_core.event_handler.log_command:Invoking command in '/home/ali/Differentional-robot/Differentional_robot_ws/build/diffdrive_arduino': CMAKE_PREFIX_PATH=/home/ali/perceptron_ws/install/perceptron_driver:/mnt/c/Users/HP/perceptron_ws/install/perceptron_driver:/opt/ros/humble:${CMAKE_PREFIX_PATH} /usr/bin/cmake --install /home/ali/Differentional-robot/Differentional_robot_ws/build/diffdrive_arduino
[5.659s] Level 1:colcon.colcon_core.environment:create_environment_scripts_only(articubot_one)
[5.661s] DEBUG:colcon.colcon_core.event_handler.log_command:Invoked command in '/home/ali/Differentional-robot/Differentional_robot_ws/build/articubot_one' returned '0': CMAKE_PREFIX_PATH=/home/ali/perceptron_ws/install/perceptron_driver:/mnt/c/Users/HP/perceptron_ws/install/perceptron_driver:/opt/ros/humble:${CMAKE_PREFIX_PATH} /usr/bin/cmake --install /home/ali/Differentional-robot/Differentional_robot_ws/build/articubot_one
[5.728s] Level 1:colcon.colcon_core.environment:checking '/home/ali/Differentional-robot/Differentional_robot_ws/install/articubot_one' for CMake module files
[5.741s] Level 1:colcon.colcon_core.environment:checking '/home/ali/Differentional-robot/Differentional_robot_ws/install/articubot_one' for CMake config files
[5.742s] Level 1:colcon.colcon_core.shell:create_environment_hook('articubot_one', 'cmake_prefix_path')
[5.743s] INFO:colcon.colcon_core.shell:Creating environment hook '/home/ali/Differentional-robot/Differentional_robot_ws/install/articubot_one/share/articubot_one/hook/cmake_prefix_path.ps1'
[5.746s] INFO:colcon.colcon_core.shell:Creating environment descriptor '/home/ali/Differentional-robot/Differentional_robot_ws/install/articubot_one/share/articubot_one/hook/cmake_prefix_path.dsv'
[5.759s] INFO:colcon.colcon_core.shell:Creating environment hook '/home/ali/Differentional-robot/Differentional_robot_ws/install/articubot_one/share/articubot_one/hook/cmake_prefix_path.sh'
[5.769s] Level 1:colcon.colcon_core.environment:checking '/home/ali/Differentional-robot/Differentional_robot_ws/install/articubot_one/bin'
[5.769s] Level 1:colcon.colcon_core.environment:checking '/home/ali/Differentional-robot/Differentional_robot_ws/install/articubot_one/lib/pkgconfig/articubot_one.pc'
[5.774s] Level 1:colcon.colcon_core.environment:checking '/home/ali/Differentional-robot/Differentional_robot_ws/install/articubot_one/lib/python3.10/site-packages'
[5.778s] Level 1:colcon.colcon_core.environment:checking '/home/ali/Differentional-robot/Differentional_robot_ws/install/articubot_one/bin'
[5.780s] INFO:colcon.colcon_core.shell:Creating package script '/home/ali/Differentional-robot/Differentional_robot_ws/install/articubot_one/share/articubot_one/package.ps1'
[5.795s] INFO:colcon.colcon_core.shell:Creating package descriptor '/home/ali/Differentional-robot/Differentional_robot_ws/install/articubot_one/share/articubot_one/package.dsv'
[5.812s] INFO:colcon.colcon_core.shell:Creating package script '/home/ali/Differentional-robot/Differentional_robot_ws/install/articubot_one/share/articubot_one/package.sh'
[5.817s] INFO:colcon.colcon_core.shell:Creating package script '/home/ali/Differentional-robot/Differentional_robot_ws/install/articubot_one/share/articubot_one/package.bash'
[5.819s] INFO:colcon.colcon_core.shell:Creating package script '/home/ali/Differentional-robot/Differentional_robot_ws/install/articubot_one/share/articubot_one/package.zsh'
[5.822s] Level 1:colcon.colcon_core.environment:create_file_with_runtime_dependencies(/home/ali/Differentional-robot/Differentional_robot_ws/install/articubot_one/share/colcon-core/packages/articubot_one)
[5.829s] Level 1:colcon.colcon_core.environment:create_environment_scripts_only(articubot_one)
[5.831s] Level 1:colcon.colcon_core.environment:checking '/home/ali/Differentional-robot/Differentional_robot_ws/install/articubot_one' for CMake module files
[5.833s] Level 1:colcon.colcon_core.environment:checking '/home/ali/Differentional-robot/Differentional_robot_ws/install/articubot_one' for CMake config files
[5.834s] Level 1:colcon.colcon_core.shell:create_environment_hook('articubot_one', 'cmake_prefix_path')
[5.835s] INFO:colcon.colcon_core.shell:Creating environment hook '/home/ali/Differentional-robot/Differentional_robot_ws/install/articubot_one/share/articubot_one/hook/cmake_prefix_path.ps1'
[5.837s] INFO:colcon.colcon_core.shell:Creating environment descriptor '/home/ali/Differentional-robot/Differentional_robot_ws/install/articubot_one/share/articubot_one/hook/cmake_prefix_path.dsv'
[5.840s] INFO:colcon.colcon_core.shell:Creating environment hook '/home/ali/Differentional-robot/Differentional_robot_ws/install/articubot_one/share/articubot_one/hook/cmake_prefix_path.sh'
[5.842s] Level 1:colcon.colcon_core.environment:checking '/home/ali/Differentional-robot/Differentional_robot_ws/install/articubot_one/bin'
[5.843s] Level 1:colcon.colcon_core.environment:checking '/home/ali/Differentional-robot/Differentional_robot_ws/install/articubot_one/lib/pkgconfig/articubot_one.pc'
[5.843s] Level 1:colcon.colcon_core.environment:checking '/home/ali/Differentional-robot/Differentional_robot_ws/install/articubot_one/lib/python3.10/site-packages'
[5.844s] Level 1:colcon.colcon_core.environment:checking '/home/ali/Differentional-robot/Differentional_robot_ws/install/articubot_one/bin'
[5.846s] INFO:colcon.colcon_core.shell:Creating package script '/home/ali/Differentional-robot/Differentional_robot_ws/install/articubot_one/share/articubot_one/package.ps1'
[5.848s] INFO:colcon.colcon_core.shell:Creating package descriptor '/home/ali/Differentional-robot/Differentional_robot_ws/install/articubot_one/share/articubot_one/package.dsv'
[5.850s] INFO:colcon.colcon_core.shell:Creating package script '/home/ali/Differentional-robot/Differentional_robot_ws/install/articubot_one/share/articubot_one/package.sh'
[5.852s] INFO:colcon.colcon_core.shell:Creating package script '/home/ali/Differentional-robot/Differentional_robot_ws/install/articubot_one/share/articubot_one/package.bash'
[5.854s] INFO:colcon.colcon_core.shell:Creating package script '/home/ali/Differentional-robot/Differentional_robot_ws/install/articubot_one/share/articubot_one/package.zsh'
[5.856s] Level 1:colcon.colcon_core.environment:create_file_with_runtime_dependencies(/home/ali/Differentional-robot/Differentional_robot_ws/install/articubot_one/share/colcon-core/packages/articubot_one)
[5.864s] Level 1:colcon.colcon_core.environment:create_environment_scripts_only(diffdrive_arduino)
[5.867s] Level 1:colcon.colcon_core.environment:checking '/home/ali/Differentional-robot/Differentional_robot_ws/install/diffdrive_arduino' for CMake module files
[5.873s] DEBUG:colcon.colcon_core.event_handler.log_command:Invoked command in '/home/ali/Differentional-robot/Differentional_robot_ws/build/diffdrive_arduino' returned '0': CMAKE_PREFIX_PATH=/home/ali/perceptron_ws/install/perceptron_driver:/mnt/c/Users/HP/perceptron_ws/install/perceptron_driver:/opt/ros/humble:${CMAKE_PREFIX_PATH} /usr/bin/cmake --install /home/ali/Differentional-robot/Differentional_robot_ws/build/diffdrive_arduino
[5.874s] Level 1:colcon.colcon_core.environment:checking '/home/ali/Differentional-robot/Differentional_robot_ws/install/diffdrive_arduino' for CMake config files
[5.875s] Level 1:colcon.colcon_core.shell:create_environment_hook('diffdrive_arduino', 'cmake_prefix_path')
[5.876s] INFO:colcon.colcon_core.shell:Creating environment hook '/home/ali/Differentional-robot/Differentional_robot_ws/install/diffdrive_arduino/share/diffdrive_arduino/hook/cmake_prefix_path.ps1'
[5.887s] INFO:colcon.colcon_core.shell:Creating environment descriptor '/home/ali/Differentional-robot/Differentional_robot_ws/install/diffdrive_arduino/share/diffdrive_arduino/hook/cmake_prefix_path.dsv'
[5.889s] INFO:colcon.colcon_core.shell:Creating environment hook '/home/ali/Differentional-robot/Differentional_robot_ws/install/diffdrive_arduino/share/diffdrive_arduino/hook/cmake_prefix_path.sh'
[5.905s] Level 1:colcon.colcon_core.environment:checking '/home/ali/Differentional-robot/Differentional_robot_ws/install/diffdrive_arduino/lib'
[5.906s] Level 1:colcon.colcon_core.shell:create_environment_hook('diffdrive_arduino', 'ld_library_path_lib')
[5.912s] INFO:colcon.colcon_core.shell:Creating environment hook '/home/ali/Differentional-robot/Differentional_robot_ws/install/diffdrive_arduino/share/diffdrive_arduino/hook/ld_library_path_lib.ps1'
[5.934s] INFO:colcon.colcon_core.shell:Creating environment descriptor '/home/ali/Differentional-robot/Differentional_robot_ws/install/diffdrive_arduino/share/diffdrive_arduino/hook/ld_library_path_lib.dsv'
[5.936s] INFO:colcon.colcon_core.shell:Creating environment hook '/home/ali/Differentional-robot/Differentional_robot_ws/install/diffdrive_arduino/share/diffdrive_arduino/hook/ld_library_path_lib.sh'
[5.938s] Level 1:colcon.colcon_core.environment:checking '/home/ali/Differentional-robot/Differentional_robot_ws/install/diffdrive_arduino/bin'
[5.938s] Level 1:colcon.colcon_core.environment:checking '/home/ali/Differentional-robot/Differentional_robot_ws/install/diffdrive_arduino/lib/pkgconfig/diffdrive_arduino.pc'
[5.939s] Level 1:colcon.colcon_core.environment:checking '/home/ali/Differentional-robot/Differentional_robot_ws/install/diffdrive_arduino/lib/python3.10/site-packages'
[5.941s] Level 1:colcon.colcon_core.environment:checking '/home/ali/Differentional-robot/Differentional_robot_ws/install/diffdrive_arduino/bin'
[5.942s] INFO:colcon.colcon_core.shell:Creating package script '/home/ali/Differentional-robot/Differentional_robot_ws/install/diffdrive_arduino/share/diffdrive_arduino/package.ps1'
[5.945s] INFO:colcon.colcon_core.shell:Creating package descriptor '/home/ali/Differentional-robot/Differentional_robot_ws/install/diffdrive_arduino/share/diffdrive_arduino/package.dsv'
[5.949s] INFO:colcon.colcon_core.shell:Creating package script '/home/ali/Differentional-robot/Differentional_robot_ws/install/diffdrive_arduino/share/diffdrive_arduino/package.sh'
[5.951s] INFO:colcon.colcon_core.shell:Creating package script '/home/ali/Differentional-robot/Differentional_robot_ws/install/diffdrive_arduino/share/diffdrive_arduino/package.bash'
[5.953s] INFO:colcon.colcon_core.shell:Creating package script '/home/ali/Differentional-robot/Differentional_robot_ws/install/diffdrive_arduino/share/diffdrive_arduino/package.zsh'
[5.960s] Level 1:colcon.colcon_core.environment:create_file_with_runtime_dependencies(/home/ali/Differentional-robot/Differentional_robot_ws/install/diffdrive_arduino/share/colcon-core/packages/diffdrive_arduino)
[5.968s] Level 1:colcon.colcon_core.environment:create_environment_scripts_only(diffdrive_arduino)
[5.969s] Level 1:colcon.colcon_core.environment:checking '/home/ali/Differentional-robot/Differentional_robot_ws/install/diffdrive_arduino' for CMake module files
[5.971s] Level 1:colcon.colcon_core.environment:checking '/home/ali/Differentional-robot/Differentional_robot_ws/install/diffdrive_arduino' for CMake config files
[5.972s] Level 1:colcon.colcon_core.shell:create_environment_hook('diffdrive_arduino', 'cmake_prefix_path')
[5.973s] INFO:colcon.colcon_core.shell:Creating environment hook '/home/ali/Differentional-robot/Differentional_robot_ws/install/diffdrive_arduino/share/diffdrive_arduino/hook/cmake_prefix_path.ps1'
[5.976s] INFO:colcon.colcon_core.shell:Creating environment descriptor '/home/ali/Differentional-robot/Differentional_robot_ws/install/diffdrive_arduino/share/diffdrive_arduino/hook/cmake_prefix_path.dsv'
[5.978s] INFO:colcon.colcon_core.shell:Creating environment hook '/home/ali/Differentional-robot/Differentional_robot_ws/install/diffdrive_arduino/share/diffdrive_arduino/hook/cmake_prefix_path.sh'
[5.986s] Level 1:colcon.colcon_core.environment:checking '/home/ali/Differentional-robot/Differentional_robot_ws/install/diffdrive_arduino/lib'
[5.986s] Level 1:colcon.colcon_core.shell:create_environment_hook('diffdrive_arduino', 'ld_library_path_lib')
[5.988s] INFO:colcon.colcon_core.shell:Creating environment hook '/home/ali/Differentional-robot/Differentional_robot_ws/install/diffdrive_arduino/share/diffdrive_arduino/hook/ld_library_path_lib.ps1'
[5.990s] INFO:colcon.colcon_core.shell:Creating environment descriptor '/home/ali/Differentional-robot/Differentional_robot_ws/install/diffdrive_arduino/share/diffdrive_arduino/hook/ld_library_path_lib.dsv'
[5.992s] INFO:colcon.colcon_core.shell:Creating environment hook '/home/ali/Differentional-robot/Differentional_robot_ws/install/diffdrive_arduino/share/diffdrive_arduino/hook/ld_library_path_lib.sh'
[5.993s] Level 1:colcon.colcon_core.environment:checking '/home/ali/Differentional-robot/Differentional_robot_ws/install/diffdrive_arduino/bin'
[5.994s] Level 1:colcon.colcon_core.environment:checking '/home/ali/Differentional-robot/Differentional_robot_ws/install/diffdrive_arduino/lib/pkgconfig/diffdrive_arduino.pc'
[5.995s] Level 1:colcon.colcon_core.environment:checking '/home/ali/Differentional-robot/Differentional_robot_ws/install/diffdrive_arduino/lib/python3.10/site-packages'
[5.996s] Level 1:colcon.colcon_core.environment:checking '/home/ali/Differentional-robot/Differentional_robot_ws/install/diffdrive_arduino/bin'
[5.998s] INFO:colcon.colcon_core.shell:Creating package script '/home/ali/Differentional-robot/Differentional_robot_ws/install/diffdrive_arduino/share/diffdrive_arduino/package.ps1'
[6.006s] INFO:colcon.colcon_core.shell:Creating package descriptor '/home/ali/Differentional-robot/Differentional_robot_ws/install/diffdrive_arduino/share/diffdrive_arduino/package.dsv'
[6.009s] INFO:colcon.colcon_core.shell:Creating package script '/home/ali/Differentional-robot/Differentional_robot_ws/install/diffdrive_arduino/share/diffdrive_arduino/package.sh'
[6.011s] INFO:colcon.colcon_core.shell:Creating package script '/home/ali/Differentional-robot/Differentional_robot_ws/install/diffdrive_arduino/share/diffdrive_arduino/package.bash'
[6.023s] INFO:colcon.colcon_core.shell:Creating package script '/home/ali/Differentional-robot/Differentional_robot_ws/install/diffdrive_arduino/share/diffdrive_arduino/package.zsh'
[6.025s] Level 1:colcon.colcon_core.environment:create_file_with_runtime_dependencies(/home/ali/Differentional-robot/Differentional_robot_ws/install/diffdrive_arduino/share/colcon-core/packages/diffdrive_arduino)
[6.042s] DEBUG:colcon.colcon_core.event_handler.log_command:Invoked command in '/home/ali/Differentional-robot/Differentional_robot_ws/build/rplidar_ros' returned '0': CMAKE_PREFIX_PATH=/home/ali/perceptron_ws/install/perceptron_driver:/mnt/c/Users/HP/perceptron_ws/install/perceptron_driver:/opt/ros/humble:${CMAKE_PREFIX_PATH} /usr/bin/cmake --build /home/ali/Differentional-robot/Differentional_robot_ws/build/rplidar_ros -- -j4 -l4
[6.050s] DEBUG:colcon.colcon_core.event_handler.log_command:Invoking command in '/home/ali/Differentional-robot/Differentional_robot_ws/build/rplidar_ros': CMAKE_PREFIX_PATH=/home/ali/perceptron_ws/install/perceptron_driver:/mnt/c/Users/HP/perceptron_ws/install/perceptron_driver:/opt/ros/humble:${CMAKE_PREFIX_PATH} /usr/bin/cmake --install /home/ali/Differentional-robot/Differentional_robot_ws/build/rplidar_ros
[6.157s] Level 1:colcon.colcon_core.environment:create_environment_scripts_only(rplidar_ros)
[6.159s] Level 1:colcon.colcon_core.environment:checking '/home/ali/Differentional-robot/Differentional_robot_ws/install/rplidar_ros' for CMake module files
[6.161s] DEBUG:colcon.colcon_core.event_handler.log_command:Invoked command in '/home/ali/Differentional-robot/Differentional_robot_ws/build/rplidar_ros' returned '0': CMAKE_PREFIX_PATH=/home/ali/perceptron_ws/install/perceptron_driver:/mnt/c/Users/HP/perceptron_ws/install/perceptron_driver:/opt/ros/humble:${CMAKE_PREFIX_PATH} /usr/bin/cmake --install /home/ali/Differentional-robot/Differentional_robot_ws/build/rplidar_ros
[6.163s] Level 1:colcon.colcon_core.environment:checking '/home/ali/Differentional-robot/Differentional_robot_ws/install/rplidar_ros' for CMake config files
[6.164s] Level 1:colcon.colcon_core.shell:create_environment_hook('rplidar_ros', 'cmake_prefix_path')
[6.165s] INFO:colcon.colcon_core.shell:Creating environment hook '/home/ali/Differentional-robot/Differentional_robot_ws/install/rplidar_ros/share/rplidar_ros/hook/cmake_prefix_path.ps1'
[6.168s] INFO:colcon.colcon_core.shell:Creating environment descriptor '/home/ali/Differentional-robot/Differentional_robot_ws/install/rplidar_ros/share/rplidar_ros/hook/cmake_prefix_path.dsv'
[6.170s] INFO:colcon.colcon_core.shell:Creating environment hook '/home/ali/Differentional-robot/Differentional_robot_ws/install/rplidar_ros/share/rplidar_ros/hook/cmake_prefix_path.sh'
[6.173s] Level 1:colcon.colcon_core.environment:checking '/home/ali/Differentional-robot/Differentional_robot_ws/install/rplidar_ros/lib'
[6.173s] Level 1:colcon.colcon_core.environment:checking '/home/ali/Differentional-robot/Differentional_robot_ws/install/rplidar_ros/bin'
[6.174s] Level 1:colcon.colcon_core.environment:checking '/home/ali/Differentional-robot/Differentional_robot_ws/install/rplidar_ros/lib/pkgconfig/rplidar_ros.pc'
[6.175s] Level 1:colcon.colcon_core.environment:checking '/home/ali/Differentional-robot/Differentional_robot_ws/install/rplidar_ros/lib/python3.10/site-packages'
[6.176s] Level 1:colcon.colcon_core.environment:checking '/home/ali/Differentional-robot/Differentional_robot_ws/install/rplidar_ros/bin'
[6.177s] INFO:colcon.colcon_core.shell:Creating package script '/home/ali/Differentional-robot/Differentional_robot_ws/install/rplidar_ros/share/rplidar_ros/package.ps1'
[6.181s] INFO:colcon.colcon_core.shell:Creating package descriptor '/home/ali/Differentional-robot/Differentional_robot_ws/install/rplidar_ros/share/rplidar_ros/package.dsv'
[6.183s] INFO:colcon.colcon_core.shell:Creating package script '/home/ali/Differentional-robot/Differentional_robot_ws/install/rplidar_ros/share/rplidar_ros/package.sh'
[6.186s] INFO:colcon.colcon_core.shell:Creating package script '/home/ali/Differentional-robot/Differentional_robot_ws/install/rplidar_ros/share/rplidar_ros/package.bash'
[6.190s] INFO:colcon.colcon_core.shell:Creating package script '/home/ali/Differentional-robot/Differentional_robot_ws/install/rplidar_ros/share/rplidar_ros/package.zsh'
[6.192s] Level 1:colcon.colcon_core.environment:create_file_with_runtime_dependencies(/home/ali/Differentional-robot/Differentional_robot_ws/install/rplidar_ros/share/colcon-core/packages/rplidar_ros)
[6.196s] Level 1:colcon.colcon_core.environment:create_environment_scripts_only(rplidar_ros)
[6.197s] Level 1:colcon.colcon_core.environment:checking '/home/ali/Differentional-robot/Differentional_robot_ws/install/rplidar_ros' for CMake module files
[6.200s] Level 1:colcon.colcon_core.environment:checking '/home/ali/Differentional-robot/Differentional_robot_ws/install/rplidar_ros' for CMake config files
[6.202s] Level 1:colcon.colcon_core.shell:create_environment_hook('rplidar_ros', 'cmake_prefix_path')
[6.203s] INFO:colcon.colcon_core.shell:Creating environment hook '/home/ali/Differentional-robot/Differentional_robot_ws/install/rplidar_ros/share/rplidar_ros/hook/cmake_prefix_path.ps1'
[6.210s] INFO:colcon.colcon_core.shell:Creating environment descriptor '/home/ali/Differentional-robot/Differentional_robot_ws/install/rplidar_ros/share/rplidar_ros/hook/cmake_prefix_path.dsv'
[6.212s] INFO:colcon.colcon_core.shell:Creating environment hook '/home/ali/Differentional-robot/Differentional_robot_ws/install/rplidar_ros/share/rplidar_ros/hook/cmake_prefix_path.sh'
[6.217s] Level 1:colcon.colcon_core.environment:checking '/home/ali/Differentional-robot/Differentional_robot_ws/install/rplidar_ros/lib'
[6.218s] Level 1:colcon.colcon_core.environment:checking '/home/ali/Differentional-robot/Differentional_robot_ws/install/rplidar_ros/bin'
[6.218s] Level 1:colcon.colcon_core.environment:checking '/home/ali/Differentional-robot/Differentional_robot_ws/install/rplidar_ros/lib/pkgconfig/rplidar_ros.pc'
[6.219s] Level 1:colcon.colcon_core.environment:checking '/home/ali/Differentional-robot/Differentional_robot_ws/install/rplidar_ros/lib/python3.10/site-packages'
[6.220s] Level 1:colcon.colcon_core.environment:checking '/home/ali/Differentional-robot/Differentional_robot_ws/install/rplidar_ros/bin'
[6.222s] INFO:colcon.colcon_core.shell:Creating package script '/home/ali/Differentional-robot/Differentional_robot_ws/install/rplidar_ros/share/rplidar_ros/package.ps1'
[6.224s] INFO:colcon.colcon_core.shell:Creating package descriptor '/home/ali/Differentional-robot/Differentional_robot_ws/install/rplidar_ros/share/rplidar_ros/package.dsv'
[6.227s] INFO:colcon.colcon_core.shell:Creating package script '/home/ali/Differentional-robot/Differentional_robot_ws/install/rplidar_ros/share/rplidar_ros/package.sh'
[6.232s] INFO:colcon.colcon_core.shell:Creating package script '/home/ali/Differentional-robot/Differentional_robot_ws/install/rplidar_ros/share/rplidar_ros/package.bash'
[6.234s] INFO:colcon.colcon_core.shell:Creating package script '/home/ali/Differentional-robot/Differentional_robot_ws/install/rplidar_ros/share/rplidar_ros/package.zsh'
[6.236s] Level 1:colcon.colcon_core.environment:create_file_with_runtime_dependencies(/home/ali/Differentional-robot/Differentional_robot_ws/install/rplidar_ros/share/colcon-core/packages/rplidar_ros)
[6.263s] DEBUG:colcon.colcon_core.event_handler.log_command:Invoked command in '/home/ali/Differentional-robot/Differentional_robot_ws/build/serial' returned '0': CMAKE_PREFIX_PATH=/home/ali/perceptron_ws/install/perceptron_driver:/mnt/c/Users/HP/perceptron_ws/install/perceptron_driver:/opt/ros/humble:${CMAKE_PREFIX_PATH} /usr/bin/cmake --build /home/ali/Differentional-robot/Differentional_robot_ws/build/serial -- -j4 -l4
[6.265s] DEBUG:colcon.colcon_core.event_handler.log_command:Invoking command in '/home/ali/Differentional-robot/Differentional_robot_ws/build/serial': CMAKE_PREFIX_PATH=/home/ali/perceptron_ws/install/perceptron_driver:/mnt/c/Users/HP/perceptron_ws/install/perceptron_driver:/opt/ros/humble:${CMAKE_PREFIX_PATH} /usr/bin/cmake --install /home/ali/Differentional-robot/Differentional_robot_ws/build/serial
[6.357s] Level 1:colcon.colcon_core.environment:create_environment_scripts_only(serial)
[6.365s] Level 1:colcon.colcon_core.environment:checking '/home/ali/Differentional-robot/Differentional_robot_ws/install/serial' for CMake module files
[6.365s] DEBUG:colcon.colcon_core.event_handler.log_command:Invoked command in '/home/ali/Differentional-robot/Differentional_robot_ws/build/serial' returned '0': CMAKE_PREFIX_PATH=/home/ali/perceptron_ws/install/perceptron_driver:/mnt/c/Users/HP/perceptron_ws/install/perceptron_driver:/opt/ros/humble:${CMAKE_PREFIX_PATH} /usr/bin/cmake --install /home/ali/Differentional-robot/Differentional_robot_ws/build/serial
[6.369s] Level 1:colcon.colcon_core.environment:checking '/home/ali/Differentional-robot/Differentional_robot_ws/install/serial' for CMake config files
[6.370s] Level 1:colcon.colcon_core.shell:create_environment_hook('serial', 'cmake_prefix_path')
[6.371s] INFO:colcon.colcon_core.shell:Creating environment hook '/home/ali/Differentional-robot/Differentional_robot_ws/install/serial/share/serial/hook/cmake_prefix_path.ps1'
[6.373s] INFO:colcon.colcon_core.shell:Creating environment descriptor '/home/ali/Differentional-robot/Differentional_robot_ws/install/serial/share/serial/hook/cmake_prefix_path.dsv'
[6.375s] INFO:colcon.colcon_core.shell:Creating environment hook '/home/ali/Differentional-robot/Differentional_robot_ws/install/serial/share/serial/hook/cmake_prefix_path.sh'
[6.377s] Level 1:colcon.colcon_core.environment:checking '/home/ali/Differentional-robot/Differentional_robot_ws/install/serial/lib'
[6.377s] Level 1:colcon.colcon_core.environment:checking '/home/ali/Differentional-robot/Differentional_robot_ws/install/serial/bin'
[6.378s] Level 1:colcon.colcon_core.environment:checking '/home/ali/Differentional-robot/Differentional_robot_ws/install/serial/lib/pkgconfig/serial.pc'
[6.379s] Level 1:colcon.colcon_core.environment:checking '/home/ali/Differentional-robot/Differentional_robot_ws/install/serial/lib/python3.10/site-packages'
[6.381s] Level 1:colcon.colcon_core.environment:checking '/home/ali/Differentional-robot/Differentional_robot_ws/install/serial/bin'
[6.382s] INFO:colcon.colcon_core.shell:Creating package script '/home/ali/Differentional-robot/Differentional_robot_ws/install/serial/share/serial/package.ps1'
[6.386s] INFO:colcon.colcon_core.shell:Creating package descriptor '/home/ali/Differentional-robot/Differentional_robot_ws/install/serial/share/serial/package.dsv'
[6.388s] INFO:colcon.colcon_core.shell:Creating package script '/home/ali/Differentional-robot/Differentional_robot_ws/install/serial/share/serial/package.sh'
[6.391s] INFO:colcon.colcon_core.shell:Creating package script '/home/ali/Differentional-robot/Differentional_robot_ws/install/serial/share/serial/package.bash'
[6.393s] INFO:colcon.colcon_core.shell:Creating package script '/home/ali/Differentional-robot/Differentional_robot_ws/install/serial/share/serial/package.zsh'
[6.396s] Level 1:colcon.colcon_core.environment:create_file_with_runtime_dependencies(/home/ali/Differentional-robot/Differentional_robot_ws/install/serial/share/colcon-core/packages/serial)
[6.399s] Level 1:colcon.colcon_core.environment:create_environment_scripts_only(serial)
[6.400s] Level 1:colcon.colcon_core.environment:checking '/home/ali/Differentional-robot/Differentional_robot_ws/install/serial' for CMake module files
[6.403s] Level 1:colcon.colcon_core.environment:checking '/home/ali/Differentional-robot/Differentional_robot_ws/install/serial' for CMake config files
[6.404s] Level 1:colcon.colcon_core.shell:create_environment_hook('serial', 'cmake_prefix_path')
[6.405s] INFO:colcon.colcon_core.shell:Creating environment hook '/home/ali/Differentional-robot/Differentional_robot_ws/install/serial/share/serial/hook/cmake_prefix_path.ps1'
[6.409s] INFO:colcon.colcon_core.shell:Creating environment descriptor '/home/ali/Differentional-robot/Differentional_robot_ws/install/serial/share/serial/hook/cmake_prefix_path.dsv'
[6.412s] INFO:colcon.colcon_core.shell:Creating environment hook '/home/ali/Differentional-robot/Differentional_robot_ws/install/serial/share/serial/hook/cmake_prefix_path.sh'
[6.416s] Level 1:colcon.colcon_core.environment:checking '/home/ali/Differentional-robot/Differentional_robot_ws/install/serial/lib'
[6.416s] Level 1:colcon.colcon_core.environment:checking '/home/ali/Differentional-robot/Differentional_robot_ws/install/serial/bin'
[6.417s] Level 1:colcon.colcon_core.environment:checking '/home/ali/Differentional-robot/Differentional_robot_ws/install/serial/lib/pkgconfig/serial.pc'
[6.417s] Level 1:colcon.colcon_core.environment:checking '/home/ali/Differentional-robot/Differentional_robot_ws/install/serial/lib/python3.10/site-packages'
[6.419s] Level 1:colcon.colcon_core.environment:checking '/home/ali/Differentional-robot/Differentional_robot_ws/install/serial/bin'
[6.420s] INFO:colcon.colcon_core.shell:Creating package script '/home/ali/Differentional-robot/Differentional_robot_ws/install/serial/share/serial/package.ps1'
[6.423s] INFO:colcon.colcon_core.shell:Creating package descriptor '/home/ali/Differentional-robot/Differentional_robot_ws/install/serial/share/serial/package.dsv'
[6.430s] INFO:colcon.colcon_core.shell:Creating package script '/home/ali/Differentional-robot/Differentional_robot_ws/install/serial/share/serial/package.sh'
[6.433s] INFO:colcon.colcon_core.shell:Creating package script '/home/ali/Differentional-robot/Differentional_robot_ws/install/serial/share/serial/package.bash'
[6.437s] INFO:colcon.colcon_core.shell:Creating package script '/home/ali/Differentional-robot/Differentional_robot_ws/install/serial/share/serial/package.zsh'
[6.439s] Level 1:colcon.colcon_core.environment:create_file_with_runtime_dependencies(/home/ali/Differentional-robot/Differentional_robot_ws/install/serial/share/colcon-core/packages/serial)
[6.440s] DEBUG:colcon.colcon_parallel_executor.executor.parallel:closing loop
[6.443s] DEBUG:colcon.colcon_parallel_executor.executor.parallel:loop closed
[6.444s] DEBUG:colcon.colcon_parallel_executor.executor.parallel:run_until_complete finished with '0'
[6.445s] DEBUG:colcon.colcon_core.event_reactor:joining thread
[6.592s] INFO:colcon.colcon_core.plugin_system:Skipping extension 'colcon_notification.desktop_notification.notify_send': Could not find 'notify-send'
[6.593s] INFO:colcon.colcon_core.plugin_system:Skipping extension 'colcon_notification.desktop_notification.terminal_notifier': Not used on non-Darwin systems
[6.593s] INFO:colcon.colcon_core.plugin_system:Skipping extension 'colcon_notification.desktop_notification.win32': Not used on non-Windows systems
[6.593s] INFO:colcon.colcon_notification.desktop_notification:Sending desktop notification using 'notify2'
[6.593s] DEBUG:colcon.colcon_notification.desktop_notification.notify2:Failed to initialize notify2: org.freedesktop.DBus.Error.FileNotFound: Failed to connect to socket /run/user/1000/bus: No such file or directory
[6.594s] DEBUG:colcon.colcon_core.event_reactor:joined thread
[6.595s] INFO:colcon.colcon_core.shell:Creating prefix script '/home/ali/Differentional-robot/Differentional_robot_ws/install/local_setup.ps1'
[6.598s] INFO:colcon.colcon_core.shell:Creating prefix util module '/home/ali/Differentional-robot/Differentional_robot_ws/install/_local_setup_util_ps1.py'
[6.602s] INFO:colcon.colcon_core.shell:Creating prefix chain script '/home/ali/Differentional-robot/Differentional_robot_ws/install/setup.ps1'
[6.801s] INFO:colcon.colcon_core.shell:Creating prefix script '/home/ali/Differentional-robot/Differentional_robot_ws/install/local_setup.sh'
[6.804s] INFO:colcon.colcon_core.shell:Creating prefix util module '/home/ali/Differentional-robot/Differentional_robot_ws/install/_local_setup_util_sh.py'
[6.807s] INFO:colcon.colcon_core.shell:Creating prefix chain script '/home/ali/Differentional-robot/Differentional_robot_ws/install/setup.sh'
[7.013s] INFO:colcon.colcon_core.shell:Creating prefix script '/home/ali/Differentional-robot/Differentional_robot_ws/install/local_setup.bash'
[7.015s] INFO:colcon.colcon_core.shell:Creating prefix chain script '/home/ali/Differentional-robot/Differentional_robot_ws/install/setup.bash'
[7.207s] INFO:colcon.colcon_core.shell:Creating prefix script '/home/ali/Differentional-robot/Differentional_robot_ws/install/local_setup.zsh'
[7.211s] INFO:colcon.colcon_core.shell:Creating prefix chain script '/home/ali/Differentional-robot/Differentional_robot_ws/install/setup.zsh'
