[1.539s] Invoking command in '/home/ali/Differentional-robot/Differentional_robot_ws/build/rplidar_ros': CMAKE_PREFIX_PATH=/home/ali/perceptron_ws/install/perceptron_driver:/mnt/c/Users/HP/perceptron_ws/install/perceptron_driver:/opt/ros/humble:${CMAKE_PREFIX_PATH} /usr/bin/cmake --build /home/ali/Differentional-robot/Differentional_robot_ws/build/rplidar_ros -- -j4 -l4
[2.204s] [ 47%] Built target rplidar_composition
[2.214s] [ 52%] Built target rplidar_client
[2.222s] [100%] Built target rplidar_node
[2.304s] Invoked command in '/home/ali/Differentional-robot/Differentional_robot_ws/build/rplidar_ros' returned '0': CMAKE_PREFIX_PATH=/home/ali/perceptron_ws/install/perceptron_driver:/mnt/c/Users/HP/perceptron_ws/install/perceptron_driver:/opt/ros/humble:${CMAKE_PREFIX_PATH} /usr/bin/cmake --build /home/ali/Differentional-robot/Differentional_robot_ws/build/rplidar_ros -- -j4 -l4
[2.311s] Invoking command in '/home/ali/Differentional-robot/Differentional_robot_ws/build/rplidar_ros': CMAKE_PREFIX_PATH=/home/ali/perceptron_ws/install/perceptron_driver:/mnt/c/Users/HP/perceptron_ws/install/perceptron_driver:/opt/ros/humble:${CMAKE_PREFIX_PATH} /usr/bin/cmake --install /home/ali/Differentional-robot/Differentional_robot_ws/build/rplidar_ros
[2.395s] -- Install configuration: ""
[2.408s] -- Execute custom install script
[2.409s] -- Up-to-date symlink: /home/ali/Differentional-robot/Differentional_robot_ws/install/rplidar_ros/share/rplidar_ros/launch/rplidar_a1_launch.py
[2.411s] -- Up-to-date symlink: /home/ali/Differentional-robot/Differentional_robot_ws/install/rplidar_ros/share/rplidar_ros/rviz/rplidar_ros.rviz
[2.419s] -- Up-to-date symlink: /home/ali/Differentional-robot/Differentional_robot_ws/install/rplidar_ros/lib/rplidar_ros/rplidar_node
[2.420s] -- Up-to-date symlink: /home/ali/Differentional-robot/Differentional_robot_ws/install/rplidar_ros/lib/rplidar_ros/rplidar_composition
[2.420s] -- Up-to-date symlink: /home/ali/Differentional-robot/Differentional_robot_ws/install/rplidar_ros/lib/rplidar_ros/rplidar_client
[2.420s] -- Up-to-date symlink: /home/ali/Differentional-robot/Differentional_robot_ws/install/rplidar_ros/share/ament_index/resource_index/package_run_dependencies/rplidar_ros
[2.421s] -- Up-to-date symlink: /home/ali/Differentional-robot/Differentional_robot_ws/install/rplidar_ros/share/ament_index/resource_index/parent_prefix_path/rplidar_ros
[2.424s] -- Up-to-date symlink: /home/ali/Differentional-robot/Differentional_robot_ws/install/rplidar_ros/share/rplidar_ros/environment/ament_prefix_path.sh
[2.425s] -- Up-to-date symlink: /home/ali/Differentional-robot/Differentional_robot_ws/install/rplidar_ros/share/rplidar_ros/environment/ament_prefix_path.dsv
[2.425s] -- Up-to-date symlink: /home/ali/Differentional-robot/Differentional_robot_ws/install/rplidar_ros/share/rplidar_ros/environment/path.sh
[2.425s] -- Up-to-date symlink: /home/ali/Differentional-robot/Differentional_robot_ws/install/rplidar_ros/share/rplidar_ros/environment/path.dsv
[2.425s] -- Up-to-date symlink: /home/ali/Differentional-robot/Differentional_robot_ws/install/rplidar_ros/share/rplidar_ros/local_setup.bash
[2.425s] -- Up-to-date symlink: /home/ali/Differentional-robot/Differentional_robot_ws/install/rplidar_ros/share/rplidar_ros/local_setup.sh
[2.426s] -- Up-to-date symlink: /home/ali/Differentional-robot/Differentional_robot_ws/install/rplidar_ros/share/rplidar_ros/local_setup.zsh
[2.426s] -- Up-to-date symlink: /home/ali/Differentional-robot/Differentional_robot_ws/install/rplidar_ros/share/rplidar_ros/local_setup.dsv
[2.426s] -- Symlinking: /home/ali/Differentional-robot/Differentional_robot_ws/install/rplidar_ros/share/rplidar_ros/package.dsv
[2.450s] -- Up-to-date symlink: /home/ali/Differentional-robot/Differentional_robot_ws/install/rplidar_ros/share/ament_index/resource_index/packages/rplidar_ros
[2.452s] -- Up-to-date symlink: /home/ali/Differentional-robot/Differentional_robot_ws/install/rplidar_ros/share/rplidar_ros/cmake/ament_cmake_export_dependencies-extras.cmake
[2.456s] -- Up-to-date symlink: /home/ali/Differentional-robot/Differentional_robot_ws/install/rplidar_ros/share/rplidar_ros/cmake/ament_cmake_export_include_directories-extras.cmake
[2.473s] -- Up-to-date symlink: /home/ali/Differentional-robot/Differentional_robot_ws/install/rplidar_ros/share/rplidar_ros/cmake/rplidar_rosConfig.cmake
[2.476s] -- Up-to-date symlink: /home/ali/Differentional-robot/Differentional_robot_ws/install/rplidar_ros/share/rplidar_ros/cmake/rplidar_rosConfig-version.cmake
[2.478s] -- Up-to-date symlink: /home/ali/Differentional-robot/Differentional_robot_ws/install/rplidar_ros/share/rplidar_ros/package.xml
[2.589s] Invoked command in '/home/ali/Differentional-robot/Differentional_robot_ws/build/rplidar_ros' returned '0': CMAKE_PREFIX_PATH=/home/ali/perceptron_ws/install/perceptron_driver:/mnt/c/Users/HP/perceptron_ws/install/perceptron_driver:/opt/ros/humble:${CMAKE_PREFIX_PATH} /usr/bin/cmake --install /home/ali/Differentional-robot/Differentional_robot_ws/build/rplidar_ros
