[0.928s] Invoking command in '/home/ali/Differentional-robot/Differentional_robot_ws/build/serial': CMAKE_PREFIX_PATH=/home/ali/perceptron_ws/install/perceptron_driver:/mnt/c/Users/HP/perceptron_ws/install/perceptron_driver:/opt/ros/humble:${CMAKE_PREFIX_PATH} /usr/bin/cmake --build /home/ali/Differentional-robot/Differentional_robot_ws/build/serial -- -j4 -l4
[1.356s] [ 28%] Built target serial
[1.376s] [ 42%] Built target gtest
[1.424s] [ 57%] Built target gtest_main
[1.546s] [ 71%] Built target serial_example
[1.582s] [ 85%] Built target serial-test-timer
[1.589s] [100%] Built target serial-test
[1.875s] Invoked command in '/home/ali/Differentional-robot/Differentional_robot_ws/build/serial' returned '0': CMAKE_PREFIX_PATH=/home/ali/perceptron_ws/install/perceptron_driver:/mnt/c/Users/HP/perceptron_ws/install/perceptron_driver:/opt/ros/humble:${CMAKE_PREFIX_PATH} /usr/bin/cmake --build /home/ali/Differentional-robot/Differentional_robot_ws/build/serial -- -j4 -l4
[1.884s] Invoking command in '/home/ali/Differentional-robot/Differentional_robot_ws/build/serial': CMAKE_PREFIX_PATH=/home/ali/perceptron_ws/install/perceptron_driver:/mnt/c/Users/HP/perceptron_ws/install/perceptron_driver:/opt/ros/humble:${CMAKE_PREFIX_PATH} /usr/bin/cmake --install /home/ali/Differentional-robot/Differentional_robot_ws/build/serial
[2.002s] -- Install configuration: ""
[2.002s] -- Execute custom install script
[2.003s] -- Up-to-date symlink: /home/ali/Differentional-robot/Differentional_robot_ws/install/serial/lib/libserial.a
[2.004s] -- Up-to-date symlink: /home/ali/Differentional-robot/Differentional_robot_ws/install/serial/include/serial/serial.h
[2.004s] -- Up-to-date symlink: /home/ali/Differentional-robot/Differentional_robot_ws/install/serial/include/serial/v8stdint.h
[2.004s] -- Up-to-date symlink: /home/ali/Differentional-robot/Differentional_robot_ws/install/serial/share/serial/environment/library_path.sh
[2.005s] -- Up-to-date symlink: /home/ali/Differentional-robot/Differentional_robot_ws/install/serial/share/serial/environment/library_path.dsv
[2.005s] -- Up-to-date symlink: /home/ali/Differentional-robot/Differentional_robot_ws/install/serial/share/ament_index/resource_index/package_run_dependencies/serial
[2.005s] -- Up-to-date symlink: /home/ali/Differentional-robot/Differentional_robot_ws/install/serial/share/ament_index/resource_index/parent_prefix_path/serial
[2.006s] -- Up-to-date symlink: /home/ali/Differentional-robot/Differentional_robot_ws/install/serial/share/serial/environment/ament_prefix_path.sh
[2.006s] -- Up-to-date symlink: /home/ali/Differentional-robot/Differentional_robot_ws/install/serial/share/serial/environment/ament_prefix_path.dsv
[2.006s] -- Up-to-date symlink: /home/ali/Differentional-robot/Differentional_robot_ws/install/serial/share/serial/environment/path.sh
[2.007s] -- Up-to-date symlink: /home/ali/Differentional-robot/Differentional_robot_ws/install/serial/share/serial/environment/path.dsv
[2.011s] -- Up-to-date symlink: /home/ali/Differentional-robot/Differentional_robot_ws/install/serial/share/serial/local_setup.bash
[2.015s] -- Up-to-date symlink: /home/ali/Differentional-robot/Differentional_robot_ws/install/serial/share/serial/local_setup.sh
[2.016s] -- Up-to-date symlink: /home/ali/Differentional-robot/Differentional_robot_ws/install/serial/share/serial/local_setup.zsh
[2.017s] -- Up-to-date symlink: /home/ali/Differentional-robot/Differentional_robot_ws/install/serial/share/serial/local_setup.dsv
[2.018s] -- Symlinking: /home/ali/Differentional-robot/Differentional_robot_ws/install/serial/share/serial/package.dsv
[2.019s] -- Up-to-date symlink: /home/ali/Differentional-robot/Differentional_robot_ws/install/serial/share/ament_index/resource_index/packages/serial
[2.019s] -- Up-to-date symlink: /home/ali/Differentional-robot/Differentional_robot_ws/install/serial/share/serial/cmake/ament_cmake_export_include_directories-extras.cmake
[2.020s] -- Up-to-date symlink: /home/ali/Differentional-robot/Differentional_robot_ws/install/serial/share/serial/cmake/ament_cmake_export_libraries-extras.cmake
[2.020s] -- Up-to-date symlink: /home/ali/Differentional-robot/Differentional_robot_ws/install/serial/share/serial/cmake/serialConfig.cmake
[2.020s] -- Up-to-date symlink: /home/ali/Differentional-robot/Differentional_robot_ws/install/serial/share/serial/cmake/serialConfig-version.cmake
[2.021s] -- Up-to-date symlink: /home/ali/Differentional-robot/Differentional_robot_ws/install/serial/share/serial/package.xml
[2.031s] Invoked command in '/home/ali/Differentional-robot/Differentional_robot_ws/build/serial' returned '0': CMAKE_PREFIX_PATH=/home/ali/perceptron_ws/install/perceptron_driver:/mnt/c/Users/HP/perceptron_ws/install/perceptron_driver:/opt/ros/humble:${CMAKE_PREFIX_PATH} /usr/bin/cmake --install /home/ali/Differentional-robot/Differentional_robot_ws/build/serial
