[1.051s] DEBUG:colcon:Command line arguments: ['/usr/bin/colcon', 'build', '--symlink-install']
[1.051s] DEBUG:colcon:Parsed command line arguments: Namespace(log_base=None, log_level=None, verb_name='build', build_base='build', install_base='install', merge_install=False, symlink_install=True, test_result_base=None, continue_on_error=False, executor='parallel', parallel_workers=4, event_handlers=None, ignore_user_meta=False, metas=['./colcon.meta'], base_paths=['.'], packages_ignore=None, packages_ignore_regex=None, paths=None, packages_up_to=None, packages_up_to_regex=None, packages_above=None, packages_above_and_dependencies=None, packages_above_depth=None, packages_select_by_dep=None, packages_skip_by_dep=None, packages_skip_up_to=None, packages_select_build_failed=False, packages_skip_build_finished=False, packages_select_test_failures=False, packages_skip_test_passed=False, packages_select=None, packages_skip=None, packages_select_regex=None, packages_skip_regex=None, packages_start=None, packages_end=None, allow_overriding=[], cmake_args=None, cmake_target=None, cmake_target_skip_unavailable=False, cmake_clean_cache=False, cmake_clean_first=False, cmake_force_configure=False, ament_cmake_args=None, catkin_cmake_args=None, catkin_skip_building_tests=False, verb_parser=<colcon_defaults.argument_parser.defaults.DefaultArgumentsDecorator object at 0x79347d465330>, verb_extension=<colcon_core.verb.build.BuildVerb object at 0x79347d464ee0>, main=<bound method BuildVerb.main of <colcon_core.verb.build.BuildVerb object at 0x79347d464ee0>>)
[2.350s] Level 1:colcon.colcon_core.package_discovery:discover_packages(colcon_meta) check parameters
[2.350s] Level 1:colcon.colcon_core.package_discovery:discover_packages(recursive) check parameters
[2.351s] Level 1:colcon.colcon_core.package_discovery:discover_packages(ignore) check parameters
[2.351s] Level 1:colcon.colcon_core.package_discovery:discover_packages(path) check parameters
[2.351s] Level 1:colcon.colcon_core.package_discovery:discover_packages(colcon_meta) discover
[2.352s] Level 1:colcon.colcon_core.package_discovery:discover_packages(recursive) discover
[2.352s] INFO:colcon.colcon_core.package_discovery:Crawling recursively for packages in '/home/ali/Differentional-robot/Differentional_robot_ws'
[2.352s] Level 1:colcon.colcon_core.package_identification:_identify(.) by extensions ['ignore', 'ignore_ament_install']
[2.353s] Level 1:colcon.colcon_core.package_identification:_identify(.) by extension 'ignore'
[2.353s] Level 1:colcon.colcon_core.package_identification:_identify(.) by extension 'ignore_ament_install'
[2.354s] Level 1:colcon.colcon_core.package_identification:_identify(.) by extensions ['colcon_pkg']
[2.354s] Level 1:colcon.colcon_core.package_identification:_identify(.) by extension 'colcon_pkg'
[2.355s] Level 1:colcon.colcon_core.package_identification:_identify(.) by extensions ['colcon_meta']
[2.355s] Level 1:colcon.colcon_core.package_identification:_identify(.) by extension 'colcon_meta'
[2.355s] Level 1:colcon.colcon_core.package_identification:_identify(.) by extensions ['ros']
[2.356s] Level 1:colcon.colcon_core.package_identification:_identify(.) by extension 'ros'
[2.419s] Level 1:colcon.colcon_core.package_identification:_identify(.) by extensions ['cmake', 'python']
[2.420s] Level 1:colcon.colcon_core.package_identification:_identify(.) by extension 'cmake'
[2.420s] Level 1:colcon.colcon_core.package_identification:_identify(.) by extension 'python'
[2.421s] Level 1:colcon.colcon_core.package_identification:_identify(.) by extensions ['python_setup_py']
[2.421s] Level 1:colcon.colcon_core.package_identification:_identify(.) by extension 'python_setup_py'
[2.421s] Level 1:colcon.colcon_core.package_identification:_identify(build) by extensions ['ignore', 'ignore_ament_install']
[2.422s] Level 1:colcon.colcon_core.package_identification:_identify(build) by extension 'ignore'
[2.423s] Level 1:colcon.colcon_core.package_identification:_identify(build) ignored
[2.424s] Level 1:colcon.colcon_core.package_identification:_identify(install) by extensions ['ignore', 'ignore_ament_install']
[2.424s] Level 1:colcon.colcon_core.package_identification:_identify(install) by extension 'ignore'
[2.425s] Level 1:colcon.colcon_core.package_identification:_identify(install) ignored
[2.426s] Level 1:colcon.colcon_core.package_identification:_identify(log) by extensions ['ignore', 'ignore_ament_install']
[2.426s] Level 1:colcon.colcon_core.package_identification:_identify(log) by extension 'ignore'
[2.427s] Level 1:colcon.colcon_core.package_identification:_identify(log) ignored
[2.427s] Level 1:colcon.colcon_core.package_identification:_identify(src) by extensions ['ignore', 'ignore_ament_install']
[2.428s] Level 1:colcon.colcon_core.package_identification:_identify(src) by extension 'ignore'
[2.428s] Level 1:colcon.colcon_core.package_identification:_identify(src) by extension 'ignore_ament_install'
[2.429s] Level 1:colcon.colcon_core.package_identification:_identify(src) by extensions ['colcon_pkg']
[2.429s] Level 1:colcon.colcon_core.package_identification:_identify(src) by extension 'colcon_pkg'
[2.429s] Level 1:colcon.colcon_core.package_identification:_identify(src) by extensions ['colcon_meta']
[2.430s] Level 1:colcon.colcon_core.package_identification:_identify(src) by extension 'colcon_meta'
[2.430s] Level 1:colcon.colcon_core.package_identification:_identify(src) by extensions ['ros']
[2.430s] Level 1:colcon.colcon_core.package_identification:_identify(src) by extension 'ros'
[2.432s] Level 1:colcon.colcon_core.package_identification:_identify(src) by extensions ['cmake', 'python']
[2.432s] Level 1:colcon.colcon_core.package_identification:_identify(src) by extension 'cmake'
[2.433s] Level 1:colcon.colcon_core.package_identification:_identify(src) by extension 'python'
[2.433s] Level 1:colcon.colcon_core.package_identification:_identify(src) by extensions ['python_setup_py']
[2.433s] Level 1:colcon.colcon_core.package_identification:_identify(src) by extension 'python_setup_py'
[2.434s] Level 1:colcon.colcon_core.package_identification:_identify(src/articubot_one) by extensions ['ignore', 'ignore_ament_install']
[2.435s] Level 1:colcon.colcon_core.package_identification:_identify(src/articubot_one) by extension 'ignore'
[2.436s] Level 1:colcon.colcon_core.package_identification:_identify(src/articubot_one) by extension 'ignore_ament_install'
[2.437s] Level 1:colcon.colcon_core.package_identification:_identify(src/articubot_one) by extensions ['colcon_pkg']
[2.440s] Level 1:colcon.colcon_core.package_identification:_identify(src/articubot_one) by extension 'colcon_pkg'
[2.440s] Level 1:colcon.colcon_core.package_identification:_identify(src/articubot_one) by extensions ['colcon_meta']
[2.441s] Level 1:colcon.colcon_core.package_identification:_identify(src/articubot_one) by extension 'colcon_meta'
[2.441s] Level 1:colcon.colcon_core.package_identification:_identify(src/articubot_one) by extensions ['ros']
[2.441s] Level 1:colcon.colcon_core.package_identification:_identify(src/articubot_one) by extension 'ros'
[2.453s] DEBUG:colcon.colcon_core.package_identification:Package 'src/articubot_one' with type 'ros.ament_cmake' and name 'articubot_one'
[2.454s] Level 1:colcon.colcon_core.package_identification:_identify(src/diffdrive_arduino) by extensions ['ignore', 'ignore_ament_install']
[2.455s] Level 1:colcon.colcon_core.package_identification:_identify(src/diffdrive_arduino) by extension 'ignore'
[2.455s] Level 1:colcon.colcon_core.package_identification:_identify(src/diffdrive_arduino) by extension 'ignore_ament_install'
[2.456s] Level 1:colcon.colcon_core.package_identification:_identify(src/diffdrive_arduino) by extensions ['colcon_pkg']
[2.456s] Level 1:colcon.colcon_core.package_identification:_identify(src/diffdrive_arduino) by extension 'colcon_pkg'
[2.457s] Level 1:colcon.colcon_core.package_identification:_identify(src/diffdrive_arduino) by extensions ['colcon_meta']
[2.458s] Level 1:colcon.colcon_core.package_identification:_identify(src/diffdrive_arduino) by extension 'colcon_meta'
[2.458s] Level 1:colcon.colcon_core.package_identification:_identify(src/diffdrive_arduino) by extensions ['ros']
[2.459s] Level 1:colcon.colcon_core.package_identification:_identify(src/diffdrive_arduino) by extension 'ros'
[2.463s] DEBUG:colcon.colcon_core.package_identification:Package 'src/diffdrive_arduino' with type 'ros.ament_cmake' and name 'diffdrive_arduino'
[2.464s] Level 1:colcon.colcon_core.package_identification:_identify(src/rplidar_ros) by extensions ['ignore', 'ignore_ament_install']
[2.464s] Level 1:colcon.colcon_core.package_identification:_identify(src/rplidar_ros) by extension 'ignore'
[2.465s] Level 1:colcon.colcon_core.package_identification:_identify(src/rplidar_ros) by extension 'ignore_ament_install'
[2.466s] Level 1:colcon.colcon_core.package_identification:_identify(src/rplidar_ros) by extensions ['colcon_pkg']
[2.466s] Level 1:colcon.colcon_core.package_identification:_identify(src/rplidar_ros) by extension 'colcon_pkg'
[2.466s] Level 1:colcon.colcon_core.package_identification:_identify(src/rplidar_ros) by extensions ['colcon_meta']
[2.467s] Level 1:colcon.colcon_core.package_identification:_identify(src/rplidar_ros) by extension 'colcon_meta'
[2.467s] Level 1:colcon.colcon_core.package_identification:_identify(src/rplidar_ros) by extensions ['ros']
[2.468s] Level 1:colcon.colcon_core.package_identification:_identify(src/rplidar_ros) by extension 'ros'
[2.470s] DEBUG:colcon.colcon_core.package_identification:Package 'src/rplidar_ros' with type 'ros.ament_cmake' and name 'rplidar_ros'
[2.471s] Level 1:colcon.colcon_core.package_identification:_identify(src/serial) by extensions ['ignore', 'ignore_ament_install']
[2.472s] Level 1:colcon.colcon_core.package_identification:_identify(src/serial) by extension 'ignore'
[2.472s] Level 1:colcon.colcon_core.package_identification:_identify(src/serial) by extension 'ignore_ament_install'
[2.472s] Level 1:colcon.colcon_core.package_identification:_identify(src/serial) by extensions ['colcon_pkg']
[2.473s] Level 1:colcon.colcon_core.package_identification:_identify(src/serial) by extension 'colcon_pkg'
[2.474s] Level 1:colcon.colcon_core.package_identification:_identify(src/serial) by extensions ['colcon_meta']
[2.474s] Level 1:colcon.colcon_core.package_identification:_identify(src/serial) by extension 'colcon_meta'
[2.475s] Level 1:colcon.colcon_core.package_identification:_identify(src/serial) by extensions ['ros']
[2.476s] Level 1:colcon.colcon_core.package_identification:_identify(src/serial) by extension 'ros'
[2.479s] DEBUG:colcon.colcon_core.package_identification:Package 'src/serial' with type 'ros.ament_cmake' and name 'serial'
[2.479s] Level 1:colcon.colcon_core.package_discovery:discover_packages(recursive) using defaults
[2.480s] Level 1:colcon.colcon_core.package_discovery:discover_packages(ignore) discover
[2.480s] Level 1:colcon.colcon_core.package_discovery:discover_packages(ignore) using defaults
[2.481s] Level 1:colcon.colcon_core.package_discovery:discover_packages(path) discover
[2.481s] Level 1:colcon.colcon_core.package_discovery:discover_packages(path) using defaults
[2.765s] Level 1:colcon.colcon_core.package_discovery:discover_packages(prefix_path) check parameters
[2.766s] Level 1:colcon.colcon_core.package_discovery:discover_packages(prefix_path) discover
[2.941s] DEBUG:colcon.colcon_installed_package_information.package_discovery:Found 4 installed packages in /home/ali/Differentional-robot/Differentional_robot_ws/install
[2.944s] DEBUG:colcon.colcon_installed_package_information.package_discovery:Found 4 installed packages in /home/ali/perceptron_ws/install
[3.190s] DEBUG:colcon.colcon_installed_package_information.package_discovery:Found 4 installed packages in /mnt/c/Users/HP/perceptron_ws/install
[3.264s] DEBUG:colcon.colcon_installed_package_information.package_discovery:Found 375 installed packages in /opt/ros/humble
[3.269s] Level 1:colcon.colcon_core.package_discovery:discover_packages(prefix_path) using defaults
[3.664s] Level 5:colcon.colcon_core.verb:set package 'articubot_one' build argument 'cmake_args' from command line to 'None'
[3.664s] Level 5:colcon.colcon_core.verb:set package 'articubot_one' build argument 'cmake_target' from command line to 'None'
[3.665s] Level 5:colcon.colcon_core.verb:set package 'articubot_one' build argument 'cmake_target_skip_unavailable' from command line to 'False'
[3.665s] Level 5:colcon.colcon_core.verb:set package 'articubot_one' build argument 'cmake_clean_cache' from command line to 'False'
[3.665s] Level 5:colcon.colcon_core.verb:set package 'articubot_one' build argument 'cmake_clean_first' from command line to 'False'
[3.665s] Level 5:colcon.colcon_core.verb:set package 'articubot_one' build argument 'cmake_force_configure' from command line to 'False'
[3.665s] Level 5:colcon.colcon_core.verb:set package 'articubot_one' build argument 'ament_cmake_args' from command line to 'None'
[3.665s] Level 5:colcon.colcon_core.verb:set package 'articubot_one' build argument 'catkin_cmake_args' from command line to 'None'
[3.665s] Level 5:colcon.colcon_core.verb:set package 'articubot_one' build argument 'catkin_skip_building_tests' from command line to 'False'
[3.666s] DEBUG:colcon.colcon_core.verb:Building package 'articubot_one' with the following arguments: {'ament_cmake_args': None, 'build_base': '/home/ali/Differentional-robot/Differentional_robot_ws/build/articubot_one', 'catkin_cmake_args': None, 'catkin_skip_building_tests': False, 'cmake_args': None, 'cmake_clean_cache': False, 'cmake_clean_first': False, 'cmake_force_configure': False, 'cmake_target': None, 'cmake_target_skip_unavailable': False, 'install_base': '/home/ali/Differentional-robot/Differentional_robot_ws/install/articubot_one', 'merge_install': False, 'path': '/home/ali/Differentional-robot/Differentional_robot_ws/src/articubot_one', 'symlink_install': True, 'test_result_base': None}
[3.667s] Level 5:colcon.colcon_core.verb:set package 'diffdrive_arduino' build argument 'cmake_args' from command line to 'None'
[3.667s] Level 5:colcon.colcon_core.verb:set package 'diffdrive_arduino' build argument 'cmake_target' from command line to 'None'
[3.668s] Level 5:colcon.colcon_core.verb:set package 'diffdrive_arduino' build argument 'cmake_target_skip_unavailable' from command line to 'False'
[3.668s] Level 5:colcon.colcon_core.verb:set package 'diffdrive_arduino' build argument 'cmake_clean_cache' from command line to 'False'
[3.668s] Level 5:colcon.colcon_core.verb:set package 'diffdrive_arduino' build argument 'cmake_clean_first' from command line to 'False'
[3.668s] Level 5:colcon.colcon_core.verb:set package 'diffdrive_arduino' build argument 'cmake_force_configure' from command line to 'False'
[3.668s] Level 5:colcon.colcon_core.verb:set package 'diffdrive_arduino' build argument 'ament_cmake_args' from command line to 'None'
[3.668s] Level 5:colcon.colcon_core.verb:set package 'diffdrive_arduino' build argument 'catkin_cmake_args' from command line to 'None'
[3.668s] Level 5:colcon.colcon_core.verb:set package 'diffdrive_arduino' build argument 'catkin_skip_building_tests' from command line to 'False'
[3.668s] DEBUG:colcon.colcon_core.verb:Building package 'diffdrive_arduino' with the following arguments: {'ament_cmake_args': None, 'build_base': '/home/ali/Differentional-robot/Differentional_robot_ws/build/diffdrive_arduino', 'catkin_cmake_args': None, 'catkin_skip_building_tests': False, 'cmake_args': None, 'cmake_clean_cache': False, 'cmake_clean_first': False, 'cmake_force_configure': False, 'cmake_target': None, 'cmake_target_skip_unavailable': False, 'install_base': '/home/ali/Differentional-robot/Differentional_robot_ws/install/diffdrive_arduino', 'merge_install': False, 'path': '/home/ali/Differentional-robot/Differentional_robot_ws/src/diffdrive_arduino', 'symlink_install': True, 'test_result_base': None}
[3.669s] Level 5:colcon.colcon_core.verb:set package 'rplidar_ros' build argument 'cmake_args' from command line to 'None'
[3.670s] Level 5:colcon.colcon_core.verb:set package 'rplidar_ros' build argument 'cmake_target' from command line to 'None'
[3.670s] Level 5:colcon.colcon_core.verb:set package 'rplidar_ros' build argument 'cmake_target_skip_unavailable' from command line to 'False'
[3.670s] Level 5:colcon.colcon_core.verb:set package 'rplidar_ros' build argument 'cmake_clean_cache' from command line to 'False'
[3.670s] Level 5:colcon.colcon_core.verb:set package 'rplidar_ros' build argument 'cmake_clean_first' from command line to 'False'
[3.670s] Level 5:colcon.colcon_core.verb:set package 'rplidar_ros' build argument 'cmake_force_configure' from command line to 'False'
[3.670s] Level 5:colcon.colcon_core.verb:set package 'rplidar_ros' build argument 'ament_cmake_args' from command line to 'None'
[3.670s] Level 5:colcon.colcon_core.verb:set package 'rplidar_ros' build argument 'catkin_cmake_args' from command line to 'None'
[3.670s] Level 5:colcon.colcon_core.verb:set package 'rplidar_ros' build argument 'catkin_skip_building_tests' from command line to 'False'
[3.670s] DEBUG:colcon.colcon_core.verb:Building package 'rplidar_ros' with the following arguments: {'ament_cmake_args': None, 'build_base': '/home/ali/Differentional-robot/Differentional_robot_ws/build/rplidar_ros', 'catkin_cmake_args': None, 'catkin_skip_building_tests': False, 'cmake_args': None, 'cmake_clean_cache': False, 'cmake_clean_first': False, 'cmake_force_configure': False, 'cmake_target': None, 'cmake_target_skip_unavailable': False, 'install_base': '/home/ali/Differentional-robot/Differentional_robot_ws/install/rplidar_ros', 'merge_install': False, 'path': '/home/ali/Differentional-robot/Differentional_robot_ws/src/rplidar_ros', 'symlink_install': True, 'test_result_base': None}
[3.672s] Level 5:colcon.colcon_core.verb:set package 'serial' build argument 'cmake_args' from command line to 'None'
[3.672s] Level 5:colcon.colcon_core.verb:set package 'serial' build argument 'cmake_target' from command line to 'None'
[3.672s] Level 5:colcon.colcon_core.verb:set package 'serial' build argument 'cmake_target_skip_unavailable' from command line to 'False'
[3.672s] Level 5:colcon.colcon_core.verb:set package 'serial' build argument 'cmake_clean_cache' from command line to 'False'
[3.672s] Level 5:colcon.colcon_core.verb:set package 'serial' build argument 'cmake_clean_first' from command line to 'False'
[3.672s] Level 5:colcon.colcon_core.verb:set package 'serial' build argument 'cmake_force_configure' from command line to 'False'
[3.672s] Level 5:colcon.colcon_core.verb:set package 'serial' build argument 'ament_cmake_args' from command line to 'None'
[3.672s] Level 5:colcon.colcon_core.verb:set package 'serial' build argument 'catkin_cmake_args' from command line to 'None'
[3.672s] Level 5:colcon.colcon_core.verb:set package 'serial' build argument 'catkin_skip_building_tests' from command line to 'False'
[3.673s] DEBUG:colcon.colcon_core.verb:Building package 'serial' with the following arguments: {'ament_cmake_args': None, 'build_base': '/home/ali/Differentional-robot/Differentional_robot_ws/build/serial', 'catkin_cmake_args': None, 'catkin_skip_building_tests': False, 'cmake_args': None, 'cmake_clean_cache': False, 'cmake_clean_first': False, 'cmake_force_configure': False, 'cmake_target': None, 'cmake_target_skip_unavailable': False, 'install_base': '/home/ali/Differentional-robot/Differentional_robot_ws/install/serial', 'merge_install': False, 'path': '/home/ali/Differentional-robot/Differentional_robot_ws/src/serial', 'symlink_install': True, 'test_result_base': None}
[3.673s] INFO:colcon.colcon_core.executor:Executing jobs using 'parallel' executor
[3.678s] DEBUG:colcon.colcon_parallel_executor.executor.parallel:run_until_complete
[3.681s] INFO:colcon.colcon_ros.task.ament_cmake.build:Building ROS package in '/home/ali/Differentional-robot/Differentional_robot_ws/src/articubot_one' with build type 'ament_cmake'
[3.682s] INFO:colcon.colcon_cmake.task.cmake.build:Building CMake package in '/home/ali/Differentional-robot/Differentional_robot_ws/src/articubot_one'
[3.727s] INFO:colcon.colcon_core.plugin_system:Skipping extension 'colcon_core.shell.bat': Not used on non-Windows systems
[3.728s] INFO:colcon.colcon_core.shell:Skip shell extension 'powershell' for command environment: Not usable outside of PowerShell
[3.728s] DEBUG:colcon.colcon_core.shell:Skip shell extension 'dsv' for command environment
[4.325s] INFO:colcon.colcon_ros.task.ament_cmake.build:Building ROS package in '/home/ali/Differentional-robot/Differentional_robot_ws/src/diffdrive_arduino' with build type 'ament_cmake'
[4.326s] INFO:colcon.colcon_cmake.task.cmake.build:Building CMake package in '/home/ali/Differentional-robot/Differentional_robot_ws/src/diffdrive_arduino'
[4.328s] INFO:colcon.colcon_core.shell:Skip shell extension 'powershell' for command environment: Not usable outside of PowerShell
[4.328s] DEBUG:colcon.colcon_core.shell:Skip shell extension 'dsv' for command environment
[4.935s] INFO:colcon.colcon_ros.task.ament_cmake.build:Building ROS package in '/home/ali/Differentional-robot/Differentional_robot_ws/src/rplidar_ros' with build type 'ament_cmake'
[4.936s] INFO:colcon.colcon_cmake.task.cmake.build:Building CMake package in '/home/ali/Differentional-robot/Differentional_robot_ws/src/rplidar_ros'
[4.937s] INFO:colcon.colcon_core.shell:Skip shell extension 'powershell' for command environment: Not usable outside of PowerShell
[4.938s] DEBUG:colcon.colcon_core.shell:Skip shell extension 'dsv' for command environment
[5.554s] INFO:colcon.colcon_ros.task.ament_cmake.build:Building ROS package in '/home/ali/Differentional-robot/Differentional_robot_ws/src/serial' with build type 'ament_cmake'
[5.555s] INFO:colcon.colcon_cmake.task.cmake.build:Building CMake package in '/home/ali/Differentional-robot/Differentional_robot_ws/src/serial'
[5.557s] INFO:colcon.colcon_core.shell:Skip shell extension 'powershell' for command environment: Not usable outside of PowerShell
[5.558s] DEBUG:colcon.colcon_core.shell:Skip shell extension 'dsv' for command environment
[6.222s] DEBUG:colcon.colcon_core.event_handler.log_command:Invoking command in '/home/ali/Differentional-robot/Differentional_robot_ws/build/articubot_one': CMAKE_PREFIX_PATH=/home/ali/perceptron_ws/install/perceptron_driver:/mnt/c/Users/HP/perceptron_ws/install/perceptron_driver:/opt/ros/humble:${CMAKE_PREFIX_PATH} /usr/bin/cmake --build /home/ali/Differentional-robot/Differentional_robot_ws/build/articubot_one -- -j4 -l4
[6.335s] DEBUG:colcon.colcon_core.event_handler.log_command:Invoking command in '/home/ali/Differentional-robot/Differentional_robot_ws/build/diffdrive_arduino': CMAKE_PREFIX_PATH=/home/ali/perceptron_ws/install/perceptron_driver:/mnt/c/Users/HP/perceptron_ws/install/perceptron_driver:/opt/ros/humble:${CMAKE_PREFIX_PATH} /usr/bin/cmake --build /home/ali/Differentional-robot/Differentional_robot_ws/build/diffdrive_arduino -- -j4 -l4
[6.400s] DEBUG:colcon.colcon_core.event_handler.log_command:Invoking command in '/home/ali/Differentional-robot/Differentional_robot_ws/build/rplidar_ros': CMAKE_PREFIX_PATH=/home/ali/perceptron_ws/install/perceptron_driver:/mnt/c/Users/HP/perceptron_ws/install/perceptron_driver:/opt/ros/humble:${CMAKE_PREFIX_PATH} /usr/bin/cmake --build /home/ali/Differentional-robot/Differentional_robot_ws/build/rplidar_ros -- -j4 -l4
[6.486s] DEBUG:colcon.colcon_core.event_handler.log_command:Invoking command in '/home/ali/Differentional-robot/Differentional_robot_ws/build/serial': CMAKE_PREFIX_PATH=/home/ali/perceptron_ws/install/perceptron_driver:/mnt/c/Users/HP/perceptron_ws/install/perceptron_driver:/opt/ros/humble:${CMAKE_PREFIX_PATH} /usr/bin/cmake --build /home/ali/Differentional-robot/Differentional_robot_ws/build/serial -- -j4 -l4
[6.625s] DEBUG:colcon.colcon_core.event_handler.log_command:Invoked command in '/home/ali/Differentional-robot/Differentional_robot_ws/build/articubot_one' returned '0': CMAKE_PREFIX_PATH=/home/ali/perceptron_ws/install/perceptron_driver:/mnt/c/Users/HP/perceptron_ws/install/perceptron_driver:/opt/ros/humble:${CMAKE_PREFIX_PATH} /usr/bin/cmake --build /home/ali/Differentional-robot/Differentional_robot_ws/build/articubot_one -- -j4 -l4
[6.690s] DEBUG:colcon.colcon_core.event_handler.log_command:Invoking command in '/home/ali/Differentional-robot/Differentional_robot_ws/build/articubot_one': CMAKE_PREFIX_PATH=/home/ali/perceptron_ws/install/perceptron_driver:/mnt/c/Users/HP/perceptron_ws/install/perceptron_driver:/opt/ros/humble:${CMAKE_PREFIX_PATH} /usr/bin/cmake --install /home/ali/Differentional-robot/Differentional_robot_ws/build/articubot_one
[6.961s] DEBUG:colcon.colcon_core.event_handler.log_command:Invoked command in '/home/ali/Differentional-robot/Differentional_robot_ws/build/diffdrive_arduino' returned '0': CMAKE_PREFIX_PATH=/home/ali/perceptron_ws/install/perceptron_driver:/mnt/c/Users/HP/perceptron_ws/install/perceptron_driver:/opt/ros/humble:${CMAKE_PREFIX_PATH} /usr/bin/cmake --build /home/ali/Differentional-robot/Differentional_robot_ws/build/diffdrive_arduino -- -j4 -l4
[6.963s] DEBUG:colcon.colcon_core.event_handler.log_command:Invoking command in '/home/ali/Differentional-robot/Differentional_robot_ws/build/diffdrive_arduino': CMAKE_PREFIX_PATH=/home/ali/perceptron_ws/install/perceptron_driver:/mnt/c/Users/HP/perceptron_ws/install/perceptron_driver:/opt/ros/humble:${CMAKE_PREFIX_PATH} /usr/bin/cmake --install /home/ali/Differentional-robot/Differentional_robot_ws/build/diffdrive_arduino
[7.021s] Level 1:colcon.colcon_core.environment:create_environment_scripts_only(articubot_one)
[7.025s] DEBUG:colcon.colcon_core.event_handler.log_command:Invoked command in '/home/ali/Differentional-robot/Differentional_robot_ws/build/articubot_one' returned '0': CMAKE_PREFIX_PATH=/home/ali/perceptron_ws/install/perceptron_driver:/mnt/c/Users/HP/perceptron_ws/install/perceptron_driver:/opt/ros/humble:${CMAKE_PREFIX_PATH} /usr/bin/cmake --install /home/ali/Differentional-robot/Differentional_robot_ws/build/articubot_one
[7.181s] Level 1:colcon.colcon_core.environment:checking '/home/ali/Differentional-robot/Differentional_robot_ws/install/articubot_one' for CMake module files
[7.183s] Level 1:colcon.colcon_core.environment:checking '/home/ali/Differentional-robot/Differentional_robot_ws/install/articubot_one' for CMake config files
[7.193s] Level 1:colcon.colcon_core.shell:create_environment_hook('articubot_one', 'cmake_prefix_path')
[7.195s] INFO:colcon.colcon_core.shell:Creating environment hook '/home/ali/Differentional-robot/Differentional_robot_ws/install/articubot_one/share/articubot_one/hook/cmake_prefix_path.ps1'
[7.198s] INFO:colcon.colcon_core.shell:Creating environment descriptor '/home/ali/Differentional-robot/Differentional_robot_ws/install/articubot_one/share/articubot_one/hook/cmake_prefix_path.dsv'
[7.201s] INFO:colcon.colcon_core.shell:Creating environment hook '/home/ali/Differentional-robot/Differentional_robot_ws/install/articubot_one/share/articubot_one/hook/cmake_prefix_path.sh'
[7.205s] Level 1:colcon.colcon_core.environment:checking '/home/ali/Differentional-robot/Differentional_robot_ws/install/articubot_one/bin'
[7.205s] Level 1:colcon.colcon_core.environment:checking '/home/ali/Differentional-robot/Differentional_robot_ws/install/articubot_one/lib/pkgconfig/articubot_one.pc'
[7.206s] Level 1:colcon.colcon_core.environment:checking '/home/ali/Differentional-robot/Differentional_robot_ws/install/articubot_one/lib/python3.10/site-packages'
[7.209s] Level 1:colcon.colcon_core.environment:checking '/home/ali/Differentional-robot/Differentional_robot_ws/install/articubot_one/bin'
[7.210s] INFO:colcon.colcon_core.shell:Creating package script '/home/ali/Differentional-robot/Differentional_robot_ws/install/articubot_one/share/articubot_one/package.ps1'
[7.217s] INFO:colcon.colcon_core.shell:Creating package descriptor '/home/ali/Differentional-robot/Differentional_robot_ws/install/articubot_one/share/articubot_one/package.dsv'
[7.221s] INFO:colcon.colcon_core.shell:Creating package script '/home/ali/Differentional-robot/Differentional_robot_ws/install/articubot_one/share/articubot_one/package.sh'
[7.224s] INFO:colcon.colcon_core.shell:Creating package script '/home/ali/Differentional-robot/Differentional_robot_ws/install/articubot_one/share/articubot_one/package.bash'
[7.227s] INFO:colcon.colcon_core.shell:Creating package script '/home/ali/Differentional-robot/Differentional_robot_ws/install/articubot_one/share/articubot_one/package.zsh'
[7.230s] Level 1:colcon.colcon_core.environment:create_file_with_runtime_dependencies(/home/ali/Differentional-robot/Differentional_robot_ws/install/articubot_one/share/colcon-core/packages/articubot_one)
[7.232s] Level 1:colcon.colcon_core.environment:create_environment_scripts_only(articubot_one)
[7.233s] Level 1:colcon.colcon_core.environment:checking '/home/ali/Differentional-robot/Differentional_robot_ws/install/articubot_one' for CMake module files
[7.234s] Level 1:colcon.colcon_core.environment:checking '/home/ali/Differentional-robot/Differentional_robot_ws/install/articubot_one' for CMake config files
[7.235s] Level 1:colcon.colcon_core.shell:create_environment_hook('articubot_one', 'cmake_prefix_path')
[7.236s] INFO:colcon.colcon_core.shell:Creating environment hook '/home/ali/Differentional-robot/Differentional_robot_ws/install/articubot_one/share/articubot_one/hook/cmake_prefix_path.ps1'
[7.238s] INFO:colcon.colcon_core.shell:Creating environment descriptor '/home/ali/Differentional-robot/Differentional_robot_ws/install/articubot_one/share/articubot_one/hook/cmake_prefix_path.dsv'
[7.240s] INFO:colcon.colcon_core.shell:Creating environment hook '/home/ali/Differentional-robot/Differentional_robot_ws/install/articubot_one/share/articubot_one/hook/cmake_prefix_path.sh'
[7.244s] Level 1:colcon.colcon_core.environment:checking '/home/ali/Differentional-robot/Differentional_robot_ws/install/articubot_one/bin'
[7.244s] Level 1:colcon.colcon_core.environment:checking '/home/ali/Differentional-robot/Differentional_robot_ws/install/articubot_one/lib/pkgconfig/articubot_one.pc'
[7.245s] Level 1:colcon.colcon_core.environment:checking '/home/ali/Differentional-robot/Differentional_robot_ws/install/articubot_one/lib/python3.10/site-packages'
[7.246s] Level 1:colcon.colcon_core.environment:checking '/home/ali/Differentional-robot/Differentional_robot_ws/install/articubot_one/bin'
[7.248s] INFO:colcon.colcon_core.shell:Creating package script '/home/ali/Differentional-robot/Differentional_robot_ws/install/articubot_one/share/articubot_one/package.ps1'
[7.250s] INFO:colcon.colcon_core.shell:Creating package descriptor '/home/ali/Differentional-robot/Differentional_robot_ws/install/articubot_one/share/articubot_one/package.dsv'
[7.255s] INFO:colcon.colcon_core.shell:Creating package script '/home/ali/Differentional-robot/Differentional_robot_ws/install/articubot_one/share/articubot_one/package.sh'
[7.258s] INFO:colcon.colcon_core.shell:Creating package script '/home/ali/Differentional-robot/Differentional_robot_ws/install/articubot_one/share/articubot_one/package.bash'
[7.260s] INFO:colcon.colcon_core.shell:Creating package script '/home/ali/Differentional-robot/Differentional_robot_ws/install/articubot_one/share/articubot_one/package.zsh'
[7.262s] Level 1:colcon.colcon_core.environment:create_file_with_runtime_dependencies(/home/ali/Differentional-robot/Differentional_robot_ws/install/articubot_one/share/colcon-core/packages/articubot_one)
[7.277s] DEBUG:colcon.colcon_core.event_handler.log_command:Invoked command in '/home/ali/Differentional-robot/Differentional_robot_ws/build/rplidar_ros' returned '0': CMAKE_PREFIX_PATH=/home/ali/perceptron_ws/install/perceptron_driver:/mnt/c/Users/HP/perceptron_ws/install/perceptron_driver:/opt/ros/humble:${CMAKE_PREFIX_PATH} /usr/bin/cmake --build /home/ali/Differentional-robot/Differentional_robot_ws/build/rplidar_ros -- -j4 -l4
[7.284s] DEBUG:colcon.colcon_core.event_handler.log_command:Invoking command in '/home/ali/Differentional-robot/Differentional_robot_ws/build/rplidar_ros': CMAKE_PREFIX_PATH=/home/ali/perceptron_ws/install/perceptron_driver:/mnt/c/Users/HP/perceptron_ws/install/perceptron_driver:/opt/ros/humble:${CMAKE_PREFIX_PATH} /usr/bin/cmake --install /home/ali/Differentional-robot/Differentional_robot_ws/build/rplidar_ros
[7.296s] DEBUG:colcon.colcon_core.event_handler.log_command:Invoked command in '/home/ali/Differentional-robot/Differentional_robot_ws/build/serial' returned '0': CMAKE_PREFIX_PATH=/home/ali/perceptron_ws/install/perceptron_driver:/mnt/c/Users/HP/perceptron_ws/install/perceptron_driver:/opt/ros/humble:${CMAKE_PREFIX_PATH} /usr/bin/cmake --build /home/ali/Differentional-robot/Differentional_robot_ws/build/serial -- -j4 -l4
[7.297s] DEBUG:colcon.colcon_core.event_handler.log_command:Invoking command in '/home/ali/Differentional-robot/Differentional_robot_ws/build/serial': CMAKE_PREFIX_PATH=/home/ali/perceptron_ws/install/perceptron_driver:/mnt/c/Users/HP/perceptron_ws/install/perceptron_driver:/opt/ros/humble:${CMAKE_PREFIX_PATH} /usr/bin/cmake --install /home/ali/Differentional-robot/Differentional_robot_ws/build/serial
[7.303s] Level 1:colcon.colcon_core.environment:create_environment_scripts_only(diffdrive_arduino)
[7.304s] Level 1:colcon.colcon_core.environment:checking '/home/ali/Differentional-robot/Differentional_robot_ws/install/diffdrive_arduino' for CMake module files
[7.308s] DEBUG:colcon.colcon_core.event_handler.log_command:Invoked command in '/home/ali/Differentional-robot/Differentional_robot_ws/build/diffdrive_arduino' returned '0': CMAKE_PREFIX_PATH=/home/ali/perceptron_ws/install/perceptron_driver:/mnt/c/Users/HP/perceptron_ws/install/perceptron_driver:/opt/ros/humble:${CMAKE_PREFIX_PATH} /usr/bin/cmake --install /home/ali/Differentional-robot/Differentional_robot_ws/build/diffdrive_arduino
[7.310s] Level 1:colcon.colcon_core.environment:checking '/home/ali/Differentional-robot/Differentional_robot_ws/install/diffdrive_arduino' for CMake config files
[7.310s] Level 1:colcon.colcon_core.shell:create_environment_hook('diffdrive_arduino', 'cmake_prefix_path')
[7.312s] INFO:colcon.colcon_core.shell:Creating environment hook '/home/ali/Differentional-robot/Differentional_robot_ws/install/diffdrive_arduino/share/diffdrive_arduino/hook/cmake_prefix_path.ps1'
[7.322s] INFO:colcon.colcon_core.shell:Creating environment descriptor '/home/ali/Differentional-robot/Differentional_robot_ws/install/diffdrive_arduino/share/diffdrive_arduino/hook/cmake_prefix_path.dsv'
[7.328s] INFO:colcon.colcon_core.shell:Creating environment hook '/home/ali/Differentional-robot/Differentional_robot_ws/install/diffdrive_arduino/share/diffdrive_arduino/hook/cmake_prefix_path.sh'
[7.337s] Level 1:colcon.colcon_core.environment:checking '/home/ali/Differentional-robot/Differentional_robot_ws/install/diffdrive_arduino/lib'
[7.339s] Level 1:colcon.colcon_core.shell:create_environment_hook('diffdrive_arduino', 'ld_library_path_lib')
[7.344s] INFO:colcon.colcon_core.shell:Creating environment hook '/home/ali/Differentional-robot/Differentional_robot_ws/install/diffdrive_arduino/share/diffdrive_arduino/hook/ld_library_path_lib.ps1'
[7.345s] INFO:colcon.colcon_core.shell:Creating environment descriptor '/home/ali/Differentional-robot/Differentional_robot_ws/install/diffdrive_arduino/share/diffdrive_arduino/hook/ld_library_path_lib.dsv'
[7.351s] INFO:colcon.colcon_core.shell:Creating environment hook '/home/ali/Differentional-robot/Differentional_robot_ws/install/diffdrive_arduino/share/diffdrive_arduino/hook/ld_library_path_lib.sh'
[7.353s] Level 1:colcon.colcon_core.environment:checking '/home/ali/Differentional-robot/Differentional_robot_ws/install/diffdrive_arduino/bin'
[7.354s] Level 1:colcon.colcon_core.environment:checking '/home/ali/Differentional-robot/Differentional_robot_ws/install/diffdrive_arduino/lib/pkgconfig/diffdrive_arduino.pc'
[7.354s] Level 1:colcon.colcon_core.environment:checking '/home/ali/Differentional-robot/Differentional_robot_ws/install/diffdrive_arduino/lib/python3.10/site-packages'
[7.357s] Level 1:colcon.colcon_core.environment:checking '/home/ali/Differentional-robot/Differentional_robot_ws/install/diffdrive_arduino/bin'
[7.359s] INFO:colcon.colcon_core.shell:Creating package script '/home/ali/Differentional-robot/Differentional_robot_ws/install/diffdrive_arduino/share/diffdrive_arduino/package.ps1'
[7.361s] INFO:colcon.colcon_core.shell:Creating package descriptor '/home/ali/Differentional-robot/Differentional_robot_ws/install/diffdrive_arduino/share/diffdrive_arduino/package.dsv'
[7.368s] INFO:colcon.colcon_core.shell:Creating package script '/home/ali/Differentional-robot/Differentional_robot_ws/install/diffdrive_arduino/share/diffdrive_arduino/package.sh'
[7.374s] INFO:colcon.colcon_core.shell:Creating package script '/home/ali/Differentional-robot/Differentional_robot_ws/install/diffdrive_arduino/share/diffdrive_arduino/package.bash'
[7.376s] INFO:colcon.colcon_core.shell:Creating package script '/home/ali/Differentional-robot/Differentional_robot_ws/install/diffdrive_arduino/share/diffdrive_arduino/package.zsh'
[7.389s] Level 1:colcon.colcon_core.environment:create_file_with_runtime_dependencies(/home/ali/Differentional-robot/Differentional_robot_ws/install/diffdrive_arduino/share/colcon-core/packages/diffdrive_arduino)
[7.393s] Level 1:colcon.colcon_core.environment:create_environment_scripts_only(diffdrive_arduino)
[7.395s] Level 1:colcon.colcon_core.environment:checking '/home/ali/Differentional-robot/Differentional_robot_ws/install/diffdrive_arduino' for CMake module files
[7.398s] Level 1:colcon.colcon_core.environment:checking '/home/ali/Differentional-robot/Differentional_robot_ws/install/diffdrive_arduino' for CMake config files
[7.400s] Level 1:colcon.colcon_core.shell:create_environment_hook('diffdrive_arduino', 'cmake_prefix_path')
[7.401s] INFO:colcon.colcon_core.shell:Creating environment hook '/home/ali/Differentional-robot/Differentional_robot_ws/install/diffdrive_arduino/share/diffdrive_arduino/hook/cmake_prefix_path.ps1'
[7.402s] INFO:colcon.colcon_core.shell:Creating environment descriptor '/home/ali/Differentional-robot/Differentional_robot_ws/install/diffdrive_arduino/share/diffdrive_arduino/hook/cmake_prefix_path.dsv'
[7.404s] INFO:colcon.colcon_core.shell:Creating environment hook '/home/ali/Differentional-robot/Differentional_robot_ws/install/diffdrive_arduino/share/diffdrive_arduino/hook/cmake_prefix_path.sh'
[7.407s] Level 1:colcon.colcon_core.environment:checking '/home/ali/Differentional-robot/Differentional_robot_ws/install/diffdrive_arduino/lib'
[7.408s] Level 1:colcon.colcon_core.shell:create_environment_hook('diffdrive_arduino', 'ld_library_path_lib')
[7.409s] INFO:colcon.colcon_core.shell:Creating environment hook '/home/ali/Differentional-robot/Differentional_robot_ws/install/diffdrive_arduino/share/diffdrive_arduino/hook/ld_library_path_lib.ps1'
[7.412s] INFO:colcon.colcon_core.shell:Creating environment descriptor '/home/ali/Differentional-robot/Differentional_robot_ws/install/diffdrive_arduino/share/diffdrive_arduino/hook/ld_library_path_lib.dsv'
[7.413s] INFO:colcon.colcon_core.shell:Creating environment hook '/home/ali/Differentional-robot/Differentional_robot_ws/install/diffdrive_arduino/share/diffdrive_arduino/hook/ld_library_path_lib.sh'
[7.416s] Level 1:colcon.colcon_core.environment:checking '/home/ali/Differentional-robot/Differentional_robot_ws/install/diffdrive_arduino/bin'
[7.418s] Level 1:colcon.colcon_core.environment:checking '/home/ali/Differentional-robot/Differentional_robot_ws/install/diffdrive_arduino/lib/pkgconfig/diffdrive_arduino.pc'
[7.419s] Level 1:colcon.colcon_core.environment:checking '/home/ali/Differentional-robot/Differentional_robot_ws/install/diffdrive_arduino/lib/python3.10/site-packages'
[7.421s] Level 1:colcon.colcon_core.environment:checking '/home/ali/Differentional-robot/Differentional_robot_ws/install/diffdrive_arduino/bin'
[7.424s] INFO:colcon.colcon_core.shell:Creating package script '/home/ali/Differentional-robot/Differentional_robot_ws/install/diffdrive_arduino/share/diffdrive_arduino/package.ps1'
[7.428s] INFO:colcon.colcon_core.shell:Creating package descriptor '/home/ali/Differentional-robot/Differentional_robot_ws/install/diffdrive_arduino/share/diffdrive_arduino/package.dsv'
[7.430s] INFO:colcon.colcon_core.shell:Creating package script '/home/ali/Differentional-robot/Differentional_robot_ws/install/diffdrive_arduino/share/diffdrive_arduino/package.sh'
[7.432s] INFO:colcon.colcon_core.shell:Creating package script '/home/ali/Differentional-robot/Differentional_robot_ws/install/diffdrive_arduino/share/diffdrive_arduino/package.bash'
[7.434s] INFO:colcon.colcon_core.shell:Creating package script '/home/ali/Differentional-robot/Differentional_robot_ws/install/diffdrive_arduino/share/diffdrive_arduino/package.zsh'
[7.436s] Level 1:colcon.colcon_core.environment:create_file_with_runtime_dependencies(/home/ali/Differentional-robot/Differentional_robot_ws/install/diffdrive_arduino/share/colcon-core/packages/diffdrive_arduino)
[7.453s] Level 1:colcon.colcon_core.environment:create_environment_scripts_only(rplidar_ros)
[7.454s] Level 1:colcon.colcon_core.environment:checking '/home/ali/Differentional-robot/Differentional_robot_ws/install/rplidar_ros' for CMake module files
[7.472s] Level 1:colcon.colcon_core.environment:checking '/home/ali/Differentional-robot/Differentional_robot_ws/install/rplidar_ros' for CMake config files
[7.473s] Level 1:colcon.colcon_core.shell:create_environment_hook('rplidar_ros', 'cmake_prefix_path')
[7.476s] INFO:colcon.colcon_core.shell:Creating environment hook '/home/ali/Differentional-robot/Differentional_robot_ws/install/rplidar_ros/share/rplidar_ros/hook/cmake_prefix_path.ps1'
[7.486s] INFO:colcon.colcon_core.shell:Creating environment descriptor '/home/ali/Differentional-robot/Differentional_robot_ws/install/rplidar_ros/share/rplidar_ros/hook/cmake_prefix_path.dsv'
[7.501s] INFO:colcon.colcon_core.shell:Creating environment hook '/home/ali/Differentional-robot/Differentional_robot_ws/install/rplidar_ros/share/rplidar_ros/hook/cmake_prefix_path.sh'
[7.509s] DEBUG:colcon.colcon_core.event_handler.log_command:Invoked command in '/home/ali/Differentional-robot/Differentional_robot_ws/build/rplidar_ros' returned '0': CMAKE_PREFIX_PATH=/home/ali/perceptron_ws/install/perceptron_driver:/mnt/c/Users/HP/perceptron_ws/install/perceptron_driver:/opt/ros/humble:${CMAKE_PREFIX_PATH} /usr/bin/cmake --install /home/ali/Differentional-robot/Differentional_robot_ws/build/rplidar_ros
[7.515s] Level 1:colcon.colcon_core.environment:checking '/home/ali/Differentional-robot/Differentional_robot_ws/install/rplidar_ros/lib'
[7.517s] Level 1:colcon.colcon_core.environment:checking '/home/ali/Differentional-robot/Differentional_robot_ws/install/rplidar_ros/bin'
[7.517s] Level 1:colcon.colcon_core.environment:checking '/home/ali/Differentional-robot/Differentional_robot_ws/install/rplidar_ros/lib/pkgconfig/rplidar_ros.pc'
[7.518s] Level 1:colcon.colcon_core.environment:checking '/home/ali/Differentional-robot/Differentional_robot_ws/install/rplidar_ros/lib/python3.10/site-packages'
[7.519s] Level 1:colcon.colcon_core.environment:checking '/home/ali/Differentional-robot/Differentional_robot_ws/install/rplidar_ros/bin'
[7.521s] INFO:colcon.colcon_core.shell:Creating package script '/home/ali/Differentional-robot/Differentional_robot_ws/install/rplidar_ros/share/rplidar_ros/package.ps1'
[7.523s] INFO:colcon.colcon_core.shell:Creating package descriptor '/home/ali/Differentional-robot/Differentional_robot_ws/install/rplidar_ros/share/rplidar_ros/package.dsv'
[7.525s] INFO:colcon.colcon_core.shell:Creating package script '/home/ali/Differentional-robot/Differentional_robot_ws/install/rplidar_ros/share/rplidar_ros/package.sh'
[7.528s] INFO:colcon.colcon_core.shell:Creating package script '/home/ali/Differentional-robot/Differentional_robot_ws/install/rplidar_ros/share/rplidar_ros/package.bash'
[7.530s] INFO:colcon.colcon_core.shell:Creating package script '/home/ali/Differentional-robot/Differentional_robot_ws/install/rplidar_ros/share/rplidar_ros/package.zsh'
[7.534s] Level 1:colcon.colcon_core.environment:create_file_with_runtime_dependencies(/home/ali/Differentional-robot/Differentional_robot_ws/install/rplidar_ros/share/colcon-core/packages/rplidar_ros)
[7.538s] Level 1:colcon.colcon_core.environment:create_environment_scripts_only(rplidar_ros)
[7.539s] Level 1:colcon.colcon_core.environment:checking '/home/ali/Differentional-robot/Differentional_robot_ws/install/rplidar_ros' for CMake module files
[7.543s] Level 1:colcon.colcon_core.environment:checking '/home/ali/Differentional-robot/Differentional_robot_ws/install/rplidar_ros' for CMake config files
[7.544s] Level 1:colcon.colcon_core.shell:create_environment_hook('rplidar_ros', 'cmake_prefix_path')
[7.545s] INFO:colcon.colcon_core.shell:Creating environment hook '/home/ali/Differentional-robot/Differentional_robot_ws/install/rplidar_ros/share/rplidar_ros/hook/cmake_prefix_path.ps1'
[7.546s] INFO:colcon.colcon_core.shell:Creating environment descriptor '/home/ali/Differentional-robot/Differentional_robot_ws/install/rplidar_ros/share/rplidar_ros/hook/cmake_prefix_path.dsv'
[7.549s] INFO:colcon.colcon_core.shell:Creating environment hook '/home/ali/Differentional-robot/Differentional_robot_ws/install/rplidar_ros/share/rplidar_ros/hook/cmake_prefix_path.sh'
[7.553s] Level 1:colcon.colcon_core.environment:checking '/home/ali/Differentional-robot/Differentional_robot_ws/install/rplidar_ros/lib'
[7.554s] Level 1:colcon.colcon_core.environment:checking '/home/ali/Differentional-robot/Differentional_robot_ws/install/rplidar_ros/bin'
[7.555s] Level 1:colcon.colcon_core.environment:checking '/home/ali/Differentional-robot/Differentional_robot_ws/install/rplidar_ros/lib/pkgconfig/rplidar_ros.pc'
[7.557s] Level 1:colcon.colcon_core.environment:checking '/home/ali/Differentional-robot/Differentional_robot_ws/install/rplidar_ros/lib/python3.10/site-packages'
[7.559s] Level 1:colcon.colcon_core.environment:checking '/home/ali/Differentional-robot/Differentional_robot_ws/install/rplidar_ros/bin'
[7.561s] INFO:colcon.colcon_core.shell:Creating package script '/home/ali/Differentional-robot/Differentional_robot_ws/install/rplidar_ros/share/rplidar_ros/package.ps1'
[7.566s] INFO:colcon.colcon_core.shell:Creating package descriptor '/home/ali/Differentional-robot/Differentional_robot_ws/install/rplidar_ros/share/rplidar_ros/package.dsv'
[7.568s] INFO:colcon.colcon_core.shell:Creating package script '/home/ali/Differentional-robot/Differentional_robot_ws/install/rplidar_ros/share/rplidar_ros/package.sh'
[7.570s] INFO:colcon.colcon_core.shell:Creating package script '/home/ali/Differentional-robot/Differentional_robot_ws/install/rplidar_ros/share/rplidar_ros/package.bash'
[7.576s] INFO:colcon.colcon_core.shell:Creating package script '/home/ali/Differentional-robot/Differentional_robot_ws/install/rplidar_ros/share/rplidar_ros/package.zsh'
[7.579s] Level 1:colcon.colcon_core.environment:create_file_with_runtime_dependencies(/home/ali/Differentional-robot/Differentional_robot_ws/install/rplidar_ros/share/colcon-core/packages/rplidar_ros)
[7.581s] Level 1:colcon.colcon_core.environment:create_environment_scripts_only(serial)
[7.582s] Level 1:colcon.colcon_core.environment:checking '/home/ali/Differentional-robot/Differentional_robot_ws/install/serial' for CMake module files
[7.587s] Level 1:colcon.colcon_core.environment:checking '/home/ali/Differentional-robot/Differentional_robot_ws/install/serial' for CMake config files
[7.589s] Level 1:colcon.colcon_core.shell:create_environment_hook('serial', 'cmake_prefix_path')
[7.591s] INFO:colcon.colcon_core.shell:Creating environment hook '/home/ali/Differentional-robot/Differentional_robot_ws/install/serial/share/serial/hook/cmake_prefix_path.ps1'
[7.593s] DEBUG:colcon.colcon_core.event_handler.log_command:Invoked command in '/home/ali/Differentional-robot/Differentional_robot_ws/build/serial' returned '0': CMAKE_PREFIX_PATH=/home/ali/perceptron_ws/install/perceptron_driver:/mnt/c/Users/HP/perceptron_ws/install/perceptron_driver:/opt/ros/humble:${CMAKE_PREFIX_PATH} /usr/bin/cmake --install /home/ali/Differentional-robot/Differentional_robot_ws/build/serial
[7.597s] INFO:colcon.colcon_core.shell:Creating environment descriptor '/home/ali/Differentional-robot/Differentional_robot_ws/install/serial/share/serial/hook/cmake_prefix_path.dsv'
[7.599s] INFO:colcon.colcon_core.shell:Creating environment hook '/home/ali/Differentional-robot/Differentional_robot_ws/install/serial/share/serial/hook/cmake_prefix_path.sh'
[7.602s] Level 1:colcon.colcon_core.environment:checking '/home/ali/Differentional-robot/Differentional_robot_ws/install/serial/lib'
[7.603s] Level 1:colcon.colcon_core.environment:checking '/home/ali/Differentional-robot/Differentional_robot_ws/install/serial/bin'
[7.604s] Level 1:colcon.colcon_core.environment:checking '/home/ali/Differentional-robot/Differentional_robot_ws/install/serial/lib/pkgconfig/serial.pc'
[7.604s] Level 1:colcon.colcon_core.environment:checking '/home/ali/Differentional-robot/Differentional_robot_ws/install/serial/lib/python3.10/site-packages'
[7.605s] Level 1:colcon.colcon_core.environment:checking '/home/ali/Differentional-robot/Differentional_robot_ws/install/serial/bin'
[7.607s] INFO:colcon.colcon_core.shell:Creating package script '/home/ali/Differentional-robot/Differentional_robot_ws/install/serial/share/serial/package.ps1'
[7.609s] INFO:colcon.colcon_core.shell:Creating package descriptor '/home/ali/Differentional-robot/Differentional_robot_ws/install/serial/share/serial/package.dsv'
[7.612s] INFO:colcon.colcon_core.shell:Creating package script '/home/ali/Differentional-robot/Differentional_robot_ws/install/serial/share/serial/package.sh'
[7.614s] INFO:colcon.colcon_core.shell:Creating package script '/home/ali/Differentional-robot/Differentional_robot_ws/install/serial/share/serial/package.bash'
[7.616s] INFO:colcon.colcon_core.shell:Creating package script '/home/ali/Differentional-robot/Differentional_robot_ws/install/serial/share/serial/package.zsh'
[7.618s] Level 1:colcon.colcon_core.environment:create_file_with_runtime_dependencies(/home/ali/Differentional-robot/Differentional_robot_ws/install/serial/share/colcon-core/packages/serial)
[7.621s] Level 1:colcon.colcon_core.environment:create_environment_scripts_only(serial)
[7.622s] Level 1:colcon.colcon_core.environment:checking '/home/ali/Differentional-robot/Differentional_robot_ws/install/serial' for CMake module files
[7.625s] Level 1:colcon.colcon_core.environment:checking '/home/ali/Differentional-robot/Differentional_robot_ws/install/serial' for CMake config files
[7.626s] Level 1:colcon.colcon_core.shell:create_environment_hook('serial', 'cmake_prefix_path')
[7.627s] INFO:colcon.colcon_core.shell:Creating environment hook '/home/ali/Differentional-robot/Differentional_robot_ws/install/serial/share/serial/hook/cmake_prefix_path.ps1'
[7.630s] INFO:colcon.colcon_core.shell:Creating environment descriptor '/home/ali/Differentional-robot/Differentional_robot_ws/install/serial/share/serial/hook/cmake_prefix_path.dsv'
[7.633s] INFO:colcon.colcon_core.shell:Creating environment hook '/home/ali/Differentional-robot/Differentional_robot_ws/install/serial/share/serial/hook/cmake_prefix_path.sh'
[7.640s] Level 1:colcon.colcon_core.environment:checking '/home/ali/Differentional-robot/Differentional_robot_ws/install/serial/lib'
[7.641s] Level 1:colcon.colcon_core.environment:checking '/home/ali/Differentional-robot/Differentional_robot_ws/install/serial/bin'
[7.641s] Level 1:colcon.colcon_core.environment:checking '/home/ali/Differentional-robot/Differentional_robot_ws/install/serial/lib/pkgconfig/serial.pc'
[7.642s] Level 1:colcon.colcon_core.environment:checking '/home/ali/Differentional-robot/Differentional_robot_ws/install/serial/lib/python3.10/site-packages'
[7.644s] Level 1:colcon.colcon_core.environment:checking '/home/ali/Differentional-robot/Differentional_robot_ws/install/serial/bin'
[7.646s] INFO:colcon.colcon_core.shell:Creating package script '/home/ali/Differentional-robot/Differentional_robot_ws/install/serial/share/serial/package.ps1'
[7.649s] INFO:colcon.colcon_core.shell:Creating package descriptor '/home/ali/Differentional-robot/Differentional_robot_ws/install/serial/share/serial/package.dsv'
[7.652s] INFO:colcon.colcon_core.shell:Creating package script '/home/ali/Differentional-robot/Differentional_robot_ws/install/serial/share/serial/package.sh'
[7.655s] INFO:colcon.colcon_core.shell:Creating package script '/home/ali/Differentional-robot/Differentional_robot_ws/install/serial/share/serial/package.bash'
[7.660s] INFO:colcon.colcon_core.shell:Creating package script '/home/ali/Differentional-robot/Differentional_robot_ws/install/serial/share/serial/package.zsh'
[7.663s] Level 1:colcon.colcon_core.environment:create_file_with_runtime_dependencies(/home/ali/Differentional-robot/Differentional_robot_ws/install/serial/share/colcon-core/packages/serial)
[7.665s] DEBUG:colcon.colcon_parallel_executor.executor.parallel:closing loop
[7.674s] DEBUG:colcon.colcon_parallel_executor.executor.parallel:loop closed
[7.675s] DEBUG:colcon.colcon_parallel_executor.executor.parallel:run_until_complete finished with '0'
[7.676s] DEBUG:colcon.colcon_core.event_reactor:joining thread
[7.839s] INFO:colcon.colcon_core.plugin_system:Skipping extension 'colcon_notification.desktop_notification.notify_send': Could not find 'notify-send'
[7.840s] INFO:colcon.colcon_core.plugin_system:Skipping extension 'colcon_notification.desktop_notification.terminal_notifier': Not used on non-Darwin systems
[7.840s] INFO:colcon.colcon_core.plugin_system:Skipping extension 'colcon_notification.desktop_notification.win32': Not used on non-Windows systems
[7.840s] INFO:colcon.colcon_notification.desktop_notification:Sending desktop notification using 'notify2'
[7.841s] DEBUG:colcon.colcon_notification.desktop_notification.notify2:Failed to initialize notify2: org.freedesktop.DBus.Error.FileNotFound: Failed to connect to socket /run/user/1000/bus: No such file or directory
[7.842s] DEBUG:colcon.colcon_core.event_reactor:joined thread
[7.843s] INFO:colcon.colcon_core.shell:Creating prefix script '/home/ali/Differentional-robot/Differentional_robot_ws/install/local_setup.ps1'
[7.847s] INFO:colcon.colcon_core.shell:Creating prefix util module '/home/ali/Differentional-robot/Differentional_robot_ws/install/_local_setup_util_ps1.py'
[7.852s] INFO:colcon.colcon_core.shell:Creating prefix chain script '/home/ali/Differentional-robot/Differentional_robot_ws/install/setup.ps1'
[8.056s] INFO:colcon.colcon_core.shell:Creating prefix script '/home/ali/Differentional-robot/Differentional_robot_ws/install/local_setup.sh'
[8.058s] INFO:colcon.colcon_core.shell:Creating prefix util module '/home/ali/Differentional-robot/Differentional_robot_ws/install/_local_setup_util_sh.py'
[8.061s] INFO:colcon.colcon_core.shell:Creating prefix chain script '/home/ali/Differentional-robot/Differentional_robot_ws/install/setup.sh'
[8.259s] INFO:colcon.colcon_core.shell:Creating prefix script '/home/ali/Differentional-robot/Differentional_robot_ws/install/local_setup.bash'
[8.262s] INFO:colcon.colcon_core.shell:Creating prefix chain script '/home/ali/Differentional-robot/Differentional_robot_ws/install/setup.bash'
[8.465s] INFO:colcon.colcon_core.shell:Creating prefix script '/home/ali/Differentional-robot/Differentional_robot_ws/install/local_setup.zsh'
[8.469s] INFO:colcon.colcon_core.shell:Creating prefix chain script '/home/ali/Differentional-robot/Differentional_robot_ws/install/setup.zsh'
