[5.447s] Invoking command in '/home/ali/Differentional-robot/Differentional_robot_ws/build/articubot_one': CMAKE_PREFIX_PATH=/home/ali/perceptron_ws/install/perceptron_driver:/mnt/c/Users/HP/perceptron_ws/install/perceptron_driver:/opt/ros/humble:${CMAKE_PREFIX_PATH} /usr/bin/cmake --build /home/ali/Differentional-robot/Differentional_robot_ws/build/articubot_one -- -j4 -l4
[5.870s] Invoked command in '/home/ali/Differentional-robot/Differentional_robot_ws/build/articubot_one' returned '0': CMAKE_PREFIX_PATH=/home/ali/perceptron_ws/install/perceptron_driver:/mnt/c/Users/HP/perceptron_ws/install/perceptron_driver:/opt/ros/humble:${CMAKE_PREFIX_PATH} /usr/bin/cmake --build /home/ali/Differentional-robot/Differentional_robot_ws/build/articubot_one -- -j4 -l4
[5.954s] Invoking command in '/home/ali/Differentional-robot/Differentional_robot_ws/build/articubot_one': CMAKE_PREFIX_PATH=/home/ali/perceptron_ws/install/perceptron_driver:/mnt/c/Users/HP/perceptron_ws/install/perceptron_driver:/opt/ros/humble:${CMAKE_PREFIX_PATH} /usr/bin/cmake --install /home/ali/Differentional-robot/Differentional_robot_ws/build/articubot_one
[6.093s] -- Install configuration: ""
[6.093s] -- Execute custom install script
[6.094s] -- Up-to-date symlink: /home/ali/Differentional-robot/Differentional_robot_ws/install/articubot_one/share/articubot_one/config/drive_bot.rviz
[6.094s] -- Up-to-date symlink: /home/ali/Differentional-robot/Differentional_robot_ws/install/articubot_one/share/articubot_one/config/empty.yaml
[6.095s] -- Up-to-date symlink: /home/ali/Differentional-robot/Differentional_robot_ws/install/articubot_one/share/articubot_one/config/joystick.yaml
[6.095s] -- Up-to-date symlink: /home/ali/Differentional-robot/Differentional_robot_ws/install/articubot_one/share/articubot_one/config/main.rviz
[6.095s] -- Up-to-date symlink: /home/ali/Differentional-robot/Differentional_robot_ws/install/articubot_one/share/articubot_one/config/map.rviz
[6.096s] -- Up-to-date symlink: /home/ali/Differentional-robot/Differentional_robot_ws/install/articubot_one/share/articubot_one/config/mapper_params_online_async.yaml
[6.096s] -- Up-to-date symlink: /home/ali/Differentional-robot/Differentional_robot_ws/install/articubot_one/share/articubot_one/config/my_controllers.yaml
[6.096s] -- Up-to-date symlink: /home/ali/Differentional-robot/Differentional_robot_ws/install/articubot_one/share/articubot_one/config/nav2_params.yaml
[6.131s] -- Up-to-date symlink: /home/ali/Differentional-robot/Differentional_robot_ws/install/articubot_one/share/articubot_one/config/twist_mux.yaml
[6.133s] -- Up-to-date symlink: /home/ali/Differentional-robot/Differentional_robot_ws/install/articubot_one/share/articubot_one/config/view_bot.rviz
[6.134s] -- Up-to-date symlink: /home/ali/Differentional-robot/Differentional_robot_ws/install/articubot_one/share/articubot_one/description/inertial_macros.xacro
[6.157s] -- Up-to-date symlink: /home/ali/Differentional-robot/Differentional_robot_ws/install/articubot_one/share/articubot_one/description/lidar.xacro
[6.158s] -- Up-to-date symlink: /home/ali/Differentional-robot/Differentional_robot_ws/install/articubot_one/share/articubot_one/description/meshes/base_link.STL
[6.158s] -- Up-to-date symlink: /home/ali/Differentional-robot/Differentional_robot_ws/install/articubot_one/share/articubot_one/description/meshes/caster_Link.STL
[6.158s] -- Up-to-date symlink: /home/ali/Differentional-robot/Differentional_robot_ws/install/articubot_one/share/articubot_one/description/meshes/imu_Link.STL
[6.158s] -- Up-to-date symlink: /home/ali/Differentional-robot/Differentional_robot_ws/install/articubot_one/share/articubot_one/description/meshes/lidar_Link.STL
[6.159s] -- Up-to-date symlink: /home/ali/Differentional-robot/Differentional_robot_ws/install/articubot_one/share/articubot_one/description/meshes/wheel_left_Link.STL
[6.159s] -- Up-to-date symlink: /home/ali/Differentional-robot/Differentional_robot_ws/install/articubot_one/share/articubot_one/description/meshes/wheel_right_Link.STL
[6.159s] -- Up-to-date symlink: /home/ali/Differentional-robot/Differentional_robot_ws/install/articubot_one/share/articubot_one/description/robot.urdf.xacro
[6.159s] -- Up-to-date symlink: /home/ali/Differentional-robot/Differentional_robot_ws/install/articubot_one/share/articubot_one/description/robot_core.xacro
[6.159s] -- Up-to-date symlink: /home/ali/Differentional-robot/Differentional_robot_ws/install/articubot_one/share/articubot_one/description/ros2_control.xacro
[6.160s] -- Up-to-date symlink: /home/ali/Differentional-robot/Differentional_robot_ws/install/articubot_one/share/articubot_one/launch/joystick.launch.py
[6.160s] -- Up-to-date symlink: /home/ali/Differentional-robot/Differentional_robot_ws/install/articubot_one/share/articubot_one/launch/launch_robot.launch.py
[6.160s] -- Up-to-date symlink: /home/ali/Differentional-robot/Differentional_robot_ws/install/articubot_one/share/articubot_one/launch/localization_launch.py
[6.160s] -- Up-to-date symlink: /home/ali/Differentional-robot/Differentional_robot_ws/install/articubot_one/share/articubot_one/launch/navigation_launch.py
[6.160s] -- Up-to-date symlink: /home/ali/Differentional-robot/Differentional_robot_ws/install/articubot_one/share/articubot_one/launch/online_async_launch.py
[6.161s] -- Up-to-date symlink: /home/ali/Differentional-robot/Differentional_robot_ws/install/articubot_one/share/articubot_one/launch/rplidar.launch.py
[6.161s] -- Up-to-date symlink: /home/ali/Differentional-robot/Differentional_robot_ws/install/articubot_one/share/articubot_one/launch/rsp.launch.py
[6.169s] -- Up-to-date symlink: /home/ali/Differentional-robot/Differentional_robot_ws/install/articubot_one/share/articubot_one/meshes/base_link.STL
[6.170s] -- Up-to-date symlink: /home/ali/Differentional-robot/Differentional_robot_ws/install/articubot_one/share/articubot_one/meshes/caster_Link.STL
[6.170s] -- Up-to-date symlink: /home/ali/Differentional-robot/Differentional_robot_ws/install/articubot_one/share/articubot_one/meshes/imu_Link.STL
[6.170s] -- Up-to-date symlink: /home/ali/Differentional-robot/Differentional_robot_ws/install/articubot_one/share/articubot_one/meshes/lidar_Link.STL
[6.171s] -- Up-to-date symlink: /home/ali/Differentional-robot/Differentional_robot_ws/install/articubot_one/share/articubot_one/meshes/wheel_left_Link.STL
[6.171s] -- Up-to-date symlink: /home/ali/Differentional-robot/Differentional_robot_ws/install/articubot_one/share/articubot_one/meshes/wheel_right_Link.STL
[6.171s] -- Up-to-date symlink: /home/ali/Differentional-robot/Differentional_robot_ws/install/articubot_one/share/ament_index/resource_index/package_run_dependencies/articubot_one
[6.172s] -- Up-to-date symlink: /home/ali/Differentional-robot/Differentional_robot_ws/install/articubot_one/share/ament_index/resource_index/parent_prefix_path/articubot_one
[6.172s] -- Up-to-date symlink: /home/ali/Differentional-robot/Differentional_robot_ws/install/articubot_one/share/articubot_one/environment/ament_prefix_path.sh
[6.172s] -- Up-to-date symlink: /home/ali/Differentional-robot/Differentional_robot_ws/install/articubot_one/share/articubot_one/environment/ament_prefix_path.dsv
[6.172s] -- Up-to-date symlink: /home/ali/Differentional-robot/Differentional_robot_ws/install/articubot_one/share/articubot_one/environment/path.sh
[6.173s] -- Up-to-date symlink: /home/ali/Differentional-robot/Differentional_robot_ws/install/articubot_one/share/articubot_one/environment/path.dsv
[6.180s] -- Up-to-date symlink: /home/ali/Differentional-robot/Differentional_robot_ws/install/articubot_one/share/articubot_one/local_setup.bash
[6.180s] -- Up-to-date symlink: /home/ali/Differentional-robot/Differentional_robot_ws/install/articubot_one/share/articubot_one/local_setup.sh
[6.180s] -- Up-to-date symlink: /home/ali/Differentional-robot/Differentional_robot_ws/install/articubot_one/share/articubot_one/local_setup.zsh
[6.181s] -- Up-to-date symlink: /home/ali/Differentional-robot/Differentional_robot_ws/install/articubot_one/share/articubot_one/local_setup.dsv
[6.181s] -- Symlinking: /home/ali/Differentional-robot/Differentional_robot_ws/install/articubot_one/share/articubot_one/package.dsv
[6.250s] -- Up-to-date symlink: /home/ali/Differentional-robot/Differentional_robot_ws/install/articubot_one/share/ament_index/resource_index/packages/articubot_one
[6.252s] -- Up-to-date symlink: /home/ali/Differentional-robot/Differentional_robot_ws/install/articubot_one/share/articubot_one/cmake/articubot_oneConfig.cmake
[6.256s] -- Up-to-date symlink: /home/ali/Differentional-robot/Differentional_robot_ws/install/articubot_one/share/articubot_one/cmake/articubot_oneConfig-version.cmake
[6.257s] -- Up-to-date symlink: /home/ali/Differentional-robot/Differentional_robot_ws/install/articubot_one/share/articubot_one/package.xml
[6.277s] Invoked command in '/home/ali/Differentional-robot/Differentional_robot_ws/build/articubot_one' returned '0': CMAKE_PREFIX_PATH=/home/ali/perceptron_ws/install/perceptron_driver:/mnt/c/Users/HP/perceptron_ws/install/perceptron_driver:/opt/ros/humble:${CMAKE_PREFIX_PATH} /usr/bin/cmake --install /home/ali/Differentional-robot/Differentional_robot_ws/build/articubot_one
