[1.441s] Invoking command in '/home/ali/Differentional-robot/Differentional_robot_ws/build/rplidar_ros': CMAKE_PREFIX_PATH=/home/ali/perceptron_ws/install/perceptron_driver:/mnt/c/Users/HP/perceptron_ws/install/perceptron_driver:/opt/ros/humble:${CMAKE_PREFIX_PATH} /usr/bin/cmake --build /home/ali/Differentional-robot/Differentional_robot_ws/build/rplidar_ros -- -j4 -l4
[1.860s] [  5%] Built target rplidar_client
[1.889s] [ 52%] Built target rplidar_node
[1.945s] [100%] Built target rplidar_composition
[2.226s] Invoked command in '/home/ali/Differentional-robot/Differentional_robot_ws/build/rplidar_ros' returned '0': CMAKE_PREFIX_PATH=/home/ali/perceptron_ws/install/perceptron_driver:/mnt/c/Users/HP/perceptron_ws/install/perceptron_driver:/opt/ros/humble:${CMAKE_PREFIX_PATH} /usr/bin/cmake --build /home/ali/Differentional-robot/Differentional_robot_ws/build/rplidar_ros -- -j4 -l4
[2.243s] Invoking command in '/home/ali/Differentional-robot/Differentional_robot_ws/build/rplidar_ros': CMAKE_PREFIX_PATH=/home/ali/perceptron_ws/install/perceptron_driver:/mnt/c/Users/HP/perceptron_ws/install/perceptron_driver:/opt/ros/humble:${CMAKE_PREFIX_PATH} /usr/bin/cmake --install /home/ali/Differentional-robot/Differentional_robot_ws/build/rplidar_ros
[2.422s] -- Install configuration: ""
[2.423s] -- Execute custom install script
[2.440s] -- Up-to-date symlink: /home/ali/Differentional-robot/Differentional_robot_ws/install/rplidar_ros/share/rplidar_ros/launch/rplidar_a1_launch.py
[2.448s] -- Up-to-date symlink: /home/ali/Differentional-robot/Differentional_robot_ws/install/rplidar_ros/share/rplidar_ros/rviz/rplidar_ros.rviz
[2.457s] -- Up-to-date symlink: /home/ali/Differentional-robot/Differentional_robot_ws/install/rplidar_ros/lib/rplidar_ros/rplidar_node
[2.463s] -- Up-to-date symlink: /home/ali/Differentional-robot/Differentional_robot_ws/install/rplidar_ros/lib/rplidar_ros/rplidar_composition
[2.464s] -- Up-to-date symlink: /home/ali/Differentional-robot/Differentional_robot_ws/install/rplidar_ros/lib/rplidar_ros/rplidar_client
[2.465s] -- Up-to-date symlink: /home/ali/Differentional-robot/Differentional_robot_ws/install/rplidar_ros/share/ament_index/resource_index/package_run_dependencies/rplidar_ros
[2.466s] -- Up-to-date symlink: /home/ali/Differentional-robot/Differentional_robot_ws/install/rplidar_ros/share/ament_index/resource_index/parent_prefix_path/rplidar_ros
[2.466s] -- Up-to-date symlink: /home/ali/Differentional-robot/Differentional_robot_ws/install/rplidar_ros/share/rplidar_ros/environment/ament_prefix_path.sh
[2.466s] -- Up-to-date symlink: /home/ali/Differentional-robot/Differentional_robot_ws/install/rplidar_ros/share/rplidar_ros/environment/ament_prefix_path.dsv
[2.467s] -- Up-to-date symlink: /home/ali/Differentional-robot/Differentional_robot_ws/install/rplidar_ros/share/rplidar_ros/environment/path.sh
[2.467s] -- Up-to-date symlink: /home/ali/Differentional-robot/Differentional_robot_ws/install/rplidar_ros/share/rplidar_ros/environment/path.dsv
[2.468s] -- Up-to-date symlink: /home/ali/Differentional-robot/Differentional_robot_ws/install/rplidar_ros/share/rplidar_ros/local_setup.bash
[2.468s] -- Up-to-date symlink: /home/ali/Differentional-robot/Differentional_robot_ws/install/rplidar_ros/share/rplidar_ros/local_setup.sh
[2.468s] -- Up-to-date symlink: /home/ali/Differentional-robot/Differentional_robot_ws/install/rplidar_ros/share/rplidar_ros/local_setup.zsh
[2.469s] -- Up-to-date symlink: /home/ali/Differentional-robot/Differentional_robot_ws/install/rplidar_ros/share/rplidar_ros/local_setup.dsv
[2.470s] -- Symlinking: /home/ali/Differentional-robot/Differentional_robot_ws/install/rplidar_ros/share/rplidar_ros/package.dsv
[2.471s] -- Up-to-date symlink: /home/ali/Differentional-robot/Differentional_robot_ws/install/rplidar_ros/share/ament_index/resource_index/packages/rplidar_ros
[2.473s] -- Up-to-date symlink: /home/ali/Differentional-robot/Differentional_robot_ws/install/rplidar_ros/share/rplidar_ros/cmake/ament_cmake_export_dependencies-extras.cmake
[2.475s] -- Up-to-date symlink: /home/ali/Differentional-robot/Differentional_robot_ws/install/rplidar_ros/share/rplidar_ros/cmake/ament_cmake_export_include_directories-extras.cmake
[2.480s] -- Up-to-date symlink: /home/ali/Differentional-robot/Differentional_robot_ws/install/rplidar_ros/share/rplidar_ros/cmake/rplidar_rosConfig.cmake
[2.483s] -- Up-to-date symlink: /home/ali/Differentional-robot/Differentional_robot_ws/install/rplidar_ros/share/rplidar_ros/cmake/rplidar_rosConfig-version.cmake
[2.485s] -- Up-to-date symlink: /home/ali/Differentional-robot/Differentional_robot_ws/install/rplidar_ros/share/rplidar_ros/package.xml
[2.496s] Invoked command in '/home/ali/Differentional-robot/Differentional_robot_ws/build/rplidar_ros' returned '0': CMAKE_PREFIX_PATH=/home/ali/perceptron_ws/install/perceptron_driver:/mnt/c/Users/HP/perceptron_ws/install/perceptron_driver:/opt/ros/humble:${CMAKE_PREFIX_PATH} /usr/bin/cmake --install /home/ali/Differentional-robot/Differentional_robot_ws/build/rplidar_ros
