[1.422s] DEBUG:colcon:Command line arguments: ['/usr/bin/colcon', 'build', '--symlink-install']
[1.422s] DEBUG:colcon:Parsed command line arguments: Namespace(log_base=None, log_level=None, verb_name='build', build_base='build', install_base='install', merge_install=False, symlink_install=True, test_result_base=None, continue_on_error=False, executor='parallel', parallel_workers=4, event_handlers=None, ignore_user_meta=False, metas=['./colcon.meta'], base_paths=['.'], packages_ignore=None, packages_ignore_regex=None, paths=None, packages_up_to=None, packages_up_to_regex=None, packages_above=None, packages_above_and_dependencies=None, packages_above_depth=None, packages_select_by_dep=None, packages_skip_by_dep=None, packages_skip_up_to=None, packages_select_build_failed=False, packages_skip_build_finished=False, packages_select_test_failures=False, packages_skip_test_passed=False, packages_select=None, packages_skip=None, packages_select_regex=None, packages_skip_regex=None, packages_start=None, packages_end=None, allow_overriding=[], cmake_args=None, cmake_target=None, cmake_target_skip_unavailable=False, cmake_clean_cache=False, cmake_clean_first=False, cmake_force_configure=False, ament_cmake_args=None, catkin_cmake_args=None, catkin_skip_building_tests=False, verb_parser=<colcon_defaults.argument_parser.defaults.DefaultArgumentsDecorator object at 0x739f3785d360>, verb_extension=<colcon_core.verb.build.BuildVerb object at 0x739f3785cf10>, main=<bound method BuildVerb.main of <colcon_core.verb.build.BuildVerb object at 0x739f3785cf10>>)
[2.904s] Level 1:colcon.colcon_core.package_discovery:discover_packages(colcon_meta) check parameters
[2.905s] Level 1:colcon.colcon_core.package_discovery:discover_packages(recursive) check parameters
[2.912s] Level 1:colcon.colcon_core.package_discovery:discover_packages(ignore) check parameters
[2.912s] Level 1:colcon.colcon_core.package_discovery:discover_packages(path) check parameters
[2.913s] Level 1:colcon.colcon_core.package_discovery:discover_packages(colcon_meta) discover
[2.913s] Level 1:colcon.colcon_core.package_discovery:discover_packages(recursive) discover
[2.914s] INFO:colcon.colcon_core.package_discovery:Crawling recursively for packages in '/home/ali/Differentional-robot/Differentional_robot_ws'
[2.915s] Level 1:colcon.colcon_core.package_identification:_identify(.) by extensions ['ignore', 'ignore_ament_install']
[2.915s] Level 1:colcon.colcon_core.package_identification:_identify(.) by extension 'ignore'
[2.916s] Level 1:colcon.colcon_core.package_identification:_identify(.) by extension 'ignore_ament_install'
[2.917s] Level 1:colcon.colcon_core.package_identification:_identify(.) by extensions ['colcon_pkg']
[2.917s] Level 1:colcon.colcon_core.package_identification:_identify(.) by extension 'colcon_pkg'
[2.918s] Level 1:colcon.colcon_core.package_identification:_identify(.) by extensions ['colcon_meta']
[2.918s] Level 1:colcon.colcon_core.package_identification:_identify(.) by extension 'colcon_meta'
[2.919s] Level 1:colcon.colcon_core.package_identification:_identify(.) by extensions ['ros']
[2.919s] Level 1:colcon.colcon_core.package_identification:_identify(.) by extension 'ros'
[2.979s] Level 1:colcon.colcon_core.package_identification:_identify(.) by extensions ['cmake', 'python']
[2.980s] Level 1:colcon.colcon_core.package_identification:_identify(.) by extension 'cmake'
[2.980s] Level 1:colcon.colcon_core.package_identification:_identify(.) by extension 'python'
[2.981s] Level 1:colcon.colcon_core.package_identification:_identify(.) by extensions ['python_setup_py']
[2.981s] Level 1:colcon.colcon_core.package_identification:_identify(.) by extension 'python_setup_py'
[2.982s] Level 1:colcon.colcon_core.package_identification:_identify(build) by extensions ['ignore', 'ignore_ament_install']
[2.989s] Level 1:colcon.colcon_core.package_identification:_identify(build) by extension 'ignore'
[2.990s] Level 1:colcon.colcon_core.package_identification:_identify(build) ignored
[2.990s] Level 1:colcon.colcon_core.package_identification:_identify(install) by extensions ['ignore', 'ignore_ament_install']
[2.991s] Level 1:colcon.colcon_core.package_identification:_identify(install) by extension 'ignore'
[2.991s] Level 1:colcon.colcon_core.package_identification:_identify(install) ignored
[2.991s] Level 1:colcon.colcon_core.package_identification:_identify(log) by extensions ['ignore', 'ignore_ament_install']
[2.992s] Level 1:colcon.colcon_core.package_identification:_identify(log) by extension 'ignore'
[2.992s] Level 1:colcon.colcon_core.package_identification:_identify(log) ignored
[2.993s] Level 1:colcon.colcon_core.package_identification:_identify(src) by extensions ['ignore', 'ignore_ament_install']
[2.993s] Level 1:colcon.colcon_core.package_identification:_identify(src) by extension 'ignore'
[2.994s] Level 1:colcon.colcon_core.package_identification:_identify(src) by extension 'ignore_ament_install'
[2.994s] Level 1:colcon.colcon_core.package_identification:_identify(src) by extensions ['colcon_pkg']
[2.995s] Level 1:colcon.colcon_core.package_identification:_identify(src) by extension 'colcon_pkg'
[2.995s] Level 1:colcon.colcon_core.package_identification:_identify(src) by extensions ['colcon_meta']
[2.996s] Level 1:colcon.colcon_core.package_identification:_identify(src) by extension 'colcon_meta'
[2.996s] Level 1:colcon.colcon_core.package_identification:_identify(src) by extensions ['ros']
[2.997s] Level 1:colcon.colcon_core.package_identification:_identify(src) by extension 'ros'
[2.997s] Level 1:colcon.colcon_core.package_identification:_identify(src) by extensions ['cmake', 'python']
[2.998s] Level 1:colcon.colcon_core.package_identification:_identify(src) by extension 'cmake'
[2.998s] Level 1:colcon.colcon_core.package_identification:_identify(src) by extension 'python'
[2.999s] Level 1:colcon.colcon_core.package_identification:_identify(src) by extensions ['python_setup_py']
[2.999s] Level 1:colcon.colcon_core.package_identification:_identify(src) by extension 'python_setup_py'
[3.000s] Level 1:colcon.colcon_core.package_identification:_identify(src/articubot_one) by extensions ['ignore', 'ignore_ament_install']
[3.001s] Level 1:colcon.colcon_core.package_identification:_identify(src/articubot_one) by extension 'ignore'
[3.001s] Level 1:colcon.colcon_core.package_identification:_identify(src/articubot_one) by extension 'ignore_ament_install'
[3.002s] Level 1:colcon.colcon_core.package_identification:_identify(src/articubot_one) by extensions ['colcon_pkg']
[3.002s] Level 1:colcon.colcon_core.package_identification:_identify(src/articubot_one) by extension 'colcon_pkg'
[3.002s] Level 1:colcon.colcon_core.package_identification:_identify(src/articubot_one) by extensions ['colcon_meta']
[3.003s] Level 1:colcon.colcon_core.package_identification:_identify(src/articubot_one) by extension 'colcon_meta'
[3.003s] Level 1:colcon.colcon_core.package_identification:_identify(src/articubot_one) by extensions ['ros']
[3.004s] Level 1:colcon.colcon_core.package_identification:_identify(src/articubot_one) by extension 'ros'
[3.012s] DEBUG:colcon.colcon_core.package_identification:Package 'src/articubot_one' with type 'ros.ament_cmake' and name 'articubot_one'
[3.013s] Level 1:colcon.colcon_core.package_identification:_identify(src/diffdrive_arduino) by extensions ['ignore', 'ignore_ament_install']
[3.014s] Level 1:colcon.colcon_core.package_identification:_identify(src/diffdrive_arduino) by extension 'ignore'
[3.014s] Level 1:colcon.colcon_core.package_identification:_identify(src/diffdrive_arduino) by extension 'ignore_ament_install'
[3.014s] Level 1:colcon.colcon_core.package_identification:_identify(src/diffdrive_arduino) by extensions ['colcon_pkg']
[3.015s] Level 1:colcon.colcon_core.package_identification:_identify(src/diffdrive_arduino) by extension 'colcon_pkg'
[3.015s] Level 1:colcon.colcon_core.package_identification:_identify(src/diffdrive_arduino) by extensions ['colcon_meta']
[3.015s] Level 1:colcon.colcon_core.package_identification:_identify(src/diffdrive_arduino) by extension 'colcon_meta'
[3.015s] Level 1:colcon.colcon_core.package_identification:_identify(src/diffdrive_arduino) by extensions ['ros']
[3.015s] Level 1:colcon.colcon_core.package_identification:_identify(src/diffdrive_arduino) by extension 'ros'
[3.018s] DEBUG:colcon.colcon_core.package_identification:Package 'src/diffdrive_arduino' with type 'ros.ament_cmake' and name 'diffdrive_arduino'
[3.019s] Level 1:colcon.colcon_core.package_identification:_identify(src/rplidar_ros) by extensions ['ignore', 'ignore_ament_install']
[3.019s] Level 1:colcon.colcon_core.package_identification:_identify(src/rplidar_ros) by extension 'ignore'
[3.019s] Level 1:colcon.colcon_core.package_identification:_identify(src/rplidar_ros) by extension 'ignore_ament_install'
[3.020s] Level 1:colcon.colcon_core.package_identification:_identify(src/rplidar_ros) by extensions ['colcon_pkg']
[3.020s] Level 1:colcon.colcon_core.package_identification:_identify(src/rplidar_ros) by extension 'colcon_pkg'
[3.020s] Level 1:colcon.colcon_core.package_identification:_identify(src/rplidar_ros) by extensions ['colcon_meta']
[3.020s] Level 1:colcon.colcon_core.package_identification:_identify(src/rplidar_ros) by extension 'colcon_meta'
[3.020s] Level 1:colcon.colcon_core.package_identification:_identify(src/rplidar_ros) by extensions ['ros']
[3.020s] Level 1:colcon.colcon_core.package_identification:_identify(src/rplidar_ros) by extension 'ros'
[3.023s] DEBUG:colcon.colcon_core.package_identification:Package 'src/rplidar_ros' with type 'ros.ament_cmake' and name 'rplidar_ros'
[3.023s] Level 1:colcon.colcon_core.package_identification:_identify(src/serial) by extensions ['ignore', 'ignore_ament_install']
[3.024s] Level 1:colcon.colcon_core.package_identification:_identify(src/serial) by extension 'ignore'
[3.025s] Level 1:colcon.colcon_core.package_identification:_identify(src/serial) by extension 'ignore_ament_install'
[3.025s] Level 1:colcon.colcon_core.package_identification:_identify(src/serial) by extensions ['colcon_pkg']
[3.025s] Level 1:colcon.colcon_core.package_identification:_identify(src/serial) by extension 'colcon_pkg'
[3.026s] Level 1:colcon.colcon_core.package_identification:_identify(src/serial) by extensions ['colcon_meta']
[3.026s] Level 1:colcon.colcon_core.package_identification:_identify(src/serial) by extension 'colcon_meta'
[3.026s] Level 1:colcon.colcon_core.package_identification:_identify(src/serial) by extensions ['ros']
[3.026s] Level 1:colcon.colcon_core.package_identification:_identify(src/serial) by extension 'ros'
[3.028s] DEBUG:colcon.colcon_core.package_identification:Package 'src/serial' with type 'ros.ament_cmake' and name 'serial'
[3.028s] Level 1:colcon.colcon_core.package_discovery:discover_packages(recursive) using defaults
[3.029s] Level 1:colcon.colcon_core.package_discovery:discover_packages(ignore) discover
[3.029s] Level 1:colcon.colcon_core.package_discovery:discover_packages(ignore) using defaults
[3.030s] Level 1:colcon.colcon_core.package_discovery:discover_packages(path) discover
[3.030s] Level 1:colcon.colcon_core.package_discovery:discover_packages(path) using defaults
[3.345s] Level 1:colcon.colcon_core.package_discovery:discover_packages(prefix_path) check parameters
[3.346s] Level 1:colcon.colcon_core.package_discovery:discover_packages(prefix_path) discover
[3.585s] DEBUG:colcon.colcon_installed_package_information.package_discovery:Found 4 installed packages in /home/ali/Differentional-robot/Differentional_robot_ws/install
[3.588s] DEBUG:colcon.colcon_installed_package_information.package_discovery:Found 4 installed packages in /home/ali/perceptron_ws/install
[3.900s] DEBUG:colcon.colcon_installed_package_information.package_discovery:Found 4 installed packages in /mnt/c/Users/HP/perceptron_ws/install
[3.987s] DEBUG:colcon.colcon_installed_package_information.package_discovery:Found 375 installed packages in /opt/ros/humble
[3.992s] Level 1:colcon.colcon_core.package_discovery:discover_packages(prefix_path) using defaults
[4.696s] Level 5:colcon.colcon_core.verb:set package 'articubot_one' build argument 'cmake_args' from command line to 'None'
[4.696s] Level 5:colcon.colcon_core.verb:set package 'articubot_one' build argument 'cmake_target' from command line to 'None'
[4.696s] Level 5:colcon.colcon_core.verb:set package 'articubot_one' build argument 'cmake_target_skip_unavailable' from command line to 'False'
[4.696s] Level 5:colcon.colcon_core.verb:set package 'articubot_one' build argument 'cmake_clean_cache' from command line to 'False'
[4.696s] Level 5:colcon.colcon_core.verb:set package 'articubot_one' build argument 'cmake_clean_first' from command line to 'False'
[4.697s] Level 5:colcon.colcon_core.verb:set package 'articubot_one' build argument 'cmake_force_configure' from command line to 'False'
[4.698s] Level 5:colcon.colcon_core.verb:set package 'articubot_one' build argument 'ament_cmake_args' from command line to 'None'
[4.698s] Level 5:colcon.colcon_core.verb:set package 'articubot_one' build argument 'catkin_cmake_args' from command line to 'None'
[4.699s] Level 5:colcon.colcon_core.verb:set package 'articubot_one' build argument 'catkin_skip_building_tests' from command line to 'False'
[4.699s] DEBUG:colcon.colcon_core.verb:Building package 'articubot_one' with the following arguments: {'ament_cmake_args': None, 'build_base': '/home/ali/Differentional-robot/Differentional_robot_ws/build/articubot_one', 'catkin_cmake_args': None, 'catkin_skip_building_tests': False, 'cmake_args': None, 'cmake_clean_cache': False, 'cmake_clean_first': False, 'cmake_force_configure': False, 'cmake_target': None, 'cmake_target_skip_unavailable': False, 'install_base': '/home/ali/Differentional-robot/Differentional_robot_ws/install/articubot_one', 'merge_install': False, 'path': '/home/ali/Differentional-robot/Differentional_robot_ws/src/articubot_one', 'symlink_install': True, 'test_result_base': None}
[4.701s] Level 5:colcon.colcon_core.verb:set package 'diffdrive_arduino' build argument 'cmake_args' from command line to 'None'
[4.701s] Level 5:colcon.colcon_core.verb:set package 'diffdrive_arduino' build argument 'cmake_target' from command line to 'None'
[4.701s] Level 5:colcon.colcon_core.verb:set package 'diffdrive_arduino' build argument 'cmake_target_skip_unavailable' from command line to 'False'
[4.701s] Level 5:colcon.colcon_core.verb:set package 'diffdrive_arduino' build argument 'cmake_clean_cache' from command line to 'False'
[4.701s] Level 5:colcon.colcon_core.verb:set package 'diffdrive_arduino' build argument 'cmake_clean_first' from command line to 'False'
[4.701s] Level 5:colcon.colcon_core.verb:set package 'diffdrive_arduino' build argument 'cmake_force_configure' from command line to 'False'
[4.701s] Level 5:colcon.colcon_core.verb:set package 'diffdrive_arduino' build argument 'ament_cmake_args' from command line to 'None'
[4.701s] Level 5:colcon.colcon_core.verb:set package 'diffdrive_arduino' build argument 'catkin_cmake_args' from command line to 'None'
[4.701s] Level 5:colcon.colcon_core.verb:set package 'diffdrive_arduino' build argument 'catkin_skip_building_tests' from command line to 'False'
[4.702s] DEBUG:colcon.colcon_core.verb:Building package 'diffdrive_arduino' with the following arguments: {'ament_cmake_args': None, 'build_base': '/home/ali/Differentional-robot/Differentional_robot_ws/build/diffdrive_arduino', 'catkin_cmake_args': None, 'catkin_skip_building_tests': False, 'cmake_args': None, 'cmake_clean_cache': False, 'cmake_clean_first': False, 'cmake_force_configure': False, 'cmake_target': None, 'cmake_target_skip_unavailable': False, 'install_base': '/home/ali/Differentional-robot/Differentional_robot_ws/install/diffdrive_arduino', 'merge_install': False, 'path': '/home/ali/Differentional-robot/Differentional_robot_ws/src/diffdrive_arduino', 'symlink_install': True, 'test_result_base': None}
[4.703s] Level 5:colcon.colcon_core.verb:set package 'rplidar_ros' build argument 'cmake_args' from command line to 'None'
[4.703s] Level 5:colcon.colcon_core.verb:set package 'rplidar_ros' build argument 'cmake_target' from command line to 'None'
[4.703s] Level 5:colcon.colcon_core.verb:set package 'rplidar_ros' build argument 'cmake_target_skip_unavailable' from command line to 'False'
[4.703s] Level 5:colcon.colcon_core.verb:set package 'rplidar_ros' build argument 'cmake_clean_cache' from command line to 'False'
[4.703s] Level 5:colcon.colcon_core.verb:set package 'rplidar_ros' build argument 'cmake_clean_first' from command line to 'False'
[4.703s] Level 5:colcon.colcon_core.verb:set package 'rplidar_ros' build argument 'cmake_force_configure' from command line to 'False'
[4.703s] Level 5:colcon.colcon_core.verb:set package 'rplidar_ros' build argument 'ament_cmake_args' from command line to 'None'
[4.703s] Level 5:colcon.colcon_core.verb:set package 'rplidar_ros' build argument 'catkin_cmake_args' from command line to 'None'
[4.703s] Level 5:colcon.colcon_core.verb:set package 'rplidar_ros' build argument 'catkin_skip_building_tests' from command line to 'False'
[4.703s] DEBUG:colcon.colcon_core.verb:Building package 'rplidar_ros' with the following arguments: {'ament_cmake_args': None, 'build_base': '/home/ali/Differentional-robot/Differentional_robot_ws/build/rplidar_ros', 'catkin_cmake_args': None, 'catkin_skip_building_tests': False, 'cmake_args': None, 'cmake_clean_cache': False, 'cmake_clean_first': False, 'cmake_force_configure': False, 'cmake_target': None, 'cmake_target_skip_unavailable': False, 'install_base': '/home/ali/Differentional-robot/Differentional_robot_ws/install/rplidar_ros', 'merge_install': False, 'path': '/home/ali/Differentional-robot/Differentional_robot_ws/src/rplidar_ros', 'symlink_install': True, 'test_result_base': None}
[4.705s] Level 5:colcon.colcon_core.verb:set package 'serial' build argument 'cmake_args' from command line to 'None'
[4.705s] Level 5:colcon.colcon_core.verb:set package 'serial' build argument 'cmake_target' from command line to 'None'
[4.705s] Level 5:colcon.colcon_core.verb:set package 'serial' build argument 'cmake_target_skip_unavailable' from command line to 'False'
[4.706s] Level 5:colcon.colcon_core.verb:set package 'serial' build argument 'cmake_clean_cache' from command line to 'False'
[4.706s] Level 5:colcon.colcon_core.verb:set package 'serial' build argument 'cmake_clean_first' from command line to 'False'
[4.707s] Level 5:colcon.colcon_core.verb:set package 'serial' build argument 'cmake_force_configure' from command line to 'False'
[4.708s] Level 5:colcon.colcon_core.verb:set package 'serial' build argument 'ament_cmake_args' from command line to 'None'
[4.708s] Level 5:colcon.colcon_core.verb:set package 'serial' build argument 'catkin_cmake_args' from command line to 'None'
[4.708s] Level 5:colcon.colcon_core.verb:set package 'serial' build argument 'catkin_skip_building_tests' from command line to 'False'
[4.709s] DEBUG:colcon.colcon_core.verb:Building package 'serial' with the following arguments: {'ament_cmake_args': None, 'build_base': '/home/ali/Differentional-robot/Differentional_robot_ws/build/serial', 'catkin_cmake_args': None, 'catkin_skip_building_tests': False, 'cmake_args': None, 'cmake_clean_cache': False, 'cmake_clean_first': False, 'cmake_force_configure': False, 'cmake_target': None, 'cmake_target_skip_unavailable': False, 'install_base': '/home/ali/Differentional-robot/Differentional_robot_ws/install/serial', 'merge_install': False, 'path': '/home/ali/Differentional-robot/Differentional_robot_ws/src/serial', 'symlink_install': True, 'test_result_base': None}
[4.711s] INFO:colcon.colcon_core.executor:Executing jobs using 'parallel' executor
[4.717s] DEBUG:colcon.colcon_parallel_executor.executor.parallel:run_until_complete
[4.718s] INFO:colcon.colcon_ros.task.ament_cmake.build:Building ROS package in '/home/ali/Differentional-robot/Differentional_robot_ws/src/articubot_one' with build type 'ament_cmake'
[4.720s] INFO:colcon.colcon_cmake.task.cmake.build:Building CMake package in '/home/ali/Differentional-robot/Differentional_robot_ws/src/articubot_one'
[4.789s] INFO:colcon.colcon_core.plugin_system:Skipping extension 'colcon_core.shell.bat': Not used on non-Windows systems
[4.790s] INFO:colcon.colcon_core.shell:Skip shell extension 'powershell' for command environment: Not usable outside of PowerShell
[4.790s] DEBUG:colcon.colcon_core.shell:Skip shell extension 'dsv' for command environment
[5.496s] INFO:colcon.colcon_ros.task.ament_cmake.build:Building ROS package in '/home/ali/Differentional-robot/Differentional_robot_ws/src/diffdrive_arduino' with build type 'ament_cmake'
[5.497s] INFO:colcon.colcon_cmake.task.cmake.build:Building CMake package in '/home/ali/Differentional-robot/Differentional_robot_ws/src/diffdrive_arduino'
[5.499s] INFO:colcon.colcon_core.shell:Skip shell extension 'powershell' for command environment: Not usable outside of PowerShell
[5.500s] DEBUG:colcon.colcon_core.shell:Skip shell extension 'dsv' for command environment
[6.170s] INFO:colcon.colcon_ros.task.ament_cmake.build:Building ROS package in '/home/ali/Differentional-robot/Differentional_robot_ws/src/rplidar_ros' with build type 'ament_cmake'
[6.170s] INFO:colcon.colcon_cmake.task.cmake.build:Building CMake package in '/home/ali/Differentional-robot/Differentional_robot_ws/src/rplidar_ros'
[6.171s] INFO:colcon.colcon_core.shell:Skip shell extension 'powershell' for command environment: Not usable outside of PowerShell
[6.171s] DEBUG:colcon.colcon_core.shell:Skip shell extension 'dsv' for command environment
[6.883s] INFO:colcon.colcon_ros.task.ament_cmake.build:Building ROS package in '/home/ali/Differentional-robot/Differentional_robot_ws/src/serial' with build type 'ament_cmake'
[6.884s] INFO:colcon.colcon_cmake.task.cmake.build:Building CMake package in '/home/ali/Differentional-robot/Differentional_robot_ws/src/serial'
[6.885s] INFO:colcon.colcon_core.shell:Skip shell extension 'powershell' for command environment: Not usable outside of PowerShell
[6.885s] DEBUG:colcon.colcon_core.shell:Skip shell extension 'dsv' for command environment
[7.659s] DEBUG:colcon.colcon_core.event_handler.log_command:Invoking command in '/home/ali/Differentional-robot/Differentional_robot_ws/build/articubot_one': CMAKE_PREFIX_PATH=/home/ali/perceptron_ws/install/perceptron_driver:/mnt/c/Users/HP/perceptron_ws/install/perceptron_driver:/opt/ros/humble:${CMAKE_PREFIX_PATH} /usr/bin/cmake --build /home/ali/Differentional-robot/Differentional_robot_ws/build/articubot_one -- -j4 -l4
[7.806s] DEBUG:colcon.colcon_core.event_handler.log_command:Invoking command in '/home/ali/Differentional-robot/Differentional_robot_ws/build/diffdrive_arduino': CMAKE_PREFIX_PATH=/home/ali/perceptron_ws/install/perceptron_driver:/mnt/c/Users/HP/perceptron_ws/install/perceptron_driver:/opt/ros/humble:${CMAKE_PREFIX_PATH} /usr/bin/cmake --build /home/ali/Differentional-robot/Differentional_robot_ws/build/diffdrive_arduino -- -j4 -l4
[7.903s] DEBUG:colcon.colcon_core.event_handler.log_command:Invoking command in '/home/ali/Differentional-robot/Differentional_robot_ws/build/rplidar_ros': CMAKE_PREFIX_PATH=/home/ali/perceptron_ws/install/perceptron_driver:/mnt/c/Users/HP/perceptron_ws/install/perceptron_driver:/opt/ros/humble:${CMAKE_PREFIX_PATH} /usr/bin/cmake --build /home/ali/Differentional-robot/Differentional_robot_ws/build/rplidar_ros -- -j4 -l4
[8.040s] DEBUG:colcon.colcon_core.event_handler.log_command:Invoking command in '/home/ali/Differentional-robot/Differentional_robot_ws/build/serial': CMAKE_PREFIX_PATH=/home/ali/perceptron_ws/install/perceptron_driver:/mnt/c/Users/HP/perceptron_ws/install/perceptron_driver:/opt/ros/humble:${CMAKE_PREFIX_PATH} /usr/bin/cmake --build /home/ali/Differentional-robot/Differentional_robot_ws/build/serial -- -j4 -l4
[8.089s] DEBUG:colcon.colcon_core.event_handler.log_command:Invoked command in '/home/ali/Differentional-robot/Differentional_robot_ws/build/articubot_one' returned '0': CMAKE_PREFIX_PATH=/home/ali/perceptron_ws/install/perceptron_driver:/mnt/c/Users/HP/perceptron_ws/install/perceptron_driver:/opt/ros/humble:${CMAKE_PREFIX_PATH} /usr/bin/cmake --build /home/ali/Differentional-robot/Differentional_robot_ws/build/articubot_one -- -j4 -l4
[8.115s] DEBUG:colcon.colcon_core.event_handler.log_command:Invoking command in '/home/ali/Differentional-robot/Differentional_robot_ws/build/articubot_one': CMAKE_PREFIX_PATH=/home/ali/perceptron_ws/install/perceptron_driver:/mnt/c/Users/HP/perceptron_ws/install/perceptron_driver:/opt/ros/humble:${CMAKE_PREFIX_PATH} /usr/bin/cmake --install /home/ali/Differentional-robot/Differentional_robot_ws/build/articubot_one
[8.285s] DEBUG:colcon.colcon_core.event_handler.log_command:Invoked command in '/home/ali/Differentional-robot/Differentional_robot_ws/build/diffdrive_arduino' returned '0': CMAKE_PREFIX_PATH=/home/ali/perceptron_ws/install/perceptron_driver:/mnt/c/Users/HP/perceptron_ws/install/perceptron_driver:/opt/ros/humble:${CMAKE_PREFIX_PATH} /usr/bin/cmake --build /home/ali/Differentional-robot/Differentional_robot_ws/build/diffdrive_arduino -- -j4 -l4
[8.299s] DEBUG:colcon.colcon_core.event_handler.log_command:Invoking command in '/home/ali/Differentional-robot/Differentional_robot_ws/build/diffdrive_arduino': CMAKE_PREFIX_PATH=/home/ali/perceptron_ws/install/perceptron_driver:/mnt/c/Users/HP/perceptron_ws/install/perceptron_driver:/opt/ros/humble:${CMAKE_PREFIX_PATH} /usr/bin/cmake --install /home/ali/Differentional-robot/Differentional_robot_ws/build/diffdrive_arduino
[8.525s] Level 1:colcon.colcon_core.environment:create_environment_scripts_only(articubot_one)
[8.527s] DEBUG:colcon.colcon_core.event_handler.log_command:Invoked command in '/home/ali/Differentional-robot/Differentional_robot_ws/build/articubot_one' returned '0': CMAKE_PREFIX_PATH=/home/ali/perceptron_ws/install/perceptron_driver:/mnt/c/Users/HP/perceptron_ws/install/perceptron_driver:/opt/ros/humble:${CMAKE_PREFIX_PATH} /usr/bin/cmake --install /home/ali/Differentional-robot/Differentional_robot_ws/build/articubot_one
[8.653s] Level 1:colcon.colcon_core.environment:checking '/home/ali/Differentional-robot/Differentional_robot_ws/install/articubot_one' for CMake module files
[8.660s] Level 1:colcon.colcon_core.environment:checking '/home/ali/Differentional-robot/Differentional_robot_ws/install/articubot_one' for CMake config files
[8.673s] Level 1:colcon.colcon_core.shell:create_environment_hook('articubot_one', 'cmake_prefix_path')
[8.674s] INFO:colcon.colcon_core.shell:Creating environment hook '/home/ali/Differentional-robot/Differentional_robot_ws/install/articubot_one/share/articubot_one/hook/cmake_prefix_path.ps1'
[8.683s] INFO:colcon.colcon_core.shell:Creating environment descriptor '/home/ali/Differentional-robot/Differentional_robot_ws/install/articubot_one/share/articubot_one/hook/cmake_prefix_path.dsv'
[8.693s] INFO:colcon.colcon_core.shell:Creating environment hook '/home/ali/Differentional-robot/Differentional_robot_ws/install/articubot_one/share/articubot_one/hook/cmake_prefix_path.sh'
[8.703s] Level 1:colcon.colcon_core.environment:checking '/home/ali/Differentional-robot/Differentional_robot_ws/install/articubot_one/bin'
[8.704s] Level 1:colcon.colcon_core.environment:checking '/home/ali/Differentional-robot/Differentional_robot_ws/install/articubot_one/lib/pkgconfig/articubot_one.pc'
[8.705s] Level 1:colcon.colcon_core.environment:checking '/home/ali/Differentional-robot/Differentional_robot_ws/install/articubot_one/lib/python3.10/site-packages'
[8.716s] Level 1:colcon.colcon_core.environment:checking '/home/ali/Differentional-robot/Differentional_robot_ws/install/articubot_one/bin'
[8.727s] INFO:colcon.colcon_core.shell:Creating package script '/home/ali/Differentional-robot/Differentional_robot_ws/install/articubot_one/share/articubot_one/package.ps1'
[8.736s] INFO:colcon.colcon_core.shell:Creating package descriptor '/home/ali/Differentional-robot/Differentional_robot_ws/install/articubot_one/share/articubot_one/package.dsv'
[8.745s] INFO:colcon.colcon_core.shell:Creating package script '/home/ali/Differentional-robot/Differentional_robot_ws/install/articubot_one/share/articubot_one/package.sh'
[8.749s] INFO:colcon.colcon_core.shell:Creating package script '/home/ali/Differentional-robot/Differentional_robot_ws/install/articubot_one/share/articubot_one/package.bash'
[8.751s] INFO:colcon.colcon_core.shell:Creating package script '/home/ali/Differentional-robot/Differentional_robot_ws/install/articubot_one/share/articubot_one/package.zsh'
[8.756s] Level 1:colcon.colcon_core.environment:create_file_with_runtime_dependencies(/home/ali/Differentional-robot/Differentional_robot_ws/install/articubot_one/share/colcon-core/packages/articubot_one)
[8.762s] Level 1:colcon.colcon_core.environment:create_environment_scripts_only(articubot_one)
[8.763s] Level 1:colcon.colcon_core.environment:checking '/home/ali/Differentional-robot/Differentional_robot_ws/install/articubot_one' for CMake module files
[8.765s] Level 1:colcon.colcon_core.environment:checking '/home/ali/Differentional-robot/Differentional_robot_ws/install/articubot_one' for CMake config files
[8.769s] Level 1:colcon.colcon_core.shell:create_environment_hook('articubot_one', 'cmake_prefix_path')
[8.770s] INFO:colcon.colcon_core.shell:Creating environment hook '/home/ali/Differentional-robot/Differentional_robot_ws/install/articubot_one/share/articubot_one/hook/cmake_prefix_path.ps1'
[8.772s] INFO:colcon.colcon_core.shell:Creating environment descriptor '/home/ali/Differentional-robot/Differentional_robot_ws/install/articubot_one/share/articubot_one/hook/cmake_prefix_path.dsv'
[8.774s] INFO:colcon.colcon_core.shell:Creating environment hook '/home/ali/Differentional-robot/Differentional_robot_ws/install/articubot_one/share/articubot_one/hook/cmake_prefix_path.sh'
[8.779s] Level 1:colcon.colcon_core.environment:checking '/home/ali/Differentional-robot/Differentional_robot_ws/install/articubot_one/bin'
[8.780s] Level 1:colcon.colcon_core.environment:checking '/home/ali/Differentional-robot/Differentional_robot_ws/install/articubot_one/lib/pkgconfig/articubot_one.pc'
[8.781s] Level 1:colcon.colcon_core.environment:checking '/home/ali/Differentional-robot/Differentional_robot_ws/install/articubot_one/lib/python3.10/site-packages'
[8.783s] Level 1:colcon.colcon_core.environment:checking '/home/ali/Differentional-robot/Differentional_robot_ws/install/articubot_one/bin'
[8.786s] INFO:colcon.colcon_core.shell:Creating package script '/home/ali/Differentional-robot/Differentional_robot_ws/install/articubot_one/share/articubot_one/package.ps1'
[8.796s] INFO:colcon.colcon_core.shell:Creating package descriptor '/home/ali/Differentional-robot/Differentional_robot_ws/install/articubot_one/share/articubot_one/package.dsv'
[8.798s] INFO:colcon.colcon_core.shell:Creating package script '/home/ali/Differentional-robot/Differentional_robot_ws/install/articubot_one/share/articubot_one/package.sh'
[8.800s] INFO:colcon.colcon_core.shell:Creating package script '/home/ali/Differentional-robot/Differentional_robot_ws/install/articubot_one/share/articubot_one/package.bash'
[8.803s] INFO:colcon.colcon_core.shell:Creating package script '/home/ali/Differentional-robot/Differentional_robot_ws/install/articubot_one/share/articubot_one/package.zsh'
[8.805s] Level 1:colcon.colcon_core.environment:create_file_with_runtime_dependencies(/home/ali/Differentional-robot/Differentional_robot_ws/install/articubot_one/share/colcon-core/packages/articubot_one)
[8.814s] Level 1:colcon.colcon_core.environment:create_environment_scripts_only(diffdrive_arduino)
[8.819s] DEBUG:colcon.colcon_core.event_handler.log_command:Invoked command in '/home/ali/Differentional-robot/Differentional_robot_ws/build/diffdrive_arduino' returned '0': CMAKE_PREFIX_PATH=/home/ali/perceptron_ws/install/perceptron_driver:/mnt/c/Users/HP/perceptron_ws/install/perceptron_driver:/opt/ros/humble:${CMAKE_PREFIX_PATH} /usr/bin/cmake --install /home/ali/Differentional-robot/Differentional_robot_ws/build/diffdrive_arduino
[8.820s] Level 1:colcon.colcon_core.environment:checking '/home/ali/Differentional-robot/Differentional_robot_ws/install/diffdrive_arduino' for CMake module files
[8.834s] Level 1:colcon.colcon_core.environment:checking '/home/ali/Differentional-robot/Differentional_robot_ws/install/diffdrive_arduino' for CMake config files
[8.835s] Level 1:colcon.colcon_core.shell:create_environment_hook('diffdrive_arduino', 'cmake_prefix_path')
[8.836s] INFO:colcon.colcon_core.shell:Creating environment hook '/home/ali/Differentional-robot/Differentional_robot_ws/install/diffdrive_arduino/share/diffdrive_arduino/hook/cmake_prefix_path.ps1'
[8.839s] INFO:colcon.colcon_core.shell:Creating environment descriptor '/home/ali/Differentional-robot/Differentional_robot_ws/install/diffdrive_arduino/share/diffdrive_arduino/hook/cmake_prefix_path.dsv'
[8.842s] INFO:colcon.colcon_core.shell:Creating environment hook '/home/ali/Differentional-robot/Differentional_robot_ws/install/diffdrive_arduino/share/diffdrive_arduino/hook/cmake_prefix_path.sh'
[8.845s] Level 1:colcon.colcon_core.environment:checking '/home/ali/Differentional-robot/Differentional_robot_ws/install/diffdrive_arduino/lib'
[8.846s] Level 1:colcon.colcon_core.shell:create_environment_hook('diffdrive_arduino', 'ld_library_path_lib')
[8.848s] INFO:colcon.colcon_core.shell:Creating environment hook '/home/ali/Differentional-robot/Differentional_robot_ws/install/diffdrive_arduino/share/diffdrive_arduino/hook/ld_library_path_lib.ps1'
[8.854s] INFO:colcon.colcon_core.shell:Creating environment descriptor '/home/ali/Differentional-robot/Differentional_robot_ws/install/diffdrive_arduino/share/diffdrive_arduino/hook/ld_library_path_lib.dsv'
[8.857s] INFO:colcon.colcon_core.shell:Creating environment hook '/home/ali/Differentional-robot/Differentional_robot_ws/install/diffdrive_arduino/share/diffdrive_arduino/hook/ld_library_path_lib.sh'
[8.858s] Level 1:colcon.colcon_core.environment:checking '/home/ali/Differentional-robot/Differentional_robot_ws/install/diffdrive_arduino/bin'
[8.859s] Level 1:colcon.colcon_core.environment:checking '/home/ali/Differentional-robot/Differentional_robot_ws/install/diffdrive_arduino/lib/pkgconfig/diffdrive_arduino.pc'
[8.860s] Level 1:colcon.colcon_core.environment:checking '/home/ali/Differentional-robot/Differentional_robot_ws/install/diffdrive_arduino/lib/python3.10/site-packages'
[8.872s] Level 1:colcon.colcon_core.environment:checking '/home/ali/Differentional-robot/Differentional_robot_ws/install/diffdrive_arduino/bin'
[8.874s] INFO:colcon.colcon_core.shell:Creating package script '/home/ali/Differentional-robot/Differentional_robot_ws/install/diffdrive_arduino/share/diffdrive_arduino/package.ps1'
[8.877s] INFO:colcon.colcon_core.shell:Creating package descriptor '/home/ali/Differentional-robot/Differentional_robot_ws/install/diffdrive_arduino/share/diffdrive_arduino/package.dsv'
[8.892s] INFO:colcon.colcon_core.shell:Creating package script '/home/ali/Differentional-robot/Differentional_robot_ws/install/diffdrive_arduino/share/diffdrive_arduino/package.sh'
[8.895s] INFO:colcon.colcon_core.shell:Creating package script '/home/ali/Differentional-robot/Differentional_robot_ws/install/diffdrive_arduino/share/diffdrive_arduino/package.bash'
[8.897s] INFO:colcon.colcon_core.shell:Creating package script '/home/ali/Differentional-robot/Differentional_robot_ws/install/diffdrive_arduino/share/diffdrive_arduino/package.zsh'
[8.899s] Level 1:colcon.colcon_core.environment:create_file_with_runtime_dependencies(/home/ali/Differentional-robot/Differentional_robot_ws/install/diffdrive_arduino/share/colcon-core/packages/diffdrive_arduino)
[8.901s] Level 1:colcon.colcon_core.environment:create_environment_scripts_only(diffdrive_arduino)
[8.903s] Level 1:colcon.colcon_core.environment:checking '/home/ali/Differentional-robot/Differentional_robot_ws/install/diffdrive_arduino' for CMake module files
[8.905s] Level 1:colcon.colcon_core.environment:checking '/home/ali/Differentional-robot/Differentional_robot_ws/install/diffdrive_arduino' for CMake config files
[8.906s] Level 1:colcon.colcon_core.shell:create_environment_hook('diffdrive_arduino', 'cmake_prefix_path')
[8.907s] INFO:colcon.colcon_core.shell:Creating environment hook '/home/ali/Differentional-robot/Differentional_robot_ws/install/diffdrive_arduino/share/diffdrive_arduino/hook/cmake_prefix_path.ps1'
[8.911s] INFO:colcon.colcon_core.shell:Creating environment descriptor '/home/ali/Differentional-robot/Differentional_robot_ws/install/diffdrive_arduino/share/diffdrive_arduino/hook/cmake_prefix_path.dsv'
[8.914s] INFO:colcon.colcon_core.shell:Creating environment hook '/home/ali/Differentional-robot/Differentional_robot_ws/install/diffdrive_arduino/share/diffdrive_arduino/hook/cmake_prefix_path.sh'
[8.917s] Level 1:colcon.colcon_core.environment:checking '/home/ali/Differentional-robot/Differentional_robot_ws/install/diffdrive_arduino/lib'
[8.918s] Level 1:colcon.colcon_core.shell:create_environment_hook('diffdrive_arduino', 'ld_library_path_lib')
[8.919s] INFO:colcon.colcon_core.shell:Creating environment hook '/home/ali/Differentional-robot/Differentional_robot_ws/install/diffdrive_arduino/share/diffdrive_arduino/hook/ld_library_path_lib.ps1'
[8.930s] INFO:colcon.colcon_core.shell:Creating environment descriptor '/home/ali/Differentional-robot/Differentional_robot_ws/install/diffdrive_arduino/share/diffdrive_arduino/hook/ld_library_path_lib.dsv'
[8.933s] INFO:colcon.colcon_core.shell:Creating environment hook '/home/ali/Differentional-robot/Differentional_robot_ws/install/diffdrive_arduino/share/diffdrive_arduino/hook/ld_library_path_lib.sh'
[8.935s] Level 1:colcon.colcon_core.environment:checking '/home/ali/Differentional-robot/Differentional_robot_ws/install/diffdrive_arduino/bin'
[8.936s] Level 1:colcon.colcon_core.environment:checking '/home/ali/Differentional-robot/Differentional_robot_ws/install/diffdrive_arduino/lib/pkgconfig/diffdrive_arduino.pc'
[8.938s] Level 1:colcon.colcon_core.environment:checking '/home/ali/Differentional-robot/Differentional_robot_ws/install/diffdrive_arduino/lib/python3.10/site-packages'
[8.943s] Level 1:colcon.colcon_core.environment:checking '/home/ali/Differentional-robot/Differentional_robot_ws/install/diffdrive_arduino/bin'
[8.951s] INFO:colcon.colcon_core.shell:Creating package script '/home/ali/Differentional-robot/Differentional_robot_ws/install/diffdrive_arduino/share/diffdrive_arduino/package.ps1'
[8.955s] INFO:colcon.colcon_core.shell:Creating package descriptor '/home/ali/Differentional-robot/Differentional_robot_ws/install/diffdrive_arduino/share/diffdrive_arduino/package.dsv'
[8.958s] INFO:colcon.colcon_core.shell:Creating package script '/home/ali/Differentional-robot/Differentional_robot_ws/install/diffdrive_arduino/share/diffdrive_arduino/package.sh'
[8.963s] INFO:colcon.colcon_core.shell:Creating package script '/home/ali/Differentional-robot/Differentional_robot_ws/install/diffdrive_arduino/share/diffdrive_arduino/package.bash'
[8.973s] INFO:colcon.colcon_core.shell:Creating package script '/home/ali/Differentional-robot/Differentional_robot_ws/install/diffdrive_arduino/share/diffdrive_arduino/package.zsh'
[8.975s] Level 1:colcon.colcon_core.environment:create_file_with_runtime_dependencies(/home/ali/Differentional-robot/Differentional_robot_ws/install/diffdrive_arduino/share/colcon-core/packages/diffdrive_arduino)
[8.991s] DEBUG:colcon.colcon_core.event_handler.log_command:Invoked command in '/home/ali/Differentional-robot/Differentional_robot_ws/build/rplidar_ros' returned '0': CMAKE_PREFIX_PATH=/home/ali/perceptron_ws/install/perceptron_driver:/mnt/c/Users/HP/perceptron_ws/install/perceptron_driver:/opt/ros/humble:${CMAKE_PREFIX_PATH} /usr/bin/cmake --build /home/ali/Differentional-robot/Differentional_robot_ws/build/rplidar_ros -- -j4 -l4
[9.018s] DEBUG:colcon.colcon_core.event_handler.log_command:Invoking command in '/home/ali/Differentional-robot/Differentional_robot_ws/build/rplidar_ros': CMAKE_PREFIX_PATH=/home/ali/perceptron_ws/install/perceptron_driver:/mnt/c/Users/HP/perceptron_ws/install/perceptron_driver:/opt/ros/humble:${CMAKE_PREFIX_PATH} /usr/bin/cmake --install /home/ali/Differentional-robot/Differentional_robot_ws/build/rplidar_ros
[9.019s] DEBUG:colcon.colcon_core.event_handler.log_command:Invoked command in '/home/ali/Differentional-robot/Differentional_robot_ws/build/serial' returned '0': CMAKE_PREFIX_PATH=/home/ali/perceptron_ws/install/perceptron_driver:/mnt/c/Users/HP/perceptron_ws/install/perceptron_driver:/opt/ros/humble:${CMAKE_PREFIX_PATH} /usr/bin/cmake --build /home/ali/Differentional-robot/Differentional_robot_ws/build/serial -- -j4 -l4
[9.022s] DEBUG:colcon.colcon_core.event_handler.log_command:Invoking command in '/home/ali/Differentional-robot/Differentional_robot_ws/build/serial': CMAKE_PREFIX_PATH=/home/ali/perceptron_ws/install/perceptron_driver:/mnt/c/Users/HP/perceptron_ws/install/perceptron_driver:/opt/ros/humble:${CMAKE_PREFIX_PATH} /usr/bin/cmake --install /home/ali/Differentional-robot/Differentional_robot_ws/build/serial
[9.131s] Level 1:colcon.colcon_core.environment:create_environment_scripts_only(serial)
[9.134s] Level 1:colcon.colcon_core.environment:checking '/home/ali/Differentional-robot/Differentional_robot_ws/install/serial' for CMake module files
[9.143s] DEBUG:colcon.colcon_core.event_handler.log_command:Invoked command in '/home/ali/Differentional-robot/Differentional_robot_ws/build/serial' returned '0': CMAKE_PREFIX_PATH=/home/ali/perceptron_ws/install/perceptron_driver:/mnt/c/Users/HP/perceptron_ws/install/perceptron_driver:/opt/ros/humble:${CMAKE_PREFIX_PATH} /usr/bin/cmake --install /home/ali/Differentional-robot/Differentional_robot_ws/build/serial
[9.148s] Level 1:colcon.colcon_core.environment:checking '/home/ali/Differentional-robot/Differentional_robot_ws/install/serial' for CMake config files
[9.148s] Level 1:colcon.colcon_core.shell:create_environment_hook('serial', 'cmake_prefix_path')
[9.149s] INFO:colcon.colcon_core.shell:Creating environment hook '/home/ali/Differentional-robot/Differentional_robot_ws/install/serial/share/serial/hook/cmake_prefix_path.ps1'
[9.155s] INFO:colcon.colcon_core.shell:Creating environment descriptor '/home/ali/Differentional-robot/Differentional_robot_ws/install/serial/share/serial/hook/cmake_prefix_path.dsv'
[9.159s] INFO:colcon.colcon_core.shell:Creating environment hook '/home/ali/Differentional-robot/Differentional_robot_ws/install/serial/share/serial/hook/cmake_prefix_path.sh'
[9.161s] Level 1:colcon.colcon_core.environment:checking '/home/ali/Differentional-robot/Differentional_robot_ws/install/serial/lib'
[9.165s] Level 1:colcon.colcon_core.environment:checking '/home/ali/Differentional-robot/Differentional_robot_ws/install/serial/bin'
[9.165s] Level 1:colcon.colcon_core.environment:checking '/home/ali/Differentional-robot/Differentional_robot_ws/install/serial/lib/pkgconfig/serial.pc'
[9.166s] Level 1:colcon.colcon_core.environment:checking '/home/ali/Differentional-robot/Differentional_robot_ws/install/serial/lib/python3.10/site-packages'
[9.167s] Level 1:colcon.colcon_core.environment:checking '/home/ali/Differentional-robot/Differentional_robot_ws/install/serial/bin'
[9.169s] INFO:colcon.colcon_core.shell:Creating package script '/home/ali/Differentional-robot/Differentional_robot_ws/install/serial/share/serial/package.ps1'
[9.180s] INFO:colcon.colcon_core.shell:Creating package descriptor '/home/ali/Differentional-robot/Differentional_robot_ws/install/serial/share/serial/package.dsv'
[9.183s] INFO:colcon.colcon_core.shell:Creating package script '/home/ali/Differentional-robot/Differentional_robot_ws/install/serial/share/serial/package.sh'
[9.185s] INFO:colcon.colcon_core.shell:Creating package script '/home/ali/Differentional-robot/Differentional_robot_ws/install/serial/share/serial/package.bash'
[9.187s] INFO:colcon.colcon_core.shell:Creating package script '/home/ali/Differentional-robot/Differentional_robot_ws/install/serial/share/serial/package.zsh'
[9.189s] Level 1:colcon.colcon_core.environment:create_file_with_runtime_dependencies(/home/ali/Differentional-robot/Differentional_robot_ws/install/serial/share/colcon-core/packages/serial)
[9.192s] Level 1:colcon.colcon_core.environment:create_environment_scripts_only(serial)
[9.201s] Level 1:colcon.colcon_core.environment:checking '/home/ali/Differentional-robot/Differentional_robot_ws/install/serial' for CMake module files
[9.203s] Level 1:colcon.colcon_core.environment:checking '/home/ali/Differentional-robot/Differentional_robot_ws/install/serial' for CMake config files
[9.203s] Level 1:colcon.colcon_core.shell:create_environment_hook('serial', 'cmake_prefix_path')
[9.204s] INFO:colcon.colcon_core.shell:Creating environment hook '/home/ali/Differentional-robot/Differentional_robot_ws/install/serial/share/serial/hook/cmake_prefix_path.ps1'
[9.206s] INFO:colcon.colcon_core.shell:Creating environment descriptor '/home/ali/Differentional-robot/Differentional_robot_ws/install/serial/share/serial/hook/cmake_prefix_path.dsv'
[9.208s] INFO:colcon.colcon_core.shell:Creating environment hook '/home/ali/Differentional-robot/Differentional_robot_ws/install/serial/share/serial/hook/cmake_prefix_path.sh'
[9.210s] Level 1:colcon.colcon_core.environment:checking '/home/ali/Differentional-robot/Differentional_robot_ws/install/serial/lib'
[9.210s] Level 1:colcon.colcon_core.environment:checking '/home/ali/Differentional-robot/Differentional_robot_ws/install/serial/bin'
[9.211s] Level 1:colcon.colcon_core.environment:checking '/home/ali/Differentional-robot/Differentional_robot_ws/install/serial/lib/pkgconfig/serial.pc'
[9.212s] Level 1:colcon.colcon_core.environment:checking '/home/ali/Differentional-robot/Differentional_robot_ws/install/serial/lib/python3.10/site-packages'
[9.213s] Level 1:colcon.colcon_core.environment:checking '/home/ali/Differentional-robot/Differentional_robot_ws/install/serial/bin'
[9.215s] INFO:colcon.colcon_core.shell:Creating package script '/home/ali/Differentional-robot/Differentional_robot_ws/install/serial/share/serial/package.ps1'
[9.217s] INFO:colcon.colcon_core.shell:Creating package descriptor '/home/ali/Differentional-robot/Differentional_robot_ws/install/serial/share/serial/package.dsv'
[9.219s] INFO:colcon.colcon_core.shell:Creating package script '/home/ali/Differentional-robot/Differentional_robot_ws/install/serial/share/serial/package.sh'
[9.222s] INFO:colcon.colcon_core.shell:Creating package script '/home/ali/Differentional-robot/Differentional_robot_ws/install/serial/share/serial/package.bash'
[9.224s] INFO:colcon.colcon_core.shell:Creating package script '/home/ali/Differentional-robot/Differentional_robot_ws/install/serial/share/serial/package.zsh'
[9.232s] Level 1:colcon.colcon_core.environment:create_file_with_runtime_dependencies(/home/ali/Differentional-robot/Differentional_robot_ws/install/serial/share/colcon-core/packages/serial)
[9.241s] Level 1:colcon.colcon_core.environment:create_environment_scripts_only(rplidar_ros)
[9.242s] Level 1:colcon.colcon_core.environment:checking '/home/ali/Differentional-robot/Differentional_robot_ws/install/rplidar_ros' for CMake module files
[9.247s] DEBUG:colcon.colcon_core.event_handler.log_command:Invoked command in '/home/ali/Differentional-robot/Differentional_robot_ws/build/rplidar_ros' returned '0': CMAKE_PREFIX_PATH=/home/ali/perceptron_ws/install/perceptron_driver:/mnt/c/Users/HP/perceptron_ws/install/perceptron_driver:/opt/ros/humble:${CMAKE_PREFIX_PATH} /usr/bin/cmake --install /home/ali/Differentional-robot/Differentional_robot_ws/build/rplidar_ros
[9.250s] Level 1:colcon.colcon_core.environment:checking '/home/ali/Differentional-robot/Differentional_robot_ws/install/rplidar_ros' for CMake config files
[9.253s] Level 1:colcon.colcon_core.shell:create_environment_hook('rplidar_ros', 'cmake_prefix_path')
[9.255s] INFO:colcon.colcon_core.shell:Creating environment hook '/home/ali/Differentional-robot/Differentional_robot_ws/install/rplidar_ros/share/rplidar_ros/hook/cmake_prefix_path.ps1'
[9.260s] INFO:colcon.colcon_core.shell:Creating environment descriptor '/home/ali/Differentional-robot/Differentional_robot_ws/install/rplidar_ros/share/rplidar_ros/hook/cmake_prefix_path.dsv'
[9.263s] INFO:colcon.colcon_core.shell:Creating environment hook '/home/ali/Differentional-robot/Differentional_robot_ws/install/rplidar_ros/share/rplidar_ros/hook/cmake_prefix_path.sh'
[9.267s] Level 1:colcon.colcon_core.environment:checking '/home/ali/Differentional-robot/Differentional_robot_ws/install/rplidar_ros/lib'
[9.268s] Level 1:colcon.colcon_core.environment:checking '/home/ali/Differentional-robot/Differentional_robot_ws/install/rplidar_ros/bin'
[9.270s] Level 1:colcon.colcon_core.environment:checking '/home/ali/Differentional-robot/Differentional_robot_ws/install/rplidar_ros/lib/pkgconfig/rplidar_ros.pc'
[9.276s] Level 1:colcon.colcon_core.environment:checking '/home/ali/Differentional-robot/Differentional_robot_ws/install/rplidar_ros/lib/python3.10/site-packages'
[9.279s] Level 1:colcon.colcon_core.environment:checking '/home/ali/Differentional-robot/Differentional_robot_ws/install/rplidar_ros/bin'
[9.280s] INFO:colcon.colcon_core.shell:Creating package script '/home/ali/Differentional-robot/Differentional_robot_ws/install/rplidar_ros/share/rplidar_ros/package.ps1'
[9.283s] INFO:colcon.colcon_core.shell:Creating package descriptor '/home/ali/Differentional-robot/Differentional_robot_ws/install/rplidar_ros/share/rplidar_ros/package.dsv'
[9.286s] INFO:colcon.colcon_core.shell:Creating package script '/home/ali/Differentional-robot/Differentional_robot_ws/install/rplidar_ros/share/rplidar_ros/package.sh'
[9.296s] INFO:colcon.colcon_core.shell:Creating package script '/home/ali/Differentional-robot/Differentional_robot_ws/install/rplidar_ros/share/rplidar_ros/package.bash'
[9.298s] INFO:colcon.colcon_core.shell:Creating package script '/home/ali/Differentional-robot/Differentional_robot_ws/install/rplidar_ros/share/rplidar_ros/package.zsh'
[9.300s] Level 1:colcon.colcon_core.environment:create_file_with_runtime_dependencies(/home/ali/Differentional-robot/Differentional_robot_ws/install/rplidar_ros/share/colcon-core/packages/rplidar_ros)
[9.304s] Level 1:colcon.colcon_core.environment:create_environment_scripts_only(rplidar_ros)
[9.305s] Level 1:colcon.colcon_core.environment:checking '/home/ali/Differentional-robot/Differentional_robot_ws/install/rplidar_ros' for CMake module files
[9.308s] Level 1:colcon.colcon_core.environment:checking '/home/ali/Differentional-robot/Differentional_robot_ws/install/rplidar_ros' for CMake config files
[9.309s] Level 1:colcon.colcon_core.shell:create_environment_hook('rplidar_ros', 'cmake_prefix_path')
[9.310s] INFO:colcon.colcon_core.shell:Creating environment hook '/home/ali/Differentional-robot/Differentional_robot_ws/install/rplidar_ros/share/rplidar_ros/hook/cmake_prefix_path.ps1'
[9.312s] INFO:colcon.colcon_core.shell:Creating environment descriptor '/home/ali/Differentional-robot/Differentional_robot_ws/install/rplidar_ros/share/rplidar_ros/hook/cmake_prefix_path.dsv'
[9.313s] INFO:colcon.colcon_core.shell:Creating environment hook '/home/ali/Differentional-robot/Differentional_robot_ws/install/rplidar_ros/share/rplidar_ros/hook/cmake_prefix_path.sh'
[9.317s] Level 1:colcon.colcon_core.environment:checking '/home/ali/Differentional-robot/Differentional_robot_ws/install/rplidar_ros/lib'
[9.317s] Level 1:colcon.colcon_core.environment:checking '/home/ali/Differentional-robot/Differentional_robot_ws/install/rplidar_ros/bin'
[9.318s] Level 1:colcon.colcon_core.environment:checking '/home/ali/Differentional-robot/Differentional_robot_ws/install/rplidar_ros/lib/pkgconfig/rplidar_ros.pc'
[9.319s] Level 1:colcon.colcon_core.environment:checking '/home/ali/Differentional-robot/Differentional_robot_ws/install/rplidar_ros/lib/python3.10/site-packages'
[9.320s] Level 1:colcon.colcon_core.environment:checking '/home/ali/Differentional-robot/Differentional_robot_ws/install/rplidar_ros/bin'
[9.322s] INFO:colcon.colcon_core.shell:Creating package script '/home/ali/Differentional-robot/Differentional_robot_ws/install/rplidar_ros/share/rplidar_ros/package.ps1'
[9.326s] INFO:colcon.colcon_core.shell:Creating package descriptor '/home/ali/Differentional-robot/Differentional_robot_ws/install/rplidar_ros/share/rplidar_ros/package.dsv'
[9.332s] INFO:colcon.colcon_core.shell:Creating package script '/home/ali/Differentional-robot/Differentional_robot_ws/install/rplidar_ros/share/rplidar_ros/package.sh'
[9.334s] INFO:colcon.colcon_core.shell:Creating package script '/home/ali/Differentional-robot/Differentional_robot_ws/install/rplidar_ros/share/rplidar_ros/package.bash'
[9.337s] INFO:colcon.colcon_core.shell:Creating package script '/home/ali/Differentional-robot/Differentional_robot_ws/install/rplidar_ros/share/rplidar_ros/package.zsh'
[9.338s] Level 1:colcon.colcon_core.environment:create_file_with_runtime_dependencies(/home/ali/Differentional-robot/Differentional_robot_ws/install/rplidar_ros/share/colcon-core/packages/rplidar_ros)
[9.340s] DEBUG:colcon.colcon_parallel_executor.executor.parallel:closing loop
[9.342s] DEBUG:colcon.colcon_parallel_executor.executor.parallel:loop closed
[9.343s] DEBUG:colcon.colcon_parallel_executor.executor.parallel:run_until_complete finished with '0'
[9.343s] DEBUG:colcon.colcon_core.event_reactor:joining thread
[9.537s] INFO:colcon.colcon_core.plugin_system:Skipping extension 'colcon_notification.desktop_notification.notify_send': Could not find 'notify-send'
[9.538s] INFO:colcon.colcon_core.plugin_system:Skipping extension 'colcon_notification.desktop_notification.terminal_notifier': Not used on non-Darwin systems
[9.538s] INFO:colcon.colcon_core.plugin_system:Skipping extension 'colcon_notification.desktop_notification.win32': Not used on non-Windows systems
[9.539s] INFO:colcon.colcon_notification.desktop_notification:Sending desktop notification using 'notify2'
[9.539s] DEBUG:colcon.colcon_notification.desktop_notification.notify2:Failed to initialize notify2: org.freedesktop.DBus.Error.FileNotFound: Failed to connect to socket /run/user/1000/bus: No such file or directory
[9.540s] DEBUG:colcon.colcon_core.event_reactor:joined thread
[9.541s] INFO:colcon.colcon_core.shell:Creating prefix script '/home/ali/Differentional-robot/Differentional_robot_ws/install/local_setup.ps1'
[9.544s] INFO:colcon.colcon_core.shell:Creating prefix util module '/home/ali/Differentional-robot/Differentional_robot_ws/install/_local_setup_util_ps1.py'
[9.548s] INFO:colcon.colcon_core.shell:Creating prefix chain script '/home/ali/Differentional-robot/Differentional_robot_ws/install/setup.ps1'
[9.767s] INFO:colcon.colcon_core.shell:Creating prefix script '/home/ali/Differentional-robot/Differentional_robot_ws/install/local_setup.sh'
[9.770s] INFO:colcon.colcon_core.shell:Creating prefix util module '/home/ali/Differentional-robot/Differentional_robot_ws/install/_local_setup_util_sh.py'
[9.773s] INFO:colcon.colcon_core.shell:Creating prefix chain script '/home/ali/Differentional-robot/Differentional_robot_ws/install/setup.sh'
[10.014s] INFO:colcon.colcon_core.shell:Creating prefix script '/home/ali/Differentional-robot/Differentional_robot_ws/install/local_setup.bash'
[10.017s] INFO:colcon.colcon_core.shell:Creating prefix chain script '/home/ali/Differentional-robot/Differentional_robot_ws/install/setup.bash'
[10.167s] INFO:colcon.colcon_core.shell:Creating prefix script '/home/ali/Differentional-robot/Differentional_robot_ws/install/local_setup.zsh'
[10.170s] INFO:colcon.colcon_core.shell:Creating prefix chain script '/home/ali/Differentional-robot/Differentional_robot_ws/install/setup.zsh'
