[0.756s] Invoking command in '/home/ali/Differentional-robot/Differentional_robot_ws/build/rplidar_ros': CMAKE_PREFIX_PATH=${CMAKE_PREFIX_PATH}:/home/ali/perceptron_ws/install/perceptron_driver:/mnt/c/Users/HP/perceptron_ws/install/perceptron_driver:/opt/ros/humble /usr/bin/cmake --build /home/ali/Differentional-robot/Differentional_robot_ws/build/rplidar_ros -- -j4 -l4
[0.992s] [  5%] Built target rplidar_client
[1.018s] [ 52%] Built target rplidar_composition
[1.041s] [100%] Built target rplidar_node
[1.082s] Invoked command in '/home/ali/Differentional-robot/Differentional_robot_ws/build/rplidar_ros' returned '0': CMAKE_PREFIX_PATH=${CMAKE_PREFIX_PATH}:/home/ali/perceptron_ws/install/perceptron_driver:/mnt/c/Users/HP/perceptron_ws/install/perceptron_driver:/opt/ros/humble /usr/bin/cmake --build /home/ali/Differentional-robot/Differentional_robot_ws/build/rplidar_ros -- -j4 -l4
[1.119s] Invoking command in '/home/ali/Differentional-robot/Differentional_robot_ws/build/rplidar_ros': CMAKE_PREFIX_PATH=${CMAKE_PREFIX_PATH}:/home/ali/perceptron_ws/install/perceptron_driver:/mnt/c/Users/HP/perceptron_ws/install/perceptron_driver:/opt/ros/humble /usr/bin/cmake --install /home/ali/Differentional-robot/Differentional_robot_ws/build/rplidar_ros
[1.138s] -- Install configuration: ""
[1.140s] -- Execute custom install script
[1.141s] -- Up-to-date symlink: /home/ali/Differentional-robot/Differentional_robot_ws/install/rplidar_ros/share/rplidar_ros/launch/rplidar_a1_launch.py
[1.143s] -- Up-to-date symlink: /home/ali/Differentional-robot/Differentional_robot_ws/install/rplidar_ros/share/rplidar_ros/rviz/rplidar_ros.rviz
[1.145s] -- Up-to-date symlink: /home/ali/Differentional-robot/Differentional_robot_ws/install/rplidar_ros/lib/rplidar_ros/rplidar_node
[1.146s] -- Up-to-date symlink: /home/ali/Differentional-robot/Differentional_robot_ws/install/rplidar_ros/lib/rplidar_ros/rplidar_composition
[1.147s] -- Up-to-date symlink: /home/ali/Differentional-robot/Differentional_robot_ws/install/rplidar_ros/lib/rplidar_ros/rplidar_client
[1.149s] -- Up-to-date symlink: /home/ali/Differentional-robot/Differentional_robot_ws/install/rplidar_ros/share/ament_index/resource_index/package_run_dependencies/rplidar_ros
[1.151s] -- Up-to-date symlink: /home/ali/Differentional-robot/Differentional_robot_ws/install/rplidar_ros/share/ament_index/resource_index/parent_prefix_path/rplidar_ros
[1.152s] -- Up-to-date symlink: /home/ali/Differentional-robot/Differentional_robot_ws/install/rplidar_ros/share/rplidar_ros/environment/ament_prefix_path.sh
[1.153s] -- Up-to-date symlink: /home/ali/Differentional-robot/Differentional_robot_ws/install/rplidar_ros/share/rplidar_ros/environment/ament_prefix_path.dsv
[1.154s] -- Up-to-date symlink: /home/ali/Differentional-robot/Differentional_robot_ws/install/rplidar_ros/share/rplidar_ros/environment/path.sh
[1.155s] -- Up-to-date symlink: /home/ali/Differentional-robot/Differentional_robot_ws/install/rplidar_ros/share/rplidar_ros/environment/path.dsv
[1.156s] -- Up-to-date symlink: /home/ali/Differentional-robot/Differentional_robot_ws/install/rplidar_ros/share/rplidar_ros/local_setup.bash
[1.157s] -- Up-to-date symlink: /home/ali/Differentional-robot/Differentional_robot_ws/install/rplidar_ros/share/rplidar_ros/local_setup.sh
[1.158s] -- Up-to-date symlink: /home/ali/Differentional-robot/Differentional_robot_ws/install/rplidar_ros/share/rplidar_ros/local_setup.zsh
[1.158s] -- Up-to-date symlink: /home/ali/Differentional-robot/Differentional_robot_ws/install/rplidar_ros/share/rplidar_ros/local_setup.dsv
[1.158s] -- Symlinking: /home/ali/Differentional-robot/Differentional_robot_ws/install/rplidar_ros/share/rplidar_ros/package.dsv
[1.188s] -- Up-to-date symlink: /home/ali/Differentional-robot/Differentional_robot_ws/install/rplidar_ros/share/ament_index/resource_index/packages/rplidar_ros
[1.189s] -- Up-to-date symlink: /home/ali/Differentional-robot/Differentional_robot_ws/install/rplidar_ros/share/rplidar_ros/cmake/ament_cmake_export_dependencies-extras.cmake
[1.189s] -- Up-to-date symlink: /home/ali/Differentional-robot/Differentional_robot_ws/install/rplidar_ros/share/rplidar_ros/cmake/ament_cmake_export_include_directories-extras.cmake
[1.190s] -- Up-to-date symlink: /home/ali/Differentional-robot/Differentional_robot_ws/install/rplidar_ros/share/rplidar_ros/cmake/rplidar_rosConfig.cmake
[1.191s] -- Up-to-date symlink: /home/ali/Differentional-robot/Differentional_robot_ws/install/rplidar_ros/share/rplidar_ros/cmake/rplidar_rosConfig-version.cmake
[1.192s] -- Up-to-date symlink: /home/ali/Differentional-robot/Differentional_robot_ws/install/rplidar_ros/share/rplidar_ros/package.xml
[1.201s] Invoked command in '/home/ali/Differentional-robot/Differentional_robot_ws/build/rplidar_ros' returned '0': CMAKE_PREFIX_PATH=${CMAKE_PREFIX_PATH}:/home/ali/perceptron_ws/install/perceptron_driver:/mnt/c/Users/HP/perceptron_ws/install/perceptron_driver:/opt/ros/humble /usr/bin/cmake --install /home/ali/Differentional-robot/Differentional_robot_ws/build/rplidar_ros
